[0.111s] DEBUG:colcon:Command line arguments: ['/usr/bin/colcon', 'build']
[0.111s] DEBUG:colcon:Parsed command line arguments: Namespace(log_base=None, log_level=None, verb_name='build', build_base='build', install_base='install', merge_install=False, symlink_install=False, test_result_base=None, continue_on_error=False, executor='parallel', parallel_workers=20, event_handlers=None, ignore_user_meta=False, metas=['./colcon.meta'], base_paths=['.'], packages_ignore=None, packages_ignore_regex=None, paths=None, packages_up_to=None, packages_up_to_regex=None, packages_above=None, packages_above_and_dependencies=None, packages_above_depth=None, packages_select_by_dep=None, packages_skip_by_dep=None, packages_skip_up_to=None, packages_select_build_failed=False, packages_skip_build_finished=False, packages_select_test_failures=False, packages_skip_test_passed=False, packages_select=None, packages_skip=None, packages_select_regex=None, packages_skip_regex=None, packages_start=None, packages_end=None, allow_overriding=[], cmake_args=None, cmake_target=None, cmake_target_skip_unavailable=False, cmake_clean_cache=False, cmake_clean_first=False, cmake_force_configure=False, ament_cmake_args=None, catkin_cmake_args=None, catkin_skip_building_tests=False, verb_parser=<colcon_defaults.argument_parser.defaults.DefaultArgumentsDecorator object at 0x7f8f2909dc70>, verb_extension=<colcon_core.verb.build.BuildVerb object at 0x7f8f291c26c0>, main=<bound method BuildVerb.main of <colcon_core.verb.build.BuildVerb object at 0x7f8f291c26c0>>)
[0.133s] Level 1:colcon.colcon_core.package_discovery:discover_packages(colcon_meta) check parameters
[0.133s] Level 1:colcon.colcon_core.package_discovery:discover_packages(recursive) check parameters
[0.133s] Level 1:colcon.colcon_core.package_discovery:discover_packages(ignore) check parameters
[0.133s] Level 1:colcon.colcon_core.package_discovery:discover_packages(path) check parameters
[0.133s] Level 1:colcon.colcon_core.package_discovery:discover_packages(colcon_meta) discover
[0.133s] Level 1:colcon.colcon_core.package_discovery:discover_packages(recursive) discover
[0.133s] INFO:colcon.colcon_core.package_discovery:Crawling recursively for packages in '/home/fayez/ros2_ws'
[0.133s] Level 1:colcon.colcon_core.package_identification:_identify(.) by extensions ['ignore', 'ignore_ament_install']
[0.133s] Level 1:colcon.colcon_core.package_identification:_identify(.) by extension 'ignore'
[0.133s] Level 1:colcon.colcon_core.package_identification:_identify(.) by extension 'ignore_ament_install'
[0.133s] Level 1:colcon.colcon_core.package_identification:_identify(.) by extensions ['colcon_pkg']
[0.133s] Level 1:colcon.colcon_core.package_identification:_identify(.) by extension 'colcon_pkg'
[0.133s] Level 1:colcon.colcon_core.package_identification:_identify(.) by extensions ['colcon_meta']
[0.133s] Level 1:colcon.colcon_core.package_identification:_identify(.) by extension 'colcon_meta'
[0.133s] Level 1:colcon.colcon_core.package_identification:_identify(.) by extensions ['ros']
[0.133s] Level 1:colcon.colcon_core.package_identification:_identify(.) by extension 'ros'
[0.148s] Level 1:colcon.colcon_core.package_identification:_identify(.) by extensions ['cmake', 'python']
[0.148s] Level 1:colcon.colcon_core.package_identification:_identify(.) by extension 'cmake'
[0.148s] Level 1:colcon.colcon_core.package_identification:_identify(.) by extension 'python'
[0.148s] Level 1:colcon.colcon_core.package_identification:_identify(.) by extensions ['python_setup_py']
[0.148s] Level 1:colcon.colcon_core.package_identification:_identify(.) by extension 'python_setup_py'
[0.148s] Level 1:colcon.colcon_core.package_identification:_identify(build) by extensions ['ignore', 'ignore_ament_install']
[0.148s] Level 1:colcon.colcon_core.package_identification:_identify(build) by extension 'ignore'
[0.148s] Level 1:colcon.colcon_core.package_identification:_identify(build) ignored
[0.148s] Level 1:colcon.colcon_core.package_identification:_identify(install) by extensions ['ignore', 'ignore_ament_install']
[0.148s] Level 1:colcon.colcon_core.package_identification:_identify(install) by extension 'ignore'
[0.148s] Level 1:colcon.colcon_core.package_identification:_identify(install) ignored
[0.148s] Level 1:colcon.colcon_core.package_identification:_identify(log) by extensions ['ignore', 'ignore_ament_install']
[0.148s] Level 1:colcon.colcon_core.package_identification:_identify(log) by extension 'ignore'
[0.148s] Level 1:colcon.colcon_core.package_identification:_identify(log) ignored
[0.148s] Level 1:colcon.colcon_core.package_identification:_identify(src) by extensions ['ignore', 'ignore_ament_install']
[0.148s] Level 1:colcon.colcon_core.package_identification:_identify(src) by extension 'ignore'
[0.149s] Level 1:colcon.colcon_core.package_identification:_identify(src) by extension 'ignore_ament_install'
[0.149s] Level 1:colcon.colcon_core.package_identification:_identify(src) by extensions ['colcon_pkg']
[0.149s] Level 1:colcon.colcon_core.package_identification:_identify(src) by extension 'colcon_pkg'
[0.149s] Level 1:colcon.colcon_core.package_identification:_identify(src) by extensions ['colcon_meta']
[0.149s] Level 1:colcon.colcon_core.package_identification:_identify(src) by extension 'colcon_meta'
[0.149s] Level 1:colcon.colcon_core.package_identification:_identify(src) by extensions ['ros']
[0.149s] Level 1:colcon.colcon_core.package_identification:_identify(src) by extension 'ros'
[0.149s] Level 1:colcon.colcon_core.package_identification:_identify(src) by extensions ['cmake', 'python']
[0.149s] Level 1:colcon.colcon_core.package_identification:_identify(src) by extension 'cmake'
[0.149s] Level 1:colcon.colcon_core.package_identification:_identify(src) by extension 'python'
[0.149s] Level 1:colcon.colcon_core.package_identification:_identify(src) by extensions ['python_setup_py']
[0.149s] Level 1:colcon.colcon_core.package_identification:_identify(src) by extension 'python_setup_py'
[0.149s] Level 1:colcon.colcon_core.package_identification:_identify(src/pubsub_demo) by extensions ['ignore', 'ignore_ament_install']
[0.149s] Level 1:colcon.colcon_core.package_identification:_identify(src/pubsub_demo) by extension 'ignore'
[0.149s] Level 1:colcon.colcon_core.package_identification:_identify(src/pubsub_demo) by extension 'ignore_ament_install'
[0.149s] Level 1:colcon.colcon_core.package_identification:_identify(src/pubsub_demo) by extensions ['colcon_pkg']
[0.149s] Level 1:colcon.colcon_core.package_identification:_identify(src/pubsub_demo) by extension 'colcon_pkg'
[0.149s] Level 1:colcon.colcon_core.package_identification:_identify(src/pubsub_demo) by extensions ['colcon_meta']
[0.149s] Level 1:colcon.colcon_core.package_identification:_identify(src/pubsub_demo) by extension 'colcon_meta'
[0.149s] Level 1:colcon.colcon_core.package_identification:_identify(src/pubsub_demo) by extensions ['ros']
[0.149s] Level 1:colcon.colcon_core.package_identification:_identify(src/pubsub_demo) by extension 'ros'
[0.151s] DEBUG:colcon.colcon_core.package_identification:Package 'src/pubsub_demo' with type 'ros.ament_cmake' and name 'pubsub_demo'
[0.151s] Level 1:colcon.colcon_core.package_discovery:discover_packages(recursive) using defaults
[0.151s] Level 1:colcon.colcon_core.package_discovery:discover_packages(ignore) discover
[0.151s] Level 1:colcon.colcon_core.package_discovery:discover_packages(ignore) using defaults
[0.151s] Level 1:colcon.colcon_core.package_discovery:discover_packages(path) discover
[0.151s] Level 1:colcon.colcon_core.package_discovery:discover_packages(path) using defaults
[0.161s] Level 1:colcon.colcon_core.package_discovery:discover_packages(prefix_path) check parameters
[0.161s] Level 1:colcon.colcon_core.package_discovery:discover_packages(prefix_path) discover
[0.162s] DEBUG:colcon.colcon_installed_package_information.package_discovery:Found 1 installed packages in /home/fayez/ros2_ws/install
[0.162s] DEBUG:colcon.colcon_installed_package_information.package_discovery:Found 286 installed packages in /opt/ros/rolling
[0.163s] Level 1:colcon.colcon_core.package_discovery:discover_packages(prefix_path) using defaults
[0.183s] Level 5:colcon.colcon_core.verb:set package 'pubsub_demo' build argument 'cmake_args' from command line to 'None'
[0.183s] Level 5:colcon.colcon_core.verb:set package 'pubsub_demo' build argument 'cmake_target' from command line to 'None'
[0.183s] Level 5:colcon.colcon_core.verb:set package 'pubsub_demo' build argument 'cmake_target_skip_unavailable' from command line to 'False'
[0.183s] Level 5:colcon.colcon_core.verb:set package 'pubsub_demo' build argument 'cmake_clean_cache' from command line to 'False'
[0.183s] Level 5:colcon.colcon_core.verb:set package 'pubsub_demo' build argument 'cmake_clean_first' from command line to 'False'
[0.183s] Level 5:colcon.colcon_core.verb:set package 'pubsub_demo' build argument 'cmake_force_configure' from command line to 'False'
[0.183s] Level 5:colcon.colcon_core.verb:set package 'pubsub_demo' build argument 'ament_cmake_args' from command line to 'None'
[0.183s] Level 5:colcon.colcon_core.verb:set package 'pubsub_demo' build argument 'catkin_cmake_args' from command line to 'None'
[0.183s] Level 5:colcon.colcon_core.verb:set package 'pubsub_demo' build argument 'catkin_skip_building_tests' from command line to 'False'
[0.183s] DEBUG:colcon.colcon_core.verb:Building package 'pubsub_demo' with the following arguments: {'ament_cmake_args': None, 'build_base': '/home/fayez/ros2_ws/build/pubsub_demo', 'catkin_cmake_args': None, 'catkin_skip_building_tests': False, 'cmake_args': None, 'cmake_clean_cache': False, 'cmake_clean_first': False, 'cmake_force_configure': False, 'cmake_target': None, 'cmake_target_skip_unavailable': False, 'install_base': '/home/fayez/ros2_ws/install/pubsub_demo', 'merge_install': False, 'path': '/home/fayez/ros2_ws/src/pubsub_demo', 'symlink_install': False, 'test_result_base': None}
[0.183s] INFO:colcon.colcon_core.executor:Executing jobs using 'parallel' executor
[0.184s] DEBUG:colcon.colcon_parallel_executor.executor.parallel:run_until_complete
[0.184s] INFO:colcon.colcon_ros.task.ament_cmake.build:Building ROS package in '/home/fayez/ros2_ws/src/pubsub_demo' with build type 'ament_cmake'
[0.184s] INFO:colcon.colcon_cmake.task.cmake.build:Building CMake package in '/home/fayez/ros2_ws/src/pubsub_demo'
[0.185s] INFO:colcon.colcon_core.plugin_system:Skipping extension 'colcon_core.shell.bat': Not used on non-Windows systems
[0.185s] INFO:colcon.colcon_core.shell:Skip shell extension 'powershell' for command environment: Not usable outside of PowerShell
[0.185s] DEBUG:colcon.colcon_core.shell:Skip shell extension 'dsv' for command environment
[0.191s] DEBUG:colcon.colcon_core.event_handler.log_command:Invoking command in '/home/fayez/ros2_ws/build/pubsub_demo': CMAKE_PREFIX_PATH=${CMAKE_PREFIX_PATH}:/home/fayez/ros2_ws/install/pubsub_demo:/opt/ros/rolling /usr/bin/cmake /home/fayez/ros2_ws/src/pubsub_demo -DCMAKE_INSTALL_PREFIX=/home/fayez/ros2_ws/install/pubsub_demo
[1.041s] DEBUG:colcon.colcon_core.event_handler.log_command:Invoked command in '/home/fayez/ros2_ws/build/pubsub_demo' returned '0': CMAKE_PREFIX_PATH=${CMAKE_PREFIX_PATH}:/home/fayez/ros2_ws/install/pubsub_demo:/opt/ros/rolling /usr/bin/cmake /home/fayez/ros2_ws/src/pubsub_demo -DCMAKE_INSTALL_PREFIX=/home/fayez/ros2_ws/install/pubsub_demo
[1.042s] DEBUG:colcon.colcon_core.event_handler.log_command:Invoking command in '/home/fayez/ros2_ws/build/pubsub_demo': CMAKE_PREFIX_PATH=${CMAKE_PREFIX_PATH}:/home/fayez/ros2_ws/install/pubsub_demo:/opt/ros/rolling /usr/bin/cmake --build /home/fayez/ros2_ws/build/pubsub_demo -- -j20 -l20
[3.190s] DEBUG:colcon.colcon_core.event_handler.log_command:Invoked command in '/home/fayez/ros2_ws/build/pubsub_demo' returned '0': CMAKE_PREFIX_PATH=${CMAKE_PREFIX_PATH}:/home/fayez/ros2_ws/install/pubsub_demo:/opt/ros/rolling /usr/bin/cmake --build /home/fayez/ros2_ws/build/pubsub_demo -- -j20 -l20
[3.195s] DEBUG:colcon.colcon_core.event_handler.log_command:Invoking command in '/home/fayez/ros2_ws/build/pubsub_demo': CMAKE_PREFIX_PATH=${CMAKE_PREFIX_PATH}:/home/fayez/ros2_ws/install/pubsub_demo:/opt/ros/rolling /usr/bin/cmake --install /home/fayez/ros2_ws/build/pubsub_demo
[3.246s] Level 1:colcon.colcon_core.environment:create_environment_scripts_only(pubsub_demo)
[3.247s] DEBUG:colcon.colcon_core.event_handler.log_command:Invoked command in '/home/fayez/ros2_ws/build/pubsub_demo' returned '0': CMAKE_PREFIX_PATH=${CMAKE_PREFIX_PATH}:/home/fayez/ros2_ws/install/pubsub_demo:/opt/ros/rolling /usr/bin/cmake --install /home/fayez/ros2_ws/build/pubsub_demo
[3.248s] Level 1:colcon.colcon_core.environment:checking '/home/fayez/ros2_ws/install/pubsub_demo' for CMake module files
[3.248s] Level 1:colcon.colcon_core.environment:checking '/home/fayez/ros2_ws/install/pubsub_demo' for CMake config files
[3.249s] Level 1:colcon.colcon_core.shell:create_environment_hook('pubsub_demo', 'cmake_prefix_path')
[3.249s] INFO:colcon.colcon_core.shell:Creating environment hook '/home/fayez/ros2_ws/install/pubsub_demo/share/pubsub_demo/hook/cmake_prefix_path.ps1'
[3.249s] INFO:colcon.colcon_core.shell:Creating environment descriptor '/home/fayez/ros2_ws/install/pubsub_demo/share/pubsub_demo/hook/cmake_prefix_path.dsv'
[3.250s] INFO:colcon.colcon_core.shell:Creating environment hook '/home/fayez/ros2_ws/install/pubsub_demo/share/pubsub_demo/hook/cmake_prefix_path.sh'
[3.251s] Level 1:colcon.colcon_core.environment:checking '/home/fayez/ros2_ws/install/pubsub_demo/lib'
[3.251s] Level 1:colcon.colcon_core.shell:create_environment_hook('pubsub_demo', 'ld_library_path_lib')
[3.251s] INFO:colcon.colcon_core.shell:Creating environment hook '/home/fayez/ros2_ws/install/pubsub_demo/share/pubsub_demo/hook/ld_library_path_lib.ps1'
[3.251s] INFO:colcon.colcon_core.shell:Creating environment descriptor '/home/fayez/ros2_ws/install/pubsub_demo/share/pubsub_demo/hook/ld_library_path_lib.dsv'
[3.251s] INFO:colcon.colcon_core.shell:Creating environment hook '/home/fayez/ros2_ws/install/pubsub_demo/share/pubsub_demo/hook/ld_library_path_lib.sh'
[3.251s] Level 1:colcon.colcon_core.environment:checking '/home/fayez/ros2_ws/install/pubsub_demo/bin'
[3.251s] Level 1:colcon.colcon_core.environment:checking '/home/fayez/ros2_ws/install/pubsub_demo/lib/pkgconfig/pubsub_demo.pc'
[3.251s] Level 1:colcon.colcon_core.environment:checking '/home/fayez/ros2_ws/install/pubsub_demo/lib/python3.12/site-packages'
[3.252s] Level 1:colcon.colcon_core.shell:create_environment_hook('pubsub_demo', 'pythonpath')
[3.252s] INFO:colcon.colcon_core.shell:Creating environment hook '/home/fayez/ros2_ws/install/pubsub_demo/share/pubsub_demo/hook/pythonpath.ps1'
[3.252s] INFO:colcon.colcon_core.shell:Creating environment descriptor '/home/fayez/ros2_ws/install/pubsub_demo/share/pubsub_demo/hook/pythonpath.dsv'
[3.252s] INFO:colcon.colcon_core.shell:Creating environment hook '/home/fayez/ros2_ws/install/pubsub_demo/share/pubsub_demo/hook/pythonpath.sh'
[3.252s] Level 1:colcon.colcon_core.environment:checking '/home/fayez/ros2_ws/install/pubsub_demo/bin'
[3.252s] INFO:colcon.colcon_core.shell:Creating package script '/home/fayez/ros2_ws/install/pubsub_demo/share/pubsub_demo/package.ps1'
[3.253s] INFO:colcon.colcon_core.shell:Creating package descriptor '/home/fayez/ros2_ws/install/pubsub_demo/share/pubsub_demo/package.dsv'
[3.253s] INFO:colcon.colcon_core.shell:Creating package script '/home/fayez/ros2_ws/install/pubsub_demo/share/pubsub_demo/package.sh'
[3.253s] INFO:colcon.colcon_core.shell:Creating package script '/home/fayez/ros2_ws/install/pubsub_demo/share/pubsub_demo/package.bash'
[3.254s] INFO:colcon.colcon_core.shell:Creating package script '/home/fayez/ros2_ws/install/pubsub_demo/share/pubsub_demo/package.zsh'
[3.254s] Level 1:colcon.colcon_core.environment:create_file_with_runtime_dependencies(/home/fayez/ros2_ws/install/pubsub_demo/share/colcon-core/packages/pubsub_demo)
[3.254s] Level 1:colcon.colcon_core.environment:create_environment_scripts_only(pubsub_demo)
[3.254s] Level 1:colcon.colcon_core.environment:checking '/home/fayez/ros2_ws/install/pubsub_demo' for CMake module files
[3.255s] Level 1:colcon.colcon_core.environment:checking '/home/fayez/ros2_ws/install/pubsub_demo' for CMake config files
[3.255s] Level 1:colcon.colcon_core.shell:create_environment_hook('pubsub_demo', 'cmake_prefix_path')
[3.255s] INFO:colcon.colcon_core.shell:Creating environment hook '/home/fayez/ros2_ws/install/pubsub_demo/share/pubsub_demo/hook/cmake_prefix_path.ps1'
[3.255s] INFO:colcon.colcon_core.shell:Creating environment descriptor '/home/fayez/ros2_ws/install/pubsub_demo/share/pubsub_demo/hook/cmake_prefix_path.dsv'
[3.255s] INFO:colcon.colcon_core.shell:Creating environment hook '/home/fayez/ros2_ws/install/pubsub_demo/share/pubsub_demo/hook/cmake_prefix_path.sh'
[3.256s] Level 1:colcon.colcon_core.environment:checking '/home/fayez/ros2_ws/install/pubsub_demo/lib'
[3.256s] Level 1:colcon.colcon_core.shell:create_environment_hook('pubsub_demo', 'ld_library_path_lib')
[3.256s] INFO:colcon.colcon_core.shell:Creating environment hook '/home/fayez/ros2_ws/install/pubsub_demo/share/pubsub_demo/hook/ld_library_path_lib.ps1'
[3.256s] INFO:colcon.colcon_core.shell:Creating environment descriptor '/home/fayez/ros2_ws/install/pubsub_demo/share/pubsub_demo/hook/ld_library_path_lib.dsv'
[3.256s] INFO:colcon.colcon_core.shell:Creating environment hook '/home/fayez/ros2_ws/install/pubsub_demo/share/pubsub_demo/hook/ld_library_path_lib.sh'
[3.256s] Level 1:colcon.colcon_core.environment:checking '/home/fayez/ros2_ws/install/pubsub_demo/bin'
[3.257s] Level 1:colcon.colcon_core.environment:checking '/home/fayez/ros2_ws/install/pubsub_demo/lib/pkgconfig/pubsub_demo.pc'
[3.257s] Level 1:colcon.colcon_core.environment:checking '/home/fayez/ros2_ws/install/pubsub_demo/lib/python3.12/site-packages'
[3.257s] Level 1:colcon.colcon_core.shell:create_environment_hook('pubsub_demo', 'pythonpath')
[3.257s] INFO:colcon.colcon_core.shell:Creating environment hook '/home/fayez/ros2_ws/install/pubsub_demo/share/pubsub_demo/hook/pythonpath.ps1'
[3.257s] INFO:colcon.colcon_core.shell:Creating environment descriptor '/home/fayez/ros2_ws/install/pubsub_demo/share/pubsub_demo/hook/pythonpath.dsv'
[3.257s] INFO:colcon.colcon_core.shell:Creating environment hook '/home/fayez/ros2_ws/install/pubsub_demo/share/pubsub_demo/hook/pythonpath.sh'
[3.257s] Level 1:colcon.colcon_core.environment:checking '/home/fayez/ros2_ws/install/pubsub_demo/bin'
[3.258s] INFO:colcon.colcon_core.shell:Creating package script '/home/fayez/ros2_ws/install/pubsub_demo/share/pubsub_demo/package.ps1'
[3.258s] INFO:colcon.colcon_core.shell:Creating package descriptor '/home/fayez/ros2_ws/install/pubsub_demo/share/pubsub_demo/package.dsv'
[3.258s] INFO:colcon.colcon_core.shell:Creating package script '/home/fayez/ros2_ws/install/pubsub_demo/share/pubsub_demo/package.sh'
[3.258s] INFO:colcon.colcon_core.shell:Creating package script '/home/fayez/ros2_ws/install/pubsub_demo/share/pubsub_demo/package.bash'
[3.259s] INFO:colcon.colcon_core.shell:Creating package script '/home/fayez/ros2_ws/install/pubsub_demo/share/pubsub_demo/package.zsh'
[3.259s] Level 1:colcon.colcon_core.environment:create_file_with_runtime_dependencies(/home/fayez/ros2_ws/install/pubsub_demo/share/colcon-core/packages/pubsub_demo)
[3.259s] DEBUG:colcon.colcon_parallel_executor.executor.parallel:closing loop
[3.259s] DEBUG:colcon.colcon_parallel_executor.executor.parallel:loop closed
[3.260s] DEBUG:colcon.colcon_parallel_executor.executor.parallel:run_until_complete finished with '0'
[3.260s] DEBUG:colcon.colcon_core.event_reactor:joining thread
[3.263s] INFO:colcon.colcon_core.plugin_system:Skipping extension 'colcon_notification.desktop_notification.terminal_notifier': Not used on non-Darwin systems
[3.263s] INFO:colcon.colcon_core.plugin_system:Skipping extension 'colcon_notification.desktop_notification.win32': Not used on non-Windows systems
[3.263s] INFO:colcon.colcon_notification.desktop_notification:Sending desktop notification using 'notify2'
[3.263s] DEBUG:colcon.colcon_notification.desktop_notification.notify2:Failed to initialize notify2: org.freedesktop.DBus.Error.ServiceUnknown: The name org.freedesktop.Notifications was not provided by any .service files
[3.264s] DEBUG:colcon.colcon_core.event_reactor:joined thread
[3.264s] INFO:colcon.colcon_core.shell:Creating prefix script '/home/fayez/ros2_ws/install/local_setup.ps1'
[3.264s] INFO:colcon.colcon_core.shell:Creating prefix util module '/home/fayez/ros2_ws/install/_local_setup_util_ps1.py'
[3.265s] INFO:colcon.colcon_core.shell:Creating prefix chain script '/home/fayez/ros2_ws/install/setup.ps1'
[3.265s] INFO:colcon.colcon_core.shell:Creating prefix script '/home/fayez/ros2_ws/install/local_setup.sh'
[3.265s] INFO:colcon.colcon_core.shell:Creating prefix util module '/home/fayez/ros2_ws/install/_local_setup_util_sh.py'
[3.265s] INFO:colcon.colcon_core.shell:Creating prefix chain script '/home/fayez/ros2_ws/install/setup.sh'
[3.266s] INFO:colcon.colcon_core.shell:Creating prefix script '/home/fayez/ros2_ws/install/local_setup.bash'
[3.266s] INFO:colcon.colcon_core.shell:Creating prefix chain script '/home/fayez/ros2_ws/install/setup.bash'
[3.267s] INFO:colcon.colcon_core.shell:Creating prefix script '/home/fayez/ros2_ws/install/local_setup.zsh'
[3.267s] INFO:colcon.colcon_core.shell:Creating prefix chain script '/home/fayez/ros2_ws/install/setup.zsh'
