-- Found ament_cmake: 2.7.2 (/opt/ros/rolling/share/ament_cmake/cmake)
-- Found Python3: /home/fayez/gsoc/beaglemind-cli/.venv/bin/python3 (found version "3.12.3") found components: Interpreter 
-- Found rclpy: 9.0.0 (/opt/ros/rolling/share/rclpy/cmake)
-- Found std_msgs: 5.5.0 (/opt/ros/rolling/share/std_msgs/cmake)
-- Found rosidl_generator_c: 4.9.3 (/opt/ros/rolling/share/rosidl_generator_c/cmake)
-- Found rosidl_generator_cpp: 4.9.3 (/opt/ros/rolling/share/rosidl_generator_cpp/cmake)
-- Using all available rosidl_typesupport_c: rosidl_typesupport_fastrtps_c;rosidl_typesupport_introspection_c
-- Using all available rosidl_typesupport_cpp: rosidl_typesupport_fastrtps_cpp;rosidl_typesupport_introspection_cpp
-- Found rosidl_default_generators: 1.7.1 (/opt/ros/rolling/share/rosidl_default_generators/cmake)
-- Found rosidl_adapter: 4.9.3 (/opt/ros/rolling/share/rosidl_adapter/cmake)
-- Found ament_cmake_ros: 0.14.0 (/opt/ros/rolling/share/ament_cmake_ros/cmake)
-- Using all available rosidl_typesupport_c: rosidl_typesupport_fastrtps_c;rosidl_typesupport_introspection_c
-- Using all available rosidl_typesupport_cpp: rosidl_typesupport_fastrtps_cpp;rosidl_typesupport_introspection_cpp
-- Found Python3: /home/fayez/gsoc/beaglemind-cli/.venv/bin/python3 (found version "3.12.3") found components: Interpreter Development NumPy Development.Module Development.Embed 
[31mCMake Error at /opt/ros/rolling/share/ament_cmake_python/cmake/ament_python_install_package.cmake:122 (add_custom_target):
  add_custom_target cannot create target
  "ament_cmake_python_copy_pubsub_demo" because another target with the same
  name already exists.  The existing target is a custom target created in
  source directory "/home/fayez/ros2_ws/src/pubsub_demo".  See documentation
  for policy CMP0002 for more details.
Call Stack (most recent call first):
  /opt/ros/rolling/share/ament_cmake_python/cmake/ament_python_install_package.cmake:39 (_ament_cmake_python_install_package)
  CMakeLists.txt:23 (ament_python_install_package)

[0m
[31mCMake Error at /opt/ros/rolling/share/ament_cmake_python/cmake/ament_python_install_package.cmake:144 (add_custom_target):
  add_custom_target cannot create target
  "ament_cmake_python_build_pubsub_demo_egg" because another target with the
  same name already exists.  The existing target is a custom target created
  in source directory "/home/fayez/ros2_ws/src/pubsub_demo".  See
  documentation for policy CMP0002 for more details.
Call Stack (most recent call first):
  /opt/ros/rolling/share/ament_cmake_python/cmake/ament_python_install_package.cmake:39 (_ament_cmake_python_install_package)
  CMakeLists.txt:23 (ament_python_install_package)

[0m
-- Found ament_lint_auto: 0.19.1 (/opt/ros/rolling/share/ament_lint_auto/cmake)
-- Added test 'copyright' to check source files copyright and LICENSE
-- Added test 'flake8' to check Python code syntax and style conventions
-- Configured 'flake8' exclude dirs and/or files: 
-- Added test 'lint_cmake' to check CMake code style
-- Added test 'pep257' to check Python code against some of the docstring style conventions in PEP 257
-- Added test 'xmllint' to check XML markup files
-- Configuring incomplete, errors occurred!
