[0.012s] Invoking command in '/home/fayez/ros2_ws/build/pubsub_demo': CMAKE_PREFIX_PATH=${CMAKE_PREFIX_PATH}:/home/fayez/ros2_ws/install/pubsub_demo:/opt/ros/rolling /usr/bin/cmake /home/fayez/ros2_ws/src/pubsub_demo -DCMAKE_INSTALL_PREFIX=/home/fayez/ros2_ws/install/pubsub_demo
[0.097s] -- Found ament_cmake: 2.7.2 (/opt/ros/rolling/share/ament_cmake/cmake)
[0.116s] -- Found Python3: /home/fayez/gsoc/beaglemind-cli/.venv/bin/python3 (found version "3.12.3") found components: Interpreter 
[0.193s] -- Found rclpy: 9.0.0 (/opt/ros/rolling/share/rclpy/cmake)
[0.193s] -- Found std_msgs: 5.5.0 (/opt/ros/rolling/share/std_msgs/cmake)
[0.285s] -- Found rosidl_generator_c: 4.9.3 (/opt/ros/rolling/share/rosidl_generator_c/cmake)
[0.295s] -- Found rosidl_generator_cpp: 4.9.3 (/opt/ros/rolling/share/rosidl_generator_cpp/cmake)
[0.308s] -- Using all available rosidl_typesupport_c: rosidl_typesupport_fastrtps_c;rosidl_typesupport_introspection_c
[0.321s] -- Using all available rosidl_typesupport_cpp: rosidl_typesupport_fastrtps_cpp;rosidl_typesupport_introspection_cpp
[0.350s] -- Found rosidl_default_generators: 1.7.1 (/opt/ros/rolling/share/rosidl_default_generators/cmake)
[0.357s] -- Found rosidl_adapter: 4.9.3 (/opt/ros/rolling/share/rosidl_adapter/cmake)
[0.568s] -- Found ament_cmake_ros: 0.14.0 (/opt/ros/rolling/share/ament_cmake_ros/cmake)
[0.692s] -- Using all available rosidl_typesupport_c: rosidl_typesupport_fastrtps_c;rosidl_typesupport_introspection_c
[0.736s] -- Using all available rosidl_typesupport_cpp: rosidl_typesupport_fastrtps_cpp;rosidl_typesupport_introspection_cpp
[1.136s] -- Found Python3: /home/fayez/gsoc/beaglemind-cli/.venv/bin/python3 (found version "3.12.3") found components: Interpreter Development NumPy Development.Module Development.Embed 
[1.151s] [31mCMake Error at /opt/ros/rolling/share/ament_cmake_python/cmake/ament_python_install_package.cmake:122 (add_custom_target):
[1.151s]   add_custom_target cannot create target
[1.151s]   "ament_cmake_python_copy_pubsub_demo" because another target with the same
[1.151s]   name already exists.  The existing target is a custom target created in
[1.151s]   source directory "/home/fayez/ros2_ws/src/pubsub_demo".  See documentation
[1.151s]   for policy CMP0002 for more details.
[1.151s] Call Stack (most recent call first):
[1.151s]   /opt/ros/rolling/share/ament_cmake_python/cmake/ament_python_install_package.cmake:39 (_ament_cmake_python_install_package)
[1.151s]   CMakeLists.txt:23 (ament_python_install_package)
[1.151s] 
[1.151s] [0m
[1.151s] [31mCMake Error at /opt/ros/rolling/share/ament_cmake_python/cmake/ament_python_install_package.cmake:144 (add_custom_target):
[1.151s]   add_custom_target cannot create target
[1.151s]   "ament_cmake_python_build_pubsub_demo_egg" because another target with the
[1.152s]   same name already exists.  The existing target is a custom target created
[1.152s]   in source directory "/home/fayez/ros2_ws/src/pubsub_demo".  See
[1.152s]   documentation for policy CMP0002 for more details.
[1.152s] Call Stack (most recent call first):
[1.152s]   /opt/ros/rolling/share/ament_cmake_python/cmake/ament_python_install_package.cmake:39 (_ament_cmake_python_install_package)
[1.152s]   CMakeLists.txt:23 (ament_python_install_package)
[1.152s] 
[1.152s] [0m
[1.155s] -- Found ament_lint_auto: 0.19.1 (/opt/ros/rolling/share/ament_lint_auto/cmake)
[1.182s] -- Added test 'copyright' to check source files copyright and LICENSE
[1.186s] -- Added test 'flake8' to check Python code syntax and style conventions
[1.186s] -- Configured 'flake8' exclude dirs and/or files: 
[1.187s] -- Added test 'lint_cmake' to check CMake code style
[1.188s] -- Added test 'pep257' to check Python code against some of the docstring style conventions in PEP 257
[1.189s] -- Added test 'xmllint' to check XML markup files
[1.193s] -- Configuring incomplete, errors occurred!
[1.203s] Invoked command in '/home/fayez/ros2_ws/build/pubsub_demo' returned '1': CMAKE_PREFIX_PATH=${CMAKE_PREFIX_PATH}:/home/fayez/ros2_ws/install/pubsub_demo:/opt/ros/rolling /usr/bin/cmake /home/fayez/ros2_ws/src/pubsub_demo -DCMAKE_INSTALL_PREFIX=/home/fayez/ros2_ws/install/pubsub_demo
