[  2%] Built target pubsub_demo__rosidl_generator_type_description
[  4%] Built target pubsub_demo__cpp
[  4%] Built target ament_cmake_python_copy_pubsub_demo
[ 22%] Built target pubsub_demo__rosidl_generator_c
[ 31%] Built target pubsub_demo__rosidl_typesupport_c
[ 40%] Built target pubsub_demo__rosidl_typesupport_introspection_c
[ 50%] Built target pubsub_demo__rosidl_typesupport_introspection_cpp
[ 59%] Built target pubsub_demo__rosidl_typesupport_cpp
[ 68%] Built target pubsub_demo__rosidl_typesupport_fastrtps_cpp
[ 77%] Built target pubsub_demo__rosidl_typesupport_fastrtps_c
[ 77%] Built target pubsub_demo
[ 79%] Built target pubsub_demo__py
[ 86%] Built target pubsub_demo__rosidl_generator_py
[ 90%] Built target pubsub_demo_s__rosidl_typesupport_fastrtps_c
[ 95%] Built target pubsub_demo_s__rosidl_typesupport_introspection_c
[100%] Built target pubsub_demo_s__rosidl_typesupport_c
running egg_info
writing pubsub_demo.egg-info/PKG-INFO
writing dependency_links to pubsub_demo.egg-info/dependency_links.txt
writing top-level names to pubsub_demo.egg-info/top_level.txt
reading manifest file 'pubsub_demo.egg-info/SOURCES.txt'
writing manifest file 'pubsub_demo.egg-info/SOURCES.txt'
[100%] Built target ament_cmake_python_build_pubsub_demo_egg
-- Install configuration: ""
-- Up-to-date: /home/fayez/ros2_ws/install/pubsub_demo/share/ament_index/resource_index/rosidl_interfaces/pubsub_demo
-- Up-to-date: /home/fayez/ros2_ws/install/pubsub_demo/share/pubsub_demo/msg/CustomMessage.json
-- Up-to-date: /home/fayez/ros2_ws/install/pubsub_demo/share/pubsub_demo/srv/CustomService.json
-- Up-to-date: /home/fayez/ros2_ws/install/pubsub_demo/include/pubsub_demo/pubsub_demo
-- Up-to-date: /home/fayez/ros2_ws/install/pubsub_demo/include/pubsub_demo/pubsub_demo/msg
-- Up-to-date: /home/fayez/ros2_ws/install/pubsub_demo/include/pubsub_demo/pubsub_demo/msg/rosidl_generator_c__visibility_control.h
-- Up-to-date: /home/fayez/ros2_ws/install/pubsub_demo/include/pubsub_demo/pubsub_demo/msg/detail
-- Up-to-date: /home/fayez/ros2_ws/install/pubsub_demo/include/pubsub_demo/pubsub_demo/msg/detail/custom_message__functions.h
-- Up-to-date: /home/fayez/ros2_ws/install/pubsub_demo/include/pubsub_demo/pubsub_demo/msg/detail/custom_message__functions.c
-- Up-to-date: /home/fayez/ros2_ws/install/pubsub_demo/include/pubsub_demo/pubsub_demo/msg/detail/custom_message__description.c
-- Up-to-date: /home/fayez/ros2_ws/install/pubsub_demo/include/pubsub_demo/pubsub_demo/msg/detail/custom_message__type_support.c
-- Up-to-date: /home/fayez/ros2_ws/install/pubsub_demo/include/pubsub_demo/pubsub_demo/msg/detail/custom_message__type_support.h
-- Up-to-date: /home/fayez/ros2_ws/install/pubsub_demo/include/pubsub_demo/pubsub_demo/msg/detail/custom_message__struct.h
-- Up-to-date: /home/fayez/ros2_ws/install/pubsub_demo/include/pubsub_demo/pubsub_demo/msg/custom_message.h
-- Up-to-date: /home/fayez/ros2_ws/install/pubsub_demo/include/pubsub_demo/pubsub_demo/srv
-- Up-to-date: /home/fayez/ros2_ws/install/pubsub_demo/include/pubsub_demo/pubsub_demo/srv/custom_service.h
-- Up-to-date: /home/fayez/ros2_ws/install/pubsub_demo/include/pubsub_demo/pubsub_demo/srv/detail
-- Up-to-date: /home/fayez/ros2_ws/install/pubsub_demo/include/pubsub_demo/pubsub_demo/srv/detail/custom_service__functions.c
-- Up-to-date: /home/fayez/ros2_ws/install/pubsub_demo/include/pubsub_demo/pubsub_demo/srv/detail/custom_service__type_support.h
-- Up-to-date: /home/fayez/ros2_ws/install/pubsub_demo/include/pubsub_demo/pubsub_demo/srv/detail/custom_service__type_support.c
-- Up-to-date: /home/fayez/ros2_ws/install/pubsub_demo/include/pubsub_demo/pubsub_demo/srv/detail/custom_service__functions.h
-- Up-to-date: /home/fayez/ros2_ws/install/pubsub_demo/include/pubsub_demo/pubsub_demo/srv/detail/custom_service__struct.h
-- Up-to-date: /home/fayez/ros2_ws/install/pubsub_demo/include/pubsub_demo/pubsub_demo/srv/detail/custom_service__description.c
-- Up-to-date: /home/fayez/ros2_ws/install/pubsub_demo/share/pubsub_demo/environment/library_path.sh
-- Up-to-date: /home/fayez/ros2_ws/install/pubsub_demo/share/pubsub_demo/environment/library_path.dsv
-- Up-to-date: /home/fayez/ros2_ws/install/pubsub_demo/lib/libpubsub_demo__rosidl_generator_c.so
-- Up-to-date: /home/fayez/ros2_ws/install/pubsub_demo/include/pubsub_demo/pubsub_demo
-- Up-to-date: /home/fayez/ros2_ws/install/pubsub_demo/include/pubsub_demo/pubsub_demo/msg
-- Up-to-date: /home/fayez/ros2_ws/install/pubsub_demo/include/pubsub_demo/pubsub_demo/msg/rosidl_typesupport_fastrtps_c__visibility_control.h
-- Up-to-date: /home/fayez/ros2_ws/install/pubsub_demo/include/pubsub_demo/pubsub_demo/msg/detail
-- Up-to-date: /home/fayez/ros2_ws/install/pubsub_demo/include/pubsub_demo/pubsub_demo/msg/detail/custom_message__rosidl_typesupport_fastrtps_c.h
-- Up-to-date: /home/fayez/ros2_ws/install/pubsub_demo/include/pubsub_demo/pubsub_demo/srv
-- Up-to-date: /home/fayez/ros2_ws/install/pubsub_demo/include/pubsub_demo/pubsub_demo/srv/detail
-- Up-to-date: /home/fayez/ros2_ws/install/pubsub_demo/include/pubsub_demo/pubsub_demo/srv/detail/custom_service__rosidl_typesupport_fastrtps_c.h
-- Up-to-date: /home/fayez/ros2_ws/install/pubsub_demo/lib/libpubsub_demo__rosidl_typesupport_fastrtps_c.so
-- Up-to-date: /home/fayez/ros2_ws/install/pubsub_demo/include/pubsub_demo/pubsub_demo
-- Up-to-date: /home/fayez/ros2_ws/install/pubsub_demo/include/pubsub_demo/pubsub_demo/msg
-- Up-to-date: /home/fayez/ros2_ws/install/pubsub_demo/include/pubsub_demo/pubsub_demo/msg/rosidl_generator_cpp__visibility_control.hpp
-- Up-to-date: /home/fayez/ros2_ws/install/pubsub_demo/include/pubsub_demo/pubsub_demo/msg/custom_message.hpp
-- Up-to-date: /home/fayez/ros2_ws/install/pubsub_demo/include/pubsub_demo/pubsub_demo/msg/detail
-- Up-to-date: /home/fayez/ros2_ws/install/pubsub_demo/include/pubsub_demo/pubsub_demo/msg/detail/custom_message__traits.hpp
-- Up-to-date: /home/fayez/ros2_ws/install/pubsub_demo/include/pubsub_demo/pubsub_demo/msg/detail/custom_message__struct.hpp
-- Up-to-date: /home/fayez/ros2_ws/install/pubsub_demo/include/pubsub_demo/pubsub_demo/msg/detail/custom_message__type_support.hpp
-- Up-to-date: /home/fayez/ros2_ws/install/pubsub_demo/include/pubsub_demo/pubsub_demo/msg/detail/custom_message__builder.hpp
-- Up-to-date: /home/fayez/ros2_ws/install/pubsub_demo/include/pubsub_demo/pubsub_demo/srv
-- Up-to-date: /home/fayez/ros2_ws/install/pubsub_demo/include/pubsub_demo/pubsub_demo/srv/detail
-- Up-to-date: /home/fayez/ros2_ws/install/pubsub_demo/include/pubsub_demo/pubsub_demo/srv/detail/custom_service__traits.hpp
-- Up-to-date: /home/fayez/ros2_ws/install/pubsub_demo/include/pubsub_demo/pubsub_demo/srv/detail/custom_service__builder.hpp
-- Up-to-date: /home/fayez/ros2_ws/install/pubsub_demo/include/pubsub_demo/pubsub_demo/srv/detail/custom_service__type_support.hpp
-- Up-to-date: /home/fayez/ros2_ws/install/pubsub_demo/include/pubsub_demo/pubsub_demo/srv/detail/custom_service__struct.hpp
-- Up-to-date: /home/fayez/ros2_ws/install/pubsub_demo/include/pubsub_demo/pubsub_demo/srv/custom_service.hpp
-- Up-to-date: /home/fayez/ros2_ws/install/pubsub_demo/include/pubsub_demo/pubsub_demo
-- Up-to-date: /home/fayez/ros2_ws/install/pubsub_demo/include/pubsub_demo/pubsub_demo/msg
-- Up-to-date: /home/fayez/ros2_ws/install/pubsub_demo/include/pubsub_demo/pubsub_demo/msg/rosidl_typesupport_fastrtps_cpp__visibility_control.h
-- Up-to-date: /home/fayez/ros2_ws/install/pubsub_demo/include/pubsub_demo/pubsub_demo/msg/detail
-- Up-to-date: /home/fayez/ros2_ws/install/pubsub_demo/include/pubsub_demo/pubsub_demo/msg/detail/custom_message__rosidl_typesupport_fastrtps_cpp.hpp
-- Up-to-date: /home/fayez/ros2_ws/install/pubsub_demo/include/pubsub_demo/pubsub_demo/msg/detail/dds_fastrtps
-- Up-to-date: /home/fayez/ros2_ws/install/pubsub_demo/include/pubsub_demo/pubsub_demo/srv
-- Up-to-date: /home/fayez/ros2_ws/install/pubsub_demo/include/pubsub_demo/pubsub_demo/srv/detail
-- Up-to-date: /home/fayez/ros2_ws/install/pubsub_demo/include/pubsub_demo/pubsub_demo/srv/detail/custom_service__rosidl_typesupport_fastrtps_cpp.hpp
-- Up-to-date: /home/fayez/ros2_ws/install/pubsub_demo/include/pubsub_demo/pubsub_demo/srv/detail/dds_fastrtps
-- Up-to-date: /home/fayez/ros2_ws/install/pubsub_demo/lib/libpubsub_demo__rosidl_typesupport_fastrtps_cpp.so
-- Up-to-date: /home/fayez/ros2_ws/install/pubsub_demo/include/pubsub_demo/pubsub_demo
-- Up-to-date: /home/fayez/ros2_ws/install/pubsub_demo/include/pubsub_demo/pubsub_demo/msg
-- Up-to-date: /home/fayez/ros2_ws/install/pubsub_demo/include/pubsub_demo/pubsub_demo/msg/rosidl_typesupport_introspection_c__visibility_control.h
-- Up-to-date: /home/fayez/ros2_ws/install/pubsub_demo/include/pubsub_demo/pubsub_demo/msg/detail
-- Up-to-date: /home/fayez/ros2_ws/install/pubsub_demo/include/pubsub_demo/pubsub_demo/msg/detail/custom_message__rosidl_typesupport_introspection_c.h
-- Up-to-date: /home/fayez/ros2_ws/install/pubsub_demo/include/pubsub_demo/pubsub_demo/msg/detail/custom_message__type_support.c
-- Up-to-date: /home/fayez/ros2_ws/install/pubsub_demo/include/pubsub_demo/pubsub_demo/srv
-- Up-to-date: /home/fayez/ros2_ws/install/pubsub_demo/include/pubsub_demo/pubsub_demo/srv/detail
-- Up-to-date: /home/fayez/ros2_ws/install/pubsub_demo/include/pubsub_demo/pubsub_demo/srv/detail/custom_service__rosidl_typesupport_introspection_c.h
-- Up-to-date: /home/fayez/ros2_ws/install/pubsub_demo/include/pubsub_demo/pubsub_demo/srv/detail/custom_service__type_support.c
-- Up-to-date: /home/fayez/ros2_ws/install/pubsub_demo/lib/libpubsub_demo__rosidl_typesupport_introspection_c.so
-- Up-to-date: /home/fayez/ros2_ws/install/pubsub_demo/lib/libpubsub_demo__rosidl_typesupport_c.so
-- Up-to-date: /home/fayez/ros2_ws/install/pubsub_demo/include/pubsub_demo/pubsub_demo
-- Up-to-date: /home/fayez/ros2_ws/install/pubsub_demo/include/pubsub_demo/pubsub_demo/msg
-- Up-to-date: /home/fayez/ros2_ws/install/pubsub_demo/include/pubsub_demo/pubsub_demo/msg/detail
-- Up-to-date: /home/fayez/ros2_ws/install/pubsub_demo/include/pubsub_demo/pubsub_demo/msg/detail/custom_message__rosidl_typesupport_introspection_cpp.hpp
-- Up-to-date: /home/fayez/ros2_ws/install/pubsub_demo/include/pubsub_demo/pubsub_demo/msg/detail/custom_message__type_support.cpp
-- Up-to-date: /home/fayez/ros2_ws/install/pubsub_demo/include/pubsub_demo/pubsub_demo/srv
-- Up-to-date: /home/fayez/ros2_ws/install/pubsub_demo/include/pubsub_demo/pubsub_demo/srv/detail
-- Up-to-date: /home/fayez/ros2_ws/install/pubsub_demo/include/pubsub_demo/pubsub_demo/srv/detail/custom_service__rosidl_typesupport_introspection_cpp.hpp
-- Up-to-date: /home/fayez/ros2_ws/install/pubsub_demo/include/pubsub_demo/pubsub_demo/srv/detail/custom_service__type_support.cpp
-- Up-to-date: /home/fayez/ros2_ws/install/pubsub_demo/lib/libpubsub_demo__rosidl_typesupport_introspection_cpp.so
-- Up-to-date: /home/fayez/ros2_ws/install/pubsub_demo/lib/libpubsub_demo__rosidl_typesupport_cpp.so
-- Up-to-date: /home/fayez/ros2_ws/install/pubsub_demo/share/pubsub_demo/environment/pythonpath.sh
-- Up-to-date: /home/fayez/ros2_ws/install/pubsub_demo/share/pubsub_demo/environment/pythonpath.dsv
-- Up-to-date: /home/fayez/ros2_ws/install/pubsub_demo/lib/python3.12/site-packages/pubsub_demo-0.0.1-py3.12.egg-info
-- Installing: /home/fayez/ros2_ws/install/pubsub_demo/lib/python3.12/site-packages/pubsub_demo-0.0.1-py3.12.egg-info/PKG-INFO
-- Installing: /home/fayez/ros2_ws/install/pubsub_demo/lib/python3.12/site-packages/pubsub_demo-0.0.1-py3.12.egg-info/dependency_links.txt
-- Installing: /home/fayez/ros2_ws/install/pubsub_demo/lib/python3.12/site-packages/pubsub_demo-0.0.1-py3.12.egg-info/top_level.txt
-- Installing: /home/fayez/ros2_ws/install/pubsub_demo/lib/python3.12/site-packages/pubsub_demo-0.0.1-py3.12.egg-info/SOURCES.txt
-- Up-to-date: /home/fayez/ros2_ws/install/pubsub_demo/lib/python3.12/site-packages/pubsub_demo
-- Up-to-date: /home/fayez/ros2_ws/install/pubsub_demo/lib/python3.12/site-packages/pubsub_demo/pubsub_demo_s__rosidl_typesupport_fastrtps_c.so
-- Up-to-date: /home/fayez/ros2_ws/install/pubsub_demo/lib/python3.12/site-packages/pubsub_demo/__init__.py
-- Up-to-date: /home/fayez/ros2_ws/install/pubsub_demo/lib/python3.12/site-packages/pubsub_demo/_pubsub_demo_s.ep.rosidl_typesupport_c.c
-- Up-to-date: /home/fayez/ros2_ws/install/pubsub_demo/lib/python3.12/site-packages/pubsub_demo/msg
-- Up-to-date: /home/fayez/ros2_ws/install/pubsub_demo/lib/python3.12/site-packages/pubsub_demo/msg/__init__.py
-- Up-to-date: /home/fayez/ros2_ws/install/pubsub_demo/lib/python3.12/site-packages/pubsub_demo/msg/_custom_message.py
-- Up-to-date: /home/fayez/ros2_ws/install/pubsub_demo/lib/python3.12/site-packages/pubsub_demo/msg/_custom_message_s.c
-- Up-to-date: /home/fayez/ros2_ws/install/pubsub_demo/lib/python3.12/site-packages/pubsub_demo/pubsub_demo_s__rosidl_typesupport_c.so
-- Up-to-date: /home/fayez/ros2_ws/install/pubsub_demo/lib/python3.12/site-packages/pubsub_demo/pubsub_demo_s__rosidl_typesupport_introspection_c.so
-- Up-to-date: /home/fayez/ros2_ws/install/pubsub_demo/lib/python3.12/site-packages/pubsub_demo/srv
-- Up-to-date: /home/fayez/ros2_ws/install/pubsub_demo/lib/python3.12/site-packages/pubsub_demo/srv/_custom_service_s.c
-- Up-to-date: /home/fayez/ros2_ws/install/pubsub_demo/lib/python3.12/site-packages/pubsub_demo/srv/__init__.py
-- Up-to-date: /home/fayez/ros2_ws/install/pubsub_demo/lib/python3.12/site-packages/pubsub_demo/srv/_custom_service.py
-- Up-to-date: /home/fayez/ros2_ws/install/pubsub_demo/lib/python3.12/site-packages/pubsub_demo/_pubsub_demo_s.ep.rosidl_typesupport_introspection_c.c
-- Up-to-date: /home/fayez/ros2_ws/install/pubsub_demo/lib/python3.12/site-packages/pubsub_demo/_pubsub_demo_s.ep.rosidl_typesupport_fastrtps_c.c
Listing '/home/fayez/ros2_ws/install/pubsub_demo/lib/python3.12/site-packages/pubsub_demo'...
Listing '/home/fayez/ros2_ws/install/pubsub_demo/lib/python3.12/site-packages/pubsub_demo/msg'...
Listing '/home/fayez/ros2_ws/install/pubsub_demo/lib/python3.12/site-packages/pubsub_demo/srv'...
-- Up-to-date: /home/fayez/ros2_ws/install/pubsub_demo/lib/python3.12/site-packages/pubsub_demo/pubsub_demo_s__rosidl_typesupport_fastrtps_c.so
-- Up-to-date: /home/fayez/ros2_ws/install/pubsub_demo/lib/python3.12/site-packages/pubsub_demo/pubsub_demo_s__rosidl_typesupport_introspection_c.so
-- Up-to-date: /home/fayez/ros2_ws/install/pubsub_demo/lib/python3.12/site-packages/pubsub_demo/pubsub_demo_s__rosidl_typesupport_c.so
-- Up-to-date: /home/fayez/ros2_ws/install/pubsub_demo/lib/libpubsub_demo__rosidl_generator_py.so
-- Up-to-date: /home/fayez/ros2_ws/install/pubsub_demo/share/pubsub_demo/msg/CustomMessage.idl
-- Up-to-date: /home/fayez/ros2_ws/install/pubsub_demo/share/pubsub_demo/srv/CustomService.idl
-- Up-to-date: /home/fayez/ros2_ws/install/pubsub_demo/share/pubsub_demo/msg/CustomMessage.msg
-- Up-to-date: /home/fayez/ros2_ws/install/pubsub_demo/share/pubsub_demo/srv/CustomService.srv
-- Up-to-date: /home/fayez/ros2_ws/install/pubsub_demo/lib/pubsub_demo/talker.py
-- Up-to-date: /home/fayez/ros2_ws/install/pubsub_demo/lib/pubsub_demo/listener.py
-- Up-to-date: /home/fayez/ros2_ws/install/pubsub_demo/lib/pubsub_demo/client.py
-- Up-to-date: /home/fayez/ros2_ws/install/pubsub_demo/lib/pubsub_demo/server.py
-- Up-to-date: /home/fayez/ros2_ws/install/pubsub_demo/share/pubsub_demo/
-- Up-to-date: /home/fayez/ros2_ws/install/pubsub_demo/share/pubsub_demo//pubsub_demo
-- Up-to-date: /home/fayez/ros2_ws/install/pubsub_demo/share/ament_index/resource_index/package_run_dependencies/pubsub_demo
-- Up-to-date: /home/fayez/ros2_ws/install/pubsub_demo/share/ament_index/resource_index/parent_prefix_path/pubsub_demo
-- Up-to-date: /home/fayez/ros2_ws/install/pubsub_demo/share/pubsub_demo/environment/ament_prefix_path.sh
-- Up-to-date: /home/fayez/ros2_ws/install/pubsub_demo/share/pubsub_demo/environment/ament_prefix_path.dsv
-- Up-to-date: /home/fayez/ros2_ws/install/pubsub_demo/share/pubsub_demo/environment/path.sh
-- Up-to-date: /home/fayez/ros2_ws/install/pubsub_demo/share/pubsub_demo/environment/path.dsv
-- Up-to-date: /home/fayez/ros2_ws/install/pubsub_demo/share/pubsub_demo/local_setup.bash
-- Up-to-date: /home/fayez/ros2_ws/install/pubsub_demo/share/pubsub_demo/local_setup.sh
-- Up-to-date: /home/fayez/ros2_ws/install/pubsub_demo/share/pubsub_demo/local_setup.zsh
-- Up-to-date: /home/fayez/ros2_ws/install/pubsub_demo/share/pubsub_demo/local_setup.dsv
-- Installing: /home/fayez/ros2_ws/install/pubsub_demo/share/pubsub_demo/package.dsv
-- Up-to-date: /home/fayez/ros2_ws/install/pubsub_demo/share/ament_index/resource_index/packages/pubsub_demo
-- Up-to-date: /home/fayez/ros2_ws/install/pubsub_demo/share/pubsub_demo/cmake/export_pubsub_demo__rosidl_generator_cExport.cmake
-- Up-to-date: /home/fayez/ros2_ws/install/pubsub_demo/share/pubsub_demo/cmake/export_pubsub_demo__rosidl_generator_cExport-noconfig.cmake
-- Up-to-date: /home/fayez/ros2_ws/install/pubsub_demo/share/pubsub_demo/cmake/export_pubsub_demo__rosidl_typesupport_fastrtps_cExport.cmake
-- Up-to-date: /home/fayez/ros2_ws/install/pubsub_demo/share/pubsub_demo/cmake/export_pubsub_demo__rosidl_typesupport_fastrtps_cExport-noconfig.cmake
-- Up-to-date: /home/fayez/ros2_ws/install/pubsub_demo/share/pubsub_demo/cmake/export_pubsub_demo__rosidl_generator_cppExport.cmake
-- Up-to-date: /home/fayez/ros2_ws/install/pubsub_demo/share/pubsub_demo/cmake/export_pubsub_demo__rosidl_typesupport_fastrtps_cppExport.cmake
-- Up-to-date: /home/fayez/ros2_ws/install/pubsub_demo/share/pubsub_demo/cmake/export_pubsub_demo__rosidl_typesupport_fastrtps_cppExport-noconfig.cmake
-- Up-to-date: /home/fayez/ros2_ws/install/pubsub_demo/share/pubsub_demo/cmake/pubsub_demo__rosidl_typesupport_introspection_cExport.cmake
-- Up-to-date: /home/fayez/ros2_ws/install/pubsub_demo/share/pubsub_demo/cmake/pubsub_demo__rosidl_typesupport_introspection_cExport-noconfig.cmake
-- Up-to-date: /home/fayez/ros2_ws/install/pubsub_demo/share/pubsub_demo/cmake/pubsub_demo__rosidl_typesupport_cExport.cmake
-- Up-to-date: /home/fayez/ros2_ws/install/pubsub_demo/share/pubsub_demo/cmake/pubsub_demo__rosidl_typesupport_cExport-noconfig.cmake
-- Up-to-date: /home/fayez/ros2_ws/install/pubsub_demo/share/pubsub_demo/cmake/pubsub_demo__rosidl_typesupport_introspection_cppExport.cmake
-- Up-to-date: /home/fayez/ros2_ws/install/pubsub_demo/share/pubsub_demo/cmake/pubsub_demo__rosidl_typesupport_introspection_cppExport-noconfig.cmake
-- Up-to-date: /home/fayez/ros2_ws/install/pubsub_demo/share/pubsub_demo/cmake/pubsub_demo__rosidl_typesupport_cppExport.cmake
-- Up-to-date: /home/fayez/ros2_ws/install/pubsub_demo/share/pubsub_demo/cmake/pubsub_demo__rosidl_typesupport_cppExport-noconfig.cmake
-- Up-to-date: /home/fayez/ros2_ws/install/pubsub_demo/share/pubsub_demo/cmake/export_pubsub_demo__rosidl_generator_pyExport.cmake
-- Up-to-date: /home/fayez/ros2_ws/install/pubsub_demo/share/pubsub_demo/cmake/export_pubsub_demo__rosidl_generator_pyExport-noconfig.cmake
-- Up-to-date: /home/fayez/ros2_ws/install/pubsub_demo/share/pubsub_demo/cmake/rosidl_cmake-extras.cmake
-- Up-to-date: /home/fayez/ros2_ws/install/pubsub_demo/share/pubsub_demo/cmake/ament_cmake_export_dependencies-extras.cmake
-- Up-to-date: /home/fayez/ros2_ws/install/pubsub_demo/share/pubsub_demo/cmake/ament_cmake_export_include_directories-extras.cmake
-- Up-to-date: /home/fayez/ros2_ws/install/pubsub_demo/share/pubsub_demo/cmake/ament_cmake_export_libraries-extras.cmake
-- Up-to-date: /home/fayez/ros2_ws/install/pubsub_demo/share/pubsub_demo/cmake/ament_cmake_export_targets-extras.cmake
-- Up-to-date: /home/fayez/ros2_ws/install/pubsub_demo/share/pubsub_demo/cmake/rosidl_cmake_export_typesupport_targets-extras.cmake
-- Up-to-date: /home/fayez/ros2_ws/install/pubsub_demo/share/pubsub_demo/cmake/rosidl_cmake_export_typesupport_libraries-extras.cmake
-- Up-to-date: /home/fayez/ros2_ws/install/pubsub_demo/share/pubsub_demo/cmake/pubsub_demoConfig.cmake
-- Up-to-date: /home/fayez/ros2_ws/install/pubsub_demo/share/pubsub_demo/cmake/pubsub_demoConfig-version.cmake
-- Up-to-date: /home/fayez/ros2_ws/install/pubsub_demo/share/pubsub_demo/package.xml
