[0.020s] Invoking command in '/home/fayez/ros2_ws/build/pubsub_demo': CMAKE_PREFIX_PATH=${CMAKE_PREFIX_PATH}:/opt/ros/rolling /usr/bin/cmake --build /home/fayez/ros2_ws/build/pubsub_demo -- -j20 -l20
[0.159s] [  2%] Built target pubsub_demo__rosidl_generator_type_description
[0.174s] [  4%] Built target pubsub_demo__cpp
[0.176s] [  4%] Built target ament_cmake_python_copy_pubsub_demo
[0.179s] [ 22%] Built target pubsub_demo__rosidl_generator_c
[0.201s] [ 31%] Built target pubsub_demo__rosidl_typesupport_c
[0.201s] [ 40%] Built target pubsub_demo__rosidl_typesupport_introspection_c
[0.202s] [ 50%] Built target pubsub_demo__rosidl_typesupport_introspection_cpp
[0.203s] [ 59%] Built target pubsub_demo__rosidl_typesupport_cpp
[0.205s] [ 68%] Built target pubsub_demo__rosidl_typesupport_fastrtps_cpp
[0.209s] [ 77%] Built target pubsub_demo__rosidl_typesupport_fastrtps_c
[0.222s] [ 77%] Built target pubsub_demo
[0.235s] [ 79%] Built target pubsub_demo__py
[0.253s] [ 86%] Built target pubsub_demo__rosidl_generator_py
[0.270s] [ 90%] Built target pubsub_demo_s__rosidl_typesupport_fastrtps_c
[0.270s] [ 95%] Built target pubsub_demo_s__rosidl_typesupport_introspection_c
[0.270s] [100%] Built target pubsub_demo_s__rosidl_typesupport_c
[0.410s] running egg_info
[0.419s] writing pubsub_demo.egg-info/PKG-INFO
[0.420s] writing dependency_links to pubsub_demo.egg-info/dependency_links.txt
[0.420s] writing top-level names to pubsub_demo.egg-info/top_level.txt
[0.447s] reading manifest file 'pubsub_demo.egg-info/SOURCES.txt'
[0.448s] writing manifest file 'pubsub_demo.egg-info/SOURCES.txt'
[0.467s] [100%] Built target ament_cmake_python_build_pubsub_demo_egg
[0.473s] Invoked command in '/home/fayez/ros2_ws/build/pubsub_demo' returned '0': CMAKE_PREFIX_PATH=${CMAKE_PREFIX_PATH}:/opt/ros/rolling /usr/bin/cmake --build /home/fayez/ros2_ws/build/pubsub_demo -- -j20 -l20
[0.481s] Invoking command in '/home/fayez/ros2_ws/build/pubsub_demo': CMAKE_PREFIX_PATH=${CMAKE_PREFIX_PATH}:/opt/ros/rolling /usr/bin/cmake --install /home/fayez/ros2_ws/build/pubsub_demo
[0.486s] -- Install configuration: ""
[0.487s] -- Up-to-date: /home/fayez/ros2_ws/install/pubsub_demo/share/ament_index/resource_index/rosidl_interfaces/pubsub_demo
[0.487s] -- Up-to-date: /home/fayez/ros2_ws/install/pubsub_demo/share/pubsub_demo/msg/CustomMessage.json
[0.487s] -- Up-to-date: /home/fayez/ros2_ws/install/pubsub_demo/share/pubsub_demo/srv/CustomService.json
[0.487s] -- Up-to-date: /home/fayez/ros2_ws/install/pubsub_demo/include/pubsub_demo/pubsub_demo
[0.487s] -- Up-to-date: /home/fayez/ros2_ws/install/pubsub_demo/include/pubsub_demo/pubsub_demo/msg
[0.488s] -- Up-to-date: /home/fayez/ros2_ws/install/pubsub_demo/include/pubsub_demo/pubsub_demo/msg/rosidl_generator_c__visibility_control.h
[0.488s] -- Up-to-date: /home/fayez/ros2_ws/install/pubsub_demo/include/pubsub_demo/pubsub_demo/msg/detail
[0.488s] -- Up-to-date: /home/fayez/ros2_ws/install/pubsub_demo/include/pubsub_demo/pubsub_demo/msg/detail/custom_message__functions.h
[0.488s] -- Up-to-date: /home/fayez/ros2_ws/install/pubsub_demo/include/pubsub_demo/pubsub_demo/msg/detail/custom_message__functions.c
[0.488s] -- Up-to-date: /home/fayez/ros2_ws/install/pubsub_demo/include/pubsub_demo/pubsub_demo/msg/detail/custom_message__description.c
[0.489s] -- Up-to-date: /home/fayez/ros2_ws/install/pubsub_demo/include/pubsub_demo/pubsub_demo/msg/detail/custom_message__type_support.c
[0.489s] -- Up-to-date: /home/fayez/ros2_ws/install/pubsub_demo/include/pubsub_demo/pubsub_demo/msg/detail/custom_message__type_support.h
[0.489s] -- Up-to-date: /home/fayez/ros2_ws/install/pubsub_demo/include/pubsub_demo/pubsub_demo/msg/detail/custom_message__struct.h
[0.489s] -- Up-to-date: /home/fayez/ros2_ws/install/pubsub_demo/include/pubsub_demo/pubsub_demo/msg/custom_message.h
[0.489s] -- Up-to-date: /home/fayez/ros2_ws/install/pubsub_demo/include/pubsub_demo/pubsub_demo/srv
[0.489s] -- Up-to-date: /home/fayez/ros2_ws/install/pubsub_demo/include/pubsub_demo/pubsub_demo/srv/custom_service.h
[0.489s] -- Up-to-date: /home/fayez/ros2_ws/install/pubsub_demo/include/pubsub_demo/pubsub_demo/srv/detail
[0.489s] -- Up-to-date: /home/fayez/ros2_ws/install/pubsub_demo/include/pubsub_demo/pubsub_demo/srv/detail/custom_service__functions.c
[0.489s] -- Up-to-date: /home/fayez/ros2_ws/install/pubsub_demo/include/pubsub_demo/pubsub_demo/srv/detail/custom_service__type_support.h
[0.490s] -- Up-to-date: /home/fayez/ros2_ws/install/pubsub_demo/include/pubsub_demo/pubsub_demo/srv/detail/custom_service__type_support.c
[0.490s] -- Up-to-date: /home/fayez/ros2_ws/install/pubsub_demo/include/pubsub_demo/pubsub_demo/srv/detail/custom_service__functions.h
[0.490s] -- Up-to-date: /home/fayez/ros2_ws/install/pubsub_demo/include/pubsub_demo/pubsub_demo/srv/detail/custom_service__struct.h
[0.490s] -- Up-to-date: /home/fayez/ros2_ws/install/pubsub_demo/include/pubsub_demo/pubsub_demo/srv/detail/custom_service__description.c
[0.490s] -- Up-to-date: /home/fayez/ros2_ws/install/pubsub_demo/share/pubsub_demo/environment/library_path.sh
[0.490s] -- Up-to-date: /home/fayez/ros2_ws/install/pubsub_demo/share/pubsub_demo/environment/library_path.dsv
[0.491s] -- Up-to-date: /home/fayez/ros2_ws/install/pubsub_demo/lib/libpubsub_demo__rosidl_generator_c.so
[0.491s] -- Up-to-date: /home/fayez/ros2_ws/install/pubsub_demo/include/pubsub_demo/pubsub_demo
[0.491s] -- Up-to-date: /home/fayez/ros2_ws/install/pubsub_demo/include/pubsub_demo/pubsub_demo/msg
[0.492s] -- Up-to-date: /home/fayez/ros2_ws/install/pubsub_demo/include/pubsub_demo/pubsub_demo/msg/rosidl_typesupport_fastrtps_c__visibility_control.h
[0.492s] -- Up-to-date: /home/fayez/ros2_ws/install/pubsub_demo/include/pubsub_demo/pubsub_demo/msg/detail
[0.492s] -- Up-to-date: /home/fayez/ros2_ws/install/pubsub_demo/include/pubsub_demo/pubsub_demo/msg/detail/custom_message__rosidl_typesupport_fastrtps_c.h
[0.492s] -- Up-to-date: /home/fayez/ros2_ws/install/pubsub_demo/include/pubsub_demo/pubsub_demo/srv
[0.492s] -- Up-to-date: /home/fayez/ros2_ws/install/pubsub_demo/include/pubsub_demo/pubsub_demo/srv/detail
[0.492s] -- Up-to-date: /home/fayez/ros2_ws/install/pubsub_demo/include/pubsub_demo/pubsub_demo/srv/detail/custom_service__rosidl_typesupport_fastrtps_c.h
[0.493s] -- Up-to-date: /home/fayez/ros2_ws/install/pubsub_demo/lib/libpubsub_demo__rosidl_typesupport_fastrtps_c.so
[0.493s] -- Up-to-date: /home/fayez/ros2_ws/install/pubsub_demo/include/pubsub_demo/pubsub_demo
[0.494s] -- Up-to-date: /home/fayez/ros2_ws/install/pubsub_demo/include/pubsub_demo/pubsub_demo/msg
[0.494s] -- Up-to-date: /home/fayez/ros2_ws/install/pubsub_demo/include/pubsub_demo/pubsub_demo/msg/rosidl_generator_cpp__visibility_control.hpp
[0.494s] -- Up-to-date: /home/fayez/ros2_ws/install/pubsub_demo/include/pubsub_demo/pubsub_demo/msg/custom_message.hpp
[0.494s] -- Up-to-date: /home/fayez/ros2_ws/install/pubsub_demo/include/pubsub_demo/pubsub_demo/msg/detail
[0.494s] -- Up-to-date: /home/fayez/ros2_ws/install/pubsub_demo/include/pubsub_demo/pubsub_demo/msg/detail/custom_message__traits.hpp
[0.494s] -- Up-to-date: /home/fayez/ros2_ws/install/pubsub_demo/include/pubsub_demo/pubsub_demo/msg/detail/custom_message__struct.hpp
[0.495s] -- Up-to-date: /home/fayez/ros2_ws/install/pubsub_demo/include/pubsub_demo/pubsub_demo/msg/detail/custom_message__type_support.hpp
[0.495s] -- Up-to-date: /home/fayez/ros2_ws/install/pubsub_demo/include/pubsub_demo/pubsub_demo/msg/detail/custom_message__builder.hpp
[0.495s] -- Up-to-date: /home/fayez/ros2_ws/install/pubsub_demo/include/pubsub_demo/pubsub_demo/srv
[0.495s] -- Up-to-date: /home/fayez/ros2_ws/install/pubsub_demo/include/pubsub_demo/pubsub_demo/srv/detail
[0.495s] -- Up-to-date: /home/fayez/ros2_ws/install/pubsub_demo/include/pubsub_demo/pubsub_demo/srv/detail/custom_service__traits.hpp
[0.495s] -- Up-to-date: /home/fayez/ros2_ws/install/pubsub_demo/include/pubsub_demo/pubsub_demo/srv/detail/custom_service__builder.hpp
[0.495s] -- Up-to-date: /home/fayez/ros2_ws/install/pubsub_demo/include/pubsub_demo/pubsub_demo/srv/detail/custom_service__type_support.hpp
[0.495s] -- Up-to-date: /home/fayez/ros2_ws/install/pubsub_demo/include/pubsub_demo/pubsub_demo/srv/detail/custom_service__struct.hpp
[0.495s] -- Up-to-date: /home/fayez/ros2_ws/install/pubsub_demo/include/pubsub_demo/pubsub_demo/srv/custom_service.hpp
[0.495s] -- Up-to-date: /home/fayez/ros2_ws/install/pubsub_demo/include/pubsub_demo/pubsub_demo
[0.496s] -- Up-to-date: /home/fayez/ros2_ws/install/pubsub_demo/include/pubsub_demo/pubsub_demo/msg
[0.496s] -- Up-to-date: /home/fayez/ros2_ws/install/pubsub_demo/include/pubsub_demo/pubsub_demo/msg/rosidl_typesupport_fastrtps_cpp__visibility_control.h
[0.496s] -- Up-to-date: /home/fayez/ros2_ws/install/pubsub_demo/include/pubsub_demo/pubsub_demo/msg/detail
[0.496s] -- Up-to-date: /home/fayez/ros2_ws/install/pubsub_demo/include/pubsub_demo/pubsub_demo/msg/detail/custom_message__rosidl_typesupport_fastrtps_cpp.hpp
[0.496s] -- Up-to-date: /home/fayez/ros2_ws/install/pubsub_demo/include/pubsub_demo/pubsub_demo/msg/detail/dds_fastrtps
[0.496s] -- Up-to-date: /home/fayez/ros2_ws/install/pubsub_demo/include/pubsub_demo/pubsub_demo/srv
[0.497s] -- Up-to-date: /home/fayez/ros2_ws/install/pubsub_demo/include/pubsub_demo/pubsub_demo/srv/detail
[0.497s] -- Up-to-date: /home/fayez/ros2_ws/install/pubsub_demo/include/pubsub_demo/pubsub_demo/srv/detail/custom_service__rosidl_typesupport_fastrtps_cpp.hpp
[0.497s] -- Up-to-date: /home/fayez/ros2_ws/install/pubsub_demo/include/pubsub_demo/pubsub_demo/srv/detail/dds_fastrtps
[0.498s] -- Up-to-date: /home/fayez/ros2_ws/install/pubsub_demo/lib/libpubsub_demo__rosidl_typesupport_fastrtps_cpp.so
[0.498s] -- Up-to-date: /home/fayez/ros2_ws/install/pubsub_demo/include/pubsub_demo/pubsub_demo
[0.498s] -- Up-to-date: /home/fayez/ros2_ws/install/pubsub_demo/include/pubsub_demo/pubsub_demo/msg
[0.499s] -- Up-to-date: /home/fayez/ros2_ws/install/pubsub_demo/include/pubsub_demo/pubsub_demo/msg/rosidl_typesupport_introspection_c__visibility_control.h
[0.499s] -- Up-to-date: /home/fayez/ros2_ws/install/pubsub_demo/include/pubsub_demo/pubsub_demo/msg/detail
[0.499s] -- Up-to-date: /home/fayez/ros2_ws/install/pubsub_demo/include/pubsub_demo/pubsub_demo/msg/detail/custom_message__rosidl_typesupport_introspection_c.h
[0.499s] -- Up-to-date: /home/fayez/ros2_ws/install/pubsub_demo/include/pubsub_demo/pubsub_demo/msg/detail/custom_message__type_support.c
[0.499s] -- Up-to-date: /home/fayez/ros2_ws/install/pubsub_demo/include/pubsub_demo/pubsub_demo/srv
[0.499s] -- Up-to-date: /home/fayez/ros2_ws/install/pubsub_demo/include/pubsub_demo/pubsub_demo/srv/detail
[0.499s] -- Up-to-date: /home/fayez/ros2_ws/install/pubsub_demo/include/pubsub_demo/pubsub_demo/srv/detail/custom_service__rosidl_typesupport_introspection_c.h
[0.499s] -- Up-to-date: /home/fayez/ros2_ws/install/pubsub_demo/include/pubsub_demo/pubsub_demo/srv/detail/custom_service__type_support.c
[0.500s] -- Up-to-date: /home/fayez/ros2_ws/install/pubsub_demo/lib/libpubsub_demo__rosidl_typesupport_introspection_c.so
[0.501s] -- Up-to-date: /home/fayez/ros2_ws/install/pubsub_demo/lib/libpubsub_demo__rosidl_typesupport_c.so
[0.501s] -- Up-to-date: /home/fayez/ros2_ws/install/pubsub_demo/include/pubsub_demo/pubsub_demo
[0.501s] -- Up-to-date: /home/fayez/ros2_ws/install/pubsub_demo/include/pubsub_demo/pubsub_demo/msg
[0.502s] -- Up-to-date: /home/fayez/ros2_ws/install/pubsub_demo/include/pubsub_demo/pubsub_demo/msg/detail
[0.502s] -- Up-to-date: /home/fayez/ros2_ws/install/pubsub_demo/include/pubsub_demo/pubsub_demo/msg/detail/custom_message__rosidl_typesupport_introspection_cpp.hpp
[0.502s] -- Up-to-date: /home/fayez/ros2_ws/install/pubsub_demo/include/pubsub_demo/pubsub_demo/msg/detail/custom_message__type_support.cpp
[0.502s] -- Up-to-date: /home/fayez/ros2_ws/install/pubsub_demo/include/pubsub_demo/pubsub_demo/srv
[0.502s] -- Up-to-date: /home/fayez/ros2_ws/install/pubsub_demo/include/pubsub_demo/pubsub_demo/srv/detail
[0.502s] -- Up-to-date: /home/fayez/ros2_ws/install/pubsub_demo/include/pubsub_demo/pubsub_demo/srv/detail/custom_service__rosidl_typesupport_introspection_cpp.hpp
[0.502s] -- Up-to-date: /home/fayez/ros2_ws/install/pubsub_demo/include/pubsub_demo/pubsub_demo/srv/detail/custom_service__type_support.cpp
[0.503s] -- Up-to-date: /home/fayez/ros2_ws/install/pubsub_demo/lib/libpubsub_demo__rosidl_typesupport_introspection_cpp.so
[0.504s] -- Up-to-date: /home/fayez/ros2_ws/install/pubsub_demo/lib/libpubsub_demo__rosidl_typesupport_cpp.so
[0.504s] -- Up-to-date: /home/fayez/ros2_ws/install/pubsub_demo/share/pubsub_demo/environment/pythonpath.sh
[0.504s] -- Up-to-date: /home/fayez/ros2_ws/install/pubsub_demo/share/pubsub_demo/environment/pythonpath.dsv
[0.504s] -- Up-to-date: /home/fayez/ros2_ws/install/pubsub_demo/lib/python3.12/site-packages/pubsub_demo-0.0.1-py3.12.egg-info
[0.504s] -- Installing: /home/fayez/ros2_ws/install/pubsub_demo/lib/python3.12/site-packages/pubsub_demo-0.0.1-py3.12.egg-info/PKG-INFO
[0.505s] -- Installing: /home/fayez/ros2_ws/install/pubsub_demo/lib/python3.12/site-packages/pubsub_demo-0.0.1-py3.12.egg-info/dependency_links.txt
[0.505s] -- Installing: /home/fayez/ros2_ws/install/pubsub_demo/lib/python3.12/site-packages/pubsub_demo-0.0.1-py3.12.egg-info/top_level.txt
[0.505s] -- Installing: /home/fayez/ros2_ws/install/pubsub_demo/lib/python3.12/site-packages/pubsub_demo-0.0.1-py3.12.egg-info/SOURCES.txt
[0.505s] -- Up-to-date: /home/fayez/ros2_ws/install/pubsub_demo/lib/python3.12/site-packages/pubsub_demo
[0.505s] -- Up-to-date: /home/fayez/ros2_ws/install/pubsub_demo/lib/python3.12/site-packages/pubsub_demo/pubsub_demo_s__rosidl_typesupport_fastrtps_c.so
[0.505s] -- Up-to-date: /home/fayez/ros2_ws/install/pubsub_demo/lib/python3.12/site-packages/pubsub_demo/__init__.py
[0.505s] -- Up-to-date: /home/fayez/ros2_ws/install/pubsub_demo/lib/python3.12/site-packages/pubsub_demo/_pubsub_demo_s.ep.rosidl_typesupport_c.c
[0.506s] -- Up-to-date: /home/fayez/ros2_ws/install/pubsub_demo/lib/python3.12/site-packages/pubsub_demo/msg
[0.506s] -- Up-to-date: /home/fayez/ros2_ws/install/pubsub_demo/lib/python3.12/site-packages/pubsub_demo/msg/__init__.py
[0.506s] -- Up-to-date: /home/fayez/ros2_ws/install/pubsub_demo/lib/python3.12/site-packages/pubsub_demo/msg/_custom_message.py
[0.506s] -- Up-to-date: /home/fayez/ros2_ws/install/pubsub_demo/lib/python3.12/site-packages/pubsub_demo/msg/_custom_message_s.c
[0.506s] -- Up-to-date: /home/fayez/ros2_ws/install/pubsub_demo/lib/python3.12/site-packages/pubsub_demo/pubsub_demo_s__rosidl_typesupport_c.so
[0.506s] -- Up-to-date: /home/fayez/ros2_ws/install/pubsub_demo/lib/python3.12/site-packages/pubsub_demo/pubsub_demo_s__rosidl_typesupport_introspection_c.so
[0.506s] -- Up-to-date: /home/fayez/ros2_ws/install/pubsub_demo/lib/python3.12/site-packages/pubsub_demo/srv
[0.506s] -- Up-to-date: /home/fayez/ros2_ws/install/pubsub_demo/lib/python3.12/site-packages/pubsub_demo/srv/_custom_service_s.c
[0.506s] -- Up-to-date: /home/fayez/ros2_ws/install/pubsub_demo/lib/python3.12/site-packages/pubsub_demo/srv/__init__.py
[0.506s] -- Up-to-date: /home/fayez/ros2_ws/install/pubsub_demo/lib/python3.12/site-packages/pubsub_demo/srv/_custom_service.py
[0.506s] -- Up-to-date: /home/fayez/ros2_ws/install/pubsub_demo/lib/python3.12/site-packages/pubsub_demo/_pubsub_demo_s.ep.rosidl_typesupport_introspection_c.c
[0.506s] -- Up-to-date: /home/fayez/ros2_ws/install/pubsub_demo/lib/python3.12/site-packages/pubsub_demo/_pubsub_demo_s.ep.rosidl_typesupport_fastrtps_c.c
[0.531s] Listing '/home/fayez/ros2_ws/install/pubsub_demo/lib/python3.12/site-packages/pubsub_demo'...
[0.531s] Listing '/home/fayez/ros2_ws/install/pubsub_demo/lib/python3.12/site-packages/pubsub_demo/msg'...
[0.531s] Listing '/home/fayez/ros2_ws/install/pubsub_demo/lib/python3.12/site-packages/pubsub_demo/srv'...
[0.536s] -- Up-to-date: /home/fayez/ros2_ws/install/pubsub_demo/lib/python3.12/site-packages/pubsub_demo/pubsub_demo_s__rosidl_typesupport_fastrtps_c.so
[0.536s] -- Up-to-date: /home/fayez/ros2_ws/install/pubsub_demo/lib/python3.12/site-packages/pubsub_demo/pubsub_demo_s__rosidl_typesupport_introspection_c.so
[0.537s] -- Up-to-date: /home/fayez/ros2_ws/install/pubsub_demo/lib/python3.12/site-packages/pubsub_demo/pubsub_demo_s__rosidl_typesupport_c.so
[0.538s] -- Up-to-date: /home/fayez/ros2_ws/install/pubsub_demo/lib/libpubsub_demo__rosidl_generator_py.so
[0.538s] -- Up-to-date: /home/fayez/ros2_ws/install/pubsub_demo/share/pubsub_demo/msg/CustomMessage.idl
[0.538s] -- Up-to-date: /home/fayez/ros2_ws/install/pubsub_demo/share/pubsub_demo/srv/CustomService.idl
[0.538s] -- Up-to-date: /home/fayez/ros2_ws/install/pubsub_demo/share/pubsub_demo/msg/CustomMessage.msg
[0.538s] -- Up-to-date: /home/fayez/ros2_ws/install/pubsub_demo/share/pubsub_demo/srv/CustomService.srv
[0.538s] -- Up-to-date: /home/fayez/ros2_ws/install/pubsub_demo/lib/pubsub_demo/talker.py
[0.538s] -- Up-to-date: /home/fayez/ros2_ws/install/pubsub_demo/lib/pubsub_demo/listener.py
[0.538s] -- Up-to-date: /home/fayez/ros2_ws/install/pubsub_demo/lib/pubsub_demo/client.py
[0.538s] -- Up-to-date: /home/fayez/ros2_ws/install/pubsub_demo/lib/pubsub_demo/server.py
[0.538s] -- Up-to-date: /home/fayez/ros2_ws/install/pubsub_demo/share/pubsub_demo/
[0.539s] -- Up-to-date: /home/fayez/ros2_ws/install/pubsub_demo/share/pubsub_demo//pubsub_demo
[0.539s] -- Up-to-date: /home/fayez/ros2_ws/install/pubsub_demo/share/ament_index/resource_index/package_run_dependencies/pubsub_demo
[0.539s] -- Up-to-date: /home/fayez/ros2_ws/install/pubsub_demo/share/ament_index/resource_index/parent_prefix_path/pubsub_demo
[0.539s] -- Up-to-date: /home/fayez/ros2_ws/install/pubsub_demo/share/pubsub_demo/environment/ament_prefix_path.sh
[0.539s] -- Up-to-date: /home/fayez/ros2_ws/install/pubsub_demo/share/pubsub_demo/environment/ament_prefix_path.dsv
[0.539s] -- Up-to-date: /home/fayez/ros2_ws/install/pubsub_demo/share/pubsub_demo/environment/path.sh
[0.539s] -- Up-to-date: /home/fayez/ros2_ws/install/pubsub_demo/share/pubsub_demo/environment/path.dsv
[0.539s] -- Up-to-date: /home/fayez/ros2_ws/install/pubsub_demo/share/pubsub_demo/local_setup.bash
[0.539s] -- Up-to-date: /home/fayez/ros2_ws/install/pubsub_demo/share/pubsub_demo/local_setup.sh
[0.539s] -- Up-to-date: /home/fayez/ros2_ws/install/pubsub_demo/share/pubsub_demo/local_setup.zsh
[0.539s] -- Up-to-date: /home/fayez/ros2_ws/install/pubsub_demo/share/pubsub_demo/local_setup.dsv
[0.539s] -- Installing: /home/fayez/ros2_ws/install/pubsub_demo/share/pubsub_demo/package.dsv
[0.540s] -- Up-to-date: /home/fayez/ros2_ws/install/pubsub_demo/share/ament_index/resource_index/packages/pubsub_demo
[0.541s] -- Up-to-date: /home/fayez/ros2_ws/install/pubsub_demo/share/pubsub_demo/cmake/export_pubsub_demo__rosidl_generator_cExport.cmake
[0.541s] -- Up-to-date: /home/fayez/ros2_ws/install/pubsub_demo/share/pubsub_demo/cmake/export_pubsub_demo__rosidl_generator_cExport-noconfig.cmake
[0.542s] -- Up-to-date: /home/fayez/ros2_ws/install/pubsub_demo/share/pubsub_demo/cmake/export_pubsub_demo__rosidl_typesupport_fastrtps_cExport.cmake
[0.542s] -- Up-to-date: /home/fayez/ros2_ws/install/pubsub_demo/share/pubsub_demo/cmake/export_pubsub_demo__rosidl_typesupport_fastrtps_cExport-noconfig.cmake
[0.543s] -- Up-to-date: /home/fayez/ros2_ws/install/pubsub_demo/share/pubsub_demo/cmake/export_pubsub_demo__rosidl_generator_cppExport.cmake
[0.544s] -- Up-to-date: /home/fayez/ros2_ws/install/pubsub_demo/share/pubsub_demo/cmake/export_pubsub_demo__rosidl_typesupport_fastrtps_cppExport.cmake
[0.544s] -- Up-to-date: /home/fayez/ros2_ws/install/pubsub_demo/share/pubsub_demo/cmake/export_pubsub_demo__rosidl_typesupport_fastrtps_cppExport-noconfig.cmake
[0.545s] -- Up-to-date: /home/fayez/ros2_ws/install/pubsub_demo/share/pubsub_demo/cmake/pubsub_demo__rosidl_typesupport_introspection_cExport.cmake
[0.545s] -- Up-to-date: /home/fayez/ros2_ws/install/pubsub_demo/share/pubsub_demo/cmake/pubsub_demo__rosidl_typesupport_introspection_cExport-noconfig.cmake
[0.546s] -- Up-to-date: /home/fayez/ros2_ws/install/pubsub_demo/share/pubsub_demo/cmake/pubsub_demo__rosidl_typesupport_cExport.cmake
[0.546s] -- Up-to-date: /home/fayez/ros2_ws/install/pubsub_demo/share/pubsub_demo/cmake/pubsub_demo__rosidl_typesupport_cExport-noconfig.cmake
[0.546s] -- Up-to-date: /home/fayez/ros2_ws/install/pubsub_demo/share/pubsub_demo/cmake/pubsub_demo__rosidl_typesupport_introspection_cppExport.cmake
[0.546s] -- Up-to-date: /home/fayez/ros2_ws/install/pubsub_demo/share/pubsub_demo/cmake/pubsub_demo__rosidl_typesupport_introspection_cppExport-noconfig.cmake
[0.547s] -- Up-to-date: /home/fayez/ros2_ws/install/pubsub_demo/share/pubsub_demo/cmake/pubsub_demo__rosidl_typesupport_cppExport.cmake
[0.547s] -- Up-to-date: /home/fayez/ros2_ws/install/pubsub_demo/share/pubsub_demo/cmake/pubsub_demo__rosidl_typesupport_cppExport-noconfig.cmake
[0.548s] -- Up-to-date: /home/fayez/ros2_ws/install/pubsub_demo/share/pubsub_demo/cmake/export_pubsub_demo__rosidl_generator_pyExport.cmake
[0.548s] -- Up-to-date: /home/fayez/ros2_ws/install/pubsub_demo/share/pubsub_demo/cmake/export_pubsub_demo__rosidl_generator_pyExport-noconfig.cmake
[0.548s] -- Up-to-date: /home/fayez/ros2_ws/install/pubsub_demo/share/pubsub_demo/cmake/rosidl_cmake-extras.cmake
[0.548s] -- Up-to-date: /home/fayez/ros2_ws/install/pubsub_demo/share/pubsub_demo/cmake/ament_cmake_export_dependencies-extras.cmake
[0.548s] -- Up-to-date: /home/fayez/ros2_ws/install/pubsub_demo/share/pubsub_demo/cmake/ament_cmake_export_include_directories-extras.cmake
[0.548s] -- Up-to-date: /home/fayez/ros2_ws/install/pubsub_demo/share/pubsub_demo/cmake/ament_cmake_export_libraries-extras.cmake
[0.548s] -- Up-to-date: /home/fayez/ros2_ws/install/pubsub_demo/share/pubsub_demo/cmake/ament_cmake_export_targets-extras.cmake
[0.548s] -- Up-to-date: /home/fayez/ros2_ws/install/pubsub_demo/share/pubsub_demo/cmake/rosidl_cmake_export_typesupport_targets-extras.cmake
[0.548s] -- Up-to-date: /home/fayez/ros2_ws/install/pubsub_demo/share/pubsub_demo/cmake/rosidl_cmake_export_typesupport_libraries-extras.cmake
[0.548s] -- Up-to-date: /home/fayez/ros2_ws/install/pubsub_demo/share/pubsub_demo/cmake/pubsub_demoConfig.cmake
[0.548s] -- Up-to-date: /home/fayez/ros2_ws/install/pubsub_demo/share/pubsub_demo/cmake/pubsub_demoConfig-version.cmake
[0.548s] -- Up-to-date: /home/fayez/ros2_ws/install/pubsub_demo/share/pubsub_demo/package.xml
[0.550s] Invoked command in '/home/fayez/ros2_ws/build/pubsub_demo' returned '0': CMAKE_PREFIX_PATH=${CMAKE_PREFIX_PATH}:/opt/ros/rolling /usr/bin/cmake --install /home/fayez/ros2_ws/build/pubsub_demo
