[0.006s] Invoking command in '/home/fayez/ros2_ws/build/pubsub_demo': CMAKE_PREFIX_PATH=${CMAKE_PREFIX_PATH}:/home/fayez/ros2_ws/install/pubsub_demo:/opt/ros/rolling /usr/bin/cmake /home/fayez/ros2_ws/src/pubsub_demo -DCMAKE_INSTALL_PREFIX=/home/fayez/ros2_ws/install/pubsub_demo
[0.197s] -- The C compiler identification is GNU 13.3.0
[0.911s] -- The CXX compiler identification is GNU 13.3.0
[1.200s] -- Detecting C compiler ABI info
[1.330s] -- Detecting C compiler ABI info - done
[1.335s] -- Check for working C compiler: /usr/bin/cc - skipped
[1.338s] -- Detecting C compile features
[1.338s] -- Detecting C compile features - done
[1.386s] -- Detecting CXX compiler ABI info
[1.570s] -- Detecting CXX compiler ABI info - done
[1.576s] -- Check for working CXX compiler: /usr/bin/c++ - skipped
[1.576s] -- Detecting CXX compile features
[1.576s] -- Detecting CXX compile features - done
[1.590s] -- Found ament_cmake: 2.7.2 (/opt/ros/rolling/share/ament_cmake/cmake)
[1.666s] -- Found Python3: /home/fayez/gsoc/beaglemind-cli/.venv/bin/python3 (found version "3.12.3") found components: Interpreter 
[1.735s] -- Found rclpy: 9.0.0 (/opt/ros/rolling/share/rclpy/cmake)
[1.736s] -- Found std_msgs: 5.5.0 (/opt/ros/rolling/share/std_msgs/cmake)
[1.880s] -- Found rosidl_generator_c: 4.9.3 (/opt/ros/rolling/share/rosidl_generator_c/cmake)
[1.889s] -- Found rosidl_generator_cpp: 4.9.3 (/opt/ros/rolling/share/rosidl_generator_cpp/cmake)
[1.901s] -- Using all available rosidl_typesupport_c: rosidl_typesupport_fastrtps_c;rosidl_typesupport_introspection_c
[1.913s] -- Using all available rosidl_typesupport_cpp: rosidl_typesupport_fastrtps_cpp;rosidl_typesupport_introspection_cpp
[1.933s] -- Found rosidl_default_generators: 1.7.1 (/opt/ros/rolling/share/rosidl_default_generators/cmake)
[1.944s] -- Found rosidl_adapter: 4.9.3 (/opt/ros/rolling/share/rosidl_adapter/cmake)
[2.283s] -- Found ament_cmake_ros: 0.14.0 (/opt/ros/rolling/share/ament_cmake_ros/cmake)
[2.665s] -- Using all available rosidl_typesupport_c: rosidl_typesupport_fastrtps_c;rosidl_typesupport_introspection_c
[2.818s] -- Using all available rosidl_typesupport_cpp: rosidl_typesupport_fastrtps_cpp;rosidl_typesupport_introspection_cpp
[3.188s] -- Found Python3: /home/fayez/gsoc/beaglemind-cli/.venv/bin/python3 (found version "3.12.3") found components: Interpreter Development NumPy Development.Module Development.Embed 
[3.217s] [31mCMake Error at /opt/ros/rolling/share/ament_cmake_python/cmake/ament_python_install_package.cmake:66 (message):
[3.217s]   ament_python_install_package() the Python package folder
[3.217s]   '/home/fayez/ros2_ws/src/pubsub_demo/pubsub_demo' doesn't contain an
[3.217s]   '__init__.py' file
[3.217s] Call Stack (most recent call first):
[3.218s]   /opt/ros/rolling/share/ament_cmake_python/cmake/ament_python_install_package.cmake:39 (_ament_cmake_python_install_package)
[3.218s]   CMakeLists.txt:23 (ament_python_install_package)
[3.218s] 
[3.218s] [0m
[3.218s] -- Configuring incomplete, errors occurred!
[3.223s] Invoked command in '/home/fayez/ros2_ws/build/pubsub_demo' returned '1': CMAKE_PREFIX_PATH=${CMAKE_PREFIX_PATH}:/home/fayez/ros2_ws/install/pubsub_demo:/opt/ros/rolling /usr/bin/cmake /home/fayez/ros2_ws/src/pubsub_demo -DCMAKE_INSTALL_PREFIX=/home/fayez/ros2_ws/install/pubsub_demo
