[0.570s] DEBUG:colcon:Command line arguments: ['/usr/bin/colcon', 'build']
[0.571s] DEBUG:colcon:Parsed command line arguments: Namespace(log_base=None, log_level=None, verb_name='build', build_base='build', install_base='install', merge_install=False, symlink_install=False, test_result_base=None, continue_on_error=False, executor='parallel', parallel_workers=20, event_handlers=None, ignore_user_meta=False, metas=['./colcon.meta'], base_paths=['.'], packages_ignore=None, packages_ignore_regex=None, paths=None, packages_up_to=None, packages_up_to_regex=None, packages_above=None, packages_above_and_dependencies=None, packages_above_depth=None, packages_select_by_dep=None, packages_skip_by_dep=None, packages_skip_up_to=None, packages_select_build_failed=False, packages_skip_build_finished=False, packages_select_test_failures=False, packages_skip_test_passed=False, packages_select=None, packages_skip=None, packages_select_regex=None, packages_skip_regex=None, packages_start=None, packages_end=None, allow_overriding=[], cmake_args=None, cmake_target=None, cmake_target_skip_unavailable=False, cmake_clean_cache=False, cmake_clean_first=False, cmake_force_configure=False, ament_cmake_args=None, catkin_cmake_args=None, catkin_skip_building_tests=False, verb_parser=<colcon_defaults.argument_parser.defaults.DefaultArgumentsDecorator object at 0x7fcbfcfa9df0>, verb_extension=<colcon_core.verb.build.BuildVerb object at 0x7fcbfd0a73b0>, main=<bound method BuildVerb.main of <colcon_core.verb.build.BuildVerb object at 0x7fcbfd0a73b0>>)
[0.687s] Level 1:colcon.colcon_core.package_discovery:discover_packages(colcon_meta) check parameters
[0.687s] Level 1:colcon.colcon_core.package_discovery:discover_packages(recursive) check parameters
[0.687s] Level 1:colcon.colcon_core.package_discovery:discover_packages(ignore) check parameters
[0.687s] Level 1:colcon.colcon_core.package_discovery:discover_packages(path) check parameters
[0.687s] Level 1:colcon.colcon_core.package_discovery:discover_packages(colcon_meta) discover
[0.687s] Level 1:colcon.colcon_core.package_discovery:discover_packages(recursive) discover
[0.687s] INFO:colcon.colcon_core.package_discovery:Crawling recursively for packages in '/home/fayez/ros2_ws'
[0.688s] Level 1:colcon.colcon_core.package_identification:_identify(.) by extensions ['ignore', 'ignore_ament_install']
[0.688s] Level 1:colcon.colcon_core.package_identification:_identify(.) by extension 'ignore'
[0.688s] Level 1:colcon.colcon_core.package_identification:_identify(.) by extension 'ignore_ament_install'
[0.688s] Level 1:colcon.colcon_core.package_identification:_identify(.) by extensions ['colcon_pkg']
[0.688s] Level 1:colcon.colcon_core.package_identification:_identify(.) by extension 'colcon_pkg'
[0.688s] Level 1:colcon.colcon_core.package_identification:_identify(.) by extensions ['colcon_meta']
[0.688s] Level 1:colcon.colcon_core.package_identification:_identify(.) by extension 'colcon_meta'
[0.688s] Level 1:colcon.colcon_core.package_identification:_identify(.) by extensions ['ros']
[0.688s] Level 1:colcon.colcon_core.package_identification:_identify(.) by extension 'ros'
[0.738s] Level 1:colcon.colcon_core.package_identification:_identify(.) by extensions ['cmake', 'python']
[0.738s] Level 1:colcon.colcon_core.package_identification:_identify(.) by extension 'cmake'
[0.738s] Level 1:colcon.colcon_core.package_identification:_identify(.) by extension 'python'
[0.738s] Level 1:colcon.colcon_core.package_identification:_identify(.) by extensions ['python_setup_py']
[0.738s] Level 1:colcon.colcon_core.package_identification:_identify(.) by extension 'python_setup_py'
[0.739s] Level 1:colcon.colcon_core.package_identification:_identify(build) by extensions ['ignore', 'ignore_ament_install']
[0.739s] Level 1:colcon.colcon_core.package_identification:_identify(build) by extension 'ignore'
[0.739s] Level 1:colcon.colcon_core.package_identification:_identify(build) ignored
[0.740s] Level 1:colcon.colcon_core.package_identification:_identify(install) by extensions ['ignore', 'ignore_ament_install']
[0.740s] Level 1:colcon.colcon_core.package_identification:_identify(install) by extension 'ignore'
[0.740s] Level 1:colcon.colcon_core.package_identification:_identify(install) ignored
[0.740s] Level 1:colcon.colcon_core.package_identification:_identify(log) by extensions ['ignore', 'ignore_ament_install']
[0.740s] Level 1:colcon.colcon_core.package_identification:_identify(log) by extension 'ignore'
[0.740s] Level 1:colcon.colcon_core.package_identification:_identify(log) ignored
[0.741s] Level 1:colcon.colcon_core.package_identification:_identify(src) by extensions ['ignore', 'ignore_ament_install']
[0.741s] Level 1:colcon.colcon_core.package_identification:_identify(src) by extension 'ignore'
[0.741s] Level 1:colcon.colcon_core.package_identification:_identify(src) by extension 'ignore_ament_install'
[0.741s] Level 1:colcon.colcon_core.package_identification:_identify(src) by extensions ['colcon_pkg']
[0.741s] Level 1:colcon.colcon_core.package_identification:_identify(src) by extension 'colcon_pkg'
[0.741s] Level 1:colcon.colcon_core.package_identification:_identify(src) by extensions ['colcon_meta']
[0.741s] Level 1:colcon.colcon_core.package_identification:_identify(src) by extension 'colcon_meta'
[0.741s] Level 1:colcon.colcon_core.package_identification:_identify(src) by extensions ['ros']
[0.742s] Level 1:colcon.colcon_core.package_identification:_identify(src) by extension 'ros'
[0.742s] Level 1:colcon.colcon_core.package_identification:_identify(src) by extensions ['cmake', 'python']
[0.742s] Level 1:colcon.colcon_core.package_identification:_identify(src) by extension 'cmake'
[0.742s] Level 1:colcon.colcon_core.package_identification:_identify(src) by extension 'python'
[0.742s] Level 1:colcon.colcon_core.package_identification:_identify(src) by extensions ['python_setup_py']
[0.742s] Level 1:colcon.colcon_core.package_identification:_identify(src) by extension 'python_setup_py'
[0.742s] Level 1:colcon.colcon_core.package_identification:_identify(src/formation_saha_barhoum) by extensions ['ignore', 'ignore_ament_install']
[0.743s] Level 1:colcon.colcon_core.package_identification:_identify(src/formation_saha_barhoum) by extension 'ignore'
[0.743s] Level 1:colcon.colcon_core.package_identification:_identify(src/formation_saha_barhoum) by extension 'ignore_ament_install'
[0.743s] Level 1:colcon.colcon_core.package_identification:_identify(src/formation_saha_barhoum) by extensions ['colcon_pkg']
[0.743s] Level 1:colcon.colcon_core.package_identification:_identify(src/formation_saha_barhoum) by extension 'colcon_pkg'
[0.743s] Level 1:colcon.colcon_core.package_identification:_identify(src/formation_saha_barhoum) by extensions ['colcon_meta']
[0.743s] Level 1:colcon.colcon_core.package_identification:_identify(src/formation_saha_barhoum) by extension 'colcon_meta'
[0.743s] Level 1:colcon.colcon_core.package_identification:_identify(src/formation_saha_barhoum) by extensions ['ros']
[0.743s] Level 1:colcon.colcon_core.package_identification:_identify(src/formation_saha_barhoum) by extension 'ros'
[0.749s] DEBUG:colcon.colcon_core.package_identification:Package 'src/formation_saha_barhoum' with type 'ros.ament_python' and name 'formation_saha_barhoum'
[0.749s] Level 1:colcon.colcon_core.package_identification:_identify(src/pubsub_demo) by extensions ['ignore', 'ignore_ament_install']
[0.749s] Level 1:colcon.colcon_core.package_identification:_identify(src/pubsub_demo) by extension 'ignore'
[0.749s] Level 1:colcon.colcon_core.package_identification:_identify(src/pubsub_demo) by extension 'ignore_ament_install'
[0.749s] Level 1:colcon.colcon_core.package_identification:_identify(src/pubsub_demo) by extensions ['colcon_pkg']
[0.749s] Level 1:colcon.colcon_core.package_identification:_identify(src/pubsub_demo) by extension 'colcon_pkg'
[0.749s] Level 1:colcon.colcon_core.package_identification:_identify(src/pubsub_demo) by extensions ['colcon_meta']
[0.749s] Level 1:colcon.colcon_core.package_identification:_identify(src/pubsub_demo) by extension 'colcon_meta'
[0.749s] Level 1:colcon.colcon_core.package_identification:_identify(src/pubsub_demo) by extensions ['ros']
[0.749s] Level 1:colcon.colcon_core.package_identification:_identify(src/pubsub_demo) by extension 'ros'
[0.750s] DEBUG:colcon.colcon_core.package_identification:Package 'src/pubsub_demo' with type 'ros.ament_cmake' and name 'pubsub_demo'
[0.751s] Level 1:colcon.colcon_core.package_discovery:discover_packages(recursive) using defaults
[0.751s] Level 1:colcon.colcon_core.package_discovery:discover_packages(ignore) discover
[0.751s] Level 1:colcon.colcon_core.package_discovery:discover_packages(ignore) using defaults
[0.751s] Level 1:colcon.colcon_core.package_discovery:discover_packages(path) discover
[0.751s] Level 1:colcon.colcon_core.package_discovery:discover_packages(path) using defaults
[0.801s] Level 1:colcon.colcon_core.package_discovery:discover_packages(prefix_path) check parameters
[0.801s] Level 1:colcon.colcon_core.package_discovery:discover_packages(prefix_path) discover
[0.811s] DEBUG:colcon.colcon_installed_package_information.package_discovery:Found 286 installed packages in /opt/ros/rolling
[0.812s] Level 1:colcon.colcon_core.package_discovery:discover_packages(prefix_path) using defaults
[0.903s] Level 5:colcon.colcon_core.verb:set package 'formation_saha_barhoum' build argument 'cmake_args' from command line to 'None'
[0.903s] Level 5:colcon.colcon_core.verb:set package 'formation_saha_barhoum' build argument 'cmake_target' from command line to 'None'
[0.903s] Level 5:colcon.colcon_core.verb:set package 'formation_saha_barhoum' build argument 'cmake_target_skip_unavailable' from command line to 'False'
[0.903s] Level 5:colcon.colcon_core.verb:set package 'formation_saha_barhoum' build argument 'cmake_clean_cache' from command line to 'False'
[0.903s] Level 5:colcon.colcon_core.verb:set package 'formation_saha_barhoum' build argument 'cmake_clean_first' from command line to 'False'
[0.903s] Level 5:colcon.colcon_core.verb:set package 'formation_saha_barhoum' build argument 'cmake_force_configure' from command line to 'False'
[0.903s] Level 5:colcon.colcon_core.verb:set package 'formation_saha_barhoum' build argument 'ament_cmake_args' from command line to 'None'
[0.903s] Level 5:colcon.colcon_core.verb:set package 'formation_saha_barhoum' build argument 'catkin_cmake_args' from command line to 'None'
[0.903s] Level 5:colcon.colcon_core.verb:set package 'formation_saha_barhoum' build argument 'catkin_skip_building_tests' from command line to 'False'
[0.903s] DEBUG:colcon.colcon_core.verb:Building package 'formation_saha_barhoum' with the following arguments: {'ament_cmake_args': None, 'build_base': '/home/fayez/ros2_ws/build/formation_saha_barhoum', 'catkin_cmake_args': None, 'catkin_skip_building_tests': False, 'cmake_args': None, 'cmake_clean_cache': False, 'cmake_clean_first': False, 'cmake_force_configure': False, 'cmake_target': None, 'cmake_target_skip_unavailable': False, 'install_base': '/home/fayez/ros2_ws/install/formation_saha_barhoum', 'merge_install': False, 'path': '/home/fayez/ros2_ws/src/formation_saha_barhoum', 'symlink_install': False, 'test_result_base': None}
[0.904s] Level 5:colcon.colcon_core.verb:set package 'pubsub_demo' build argument 'cmake_args' from command line to 'None'
[0.904s] Level 5:colcon.colcon_core.verb:set package 'pubsub_demo' build argument 'cmake_target' from command line to 'None'
[0.904s] Level 5:colcon.colcon_core.verb:set package 'pubsub_demo' build argument 'cmake_target_skip_unavailable' from command line to 'False'
[0.904s] Level 5:colcon.colcon_core.verb:set package 'pubsub_demo' build argument 'cmake_clean_cache' from command line to 'False'
[0.904s] Level 5:colcon.colcon_core.verb:set package 'pubsub_demo' build argument 'cmake_clean_first' from command line to 'False'
[0.904s] Level 5:colcon.colcon_core.verb:set package 'pubsub_demo' build argument 'cmake_force_configure' from command line to 'False'
[0.904s] Level 5:colcon.colcon_core.verb:set package 'pubsub_demo' build argument 'ament_cmake_args' from command line to 'None'
[0.904s] Level 5:colcon.colcon_core.verb:set package 'pubsub_demo' build argument 'catkin_cmake_args' from command line to 'None'
[0.904s] Level 5:colcon.colcon_core.verb:set package 'pubsub_demo' build argument 'catkin_skip_building_tests' from command line to 'False'
[0.904s] DEBUG:colcon.colcon_core.verb:Building package 'pubsub_demo' with the following arguments: {'ament_cmake_args': None, 'build_base': '/home/fayez/ros2_ws/build/pubsub_demo', 'catkin_cmake_args': None, 'catkin_skip_building_tests': False, 'cmake_args': None, 'cmake_clean_cache': False, 'cmake_clean_first': False, 'cmake_force_configure': False, 'cmake_target': None, 'cmake_target_skip_unavailable': False, 'install_base': '/home/fayez/ros2_ws/install/pubsub_demo', 'merge_install': False, 'path': '/home/fayez/ros2_ws/src/pubsub_demo', 'symlink_install': False, 'test_result_base': None}
[0.904s] INFO:colcon.colcon_core.executor:Executing jobs using 'parallel' executor
[0.904s] DEBUG:colcon.colcon_parallel_executor.executor.parallel:run_until_complete
[0.905s] INFO:colcon.colcon_ros.task.ament_python.build:Building ROS package in '/home/fayez/ros2_ws/src/formation_saha_barhoum' with build type 'ament_python'
[0.905s] Level 1:colcon.colcon_core.shell:create_environment_hook('formation_saha_barhoum', 'ament_prefix_path')
[0.913s] INFO:colcon.colcon_core.plugin_system:Skipping extension 'colcon_core.shell.bat': Not used on non-Windows systems
[0.913s] INFO:colcon.colcon_core.shell:Creating environment hook '/home/fayez/ros2_ws/install/formation_saha_barhoum/share/formation_saha_barhoum/hook/ament_prefix_path.ps1'
[0.914s] INFO:colcon.colcon_core.shell:Creating environment descriptor '/home/fayez/ros2_ws/install/formation_saha_barhoum/share/formation_saha_barhoum/hook/ament_prefix_path.dsv'
[0.915s] INFO:colcon.colcon_core.shell:Creating environment hook '/home/fayez/ros2_ws/install/formation_saha_barhoum/share/formation_saha_barhoum/hook/ament_prefix_path.sh'
[0.916s] INFO:colcon.colcon_core.shell:Skip shell extension 'powershell' for command environment: Not usable outside of PowerShell
[0.916s] DEBUG:colcon.colcon_core.shell:Skip shell extension 'dsv' for command environment
[0.918s] INFO:colcon.colcon_ros.task.ament_cmake.build:Building ROS package in '/home/fayez/ros2_ws/src/pubsub_demo' with build type 'ament_cmake'
[0.918s] INFO:colcon.colcon_cmake.task.cmake.build:Building CMake package in '/home/fayez/ros2_ws/src/pubsub_demo'
[0.918s] INFO:colcon.colcon_core.shell:Skip shell extension 'powershell' for command environment: Not usable outside of PowerShell
[0.918s] DEBUG:colcon.colcon_core.shell:Skip shell extension 'dsv' for command environment
[1.059s] INFO:colcon.colcon_core.task.python.build:Building Python package in '/home/fayez/ros2_ws/src/formation_saha_barhoum'
[1.059s] INFO:colcon.colcon_core.shell:Skip shell extension 'powershell' for command environment: Not usable outside of PowerShell
[1.059s] DEBUG:colcon.colcon_core.shell:Skip shell extension 'dsv' for command environment
[1.063s] DEBUG:colcon.colcon_core.event_handler.log_command:Invoking command in '/home/fayez/ros2_ws/build/pubsub_demo': CMAKE_PREFIX_PATH=${CMAKE_PREFIX_PATH}:/opt/ros/rolling /usr/bin/cmake --build /home/fayez/ros2_ws/build/pubsub_demo -- -j20 -l20
[1.537s] DEBUG:colcon.colcon_core.event_handler.log_command:Invoked command in '/home/fayez/ros2_ws/build/pubsub_demo' returned '0': CMAKE_PREFIX_PATH=${CMAKE_PREFIX_PATH}:/opt/ros/rolling /usr/bin/cmake --build /home/fayez/ros2_ws/build/pubsub_demo -- -j20 -l20
[1.544s] DEBUG:colcon.colcon_core.event_handler.log_command:Invoking command in '/home/fayez/ros2_ws/build/pubsub_demo': CMAKE_PREFIX_PATH=${CMAKE_PREFIX_PATH}:/opt/ros/rolling /usr/bin/cmake --install /home/fayez/ros2_ws/build/pubsub_demo
[1.606s] Level 1:colcon.colcon_core.environment:create_environment_scripts_only(pubsub_demo)
[1.607s] DEBUG:colcon.colcon_core.event_handler.log_command:Invoked command in '/home/fayez/ros2_ws/build/pubsub_demo' returned '0': CMAKE_PREFIX_PATH=${CMAKE_PREFIX_PATH}:/opt/ros/rolling /usr/bin/cmake --install /home/fayez/ros2_ws/build/pubsub_demo
[1.611s] Level 1:colcon.colcon_core.environment:checking '/home/fayez/ros2_ws/install/pubsub_demo' for CMake module files
[1.612s] Level 1:colcon.colcon_core.environment:checking '/home/fayez/ros2_ws/install/pubsub_demo' for CMake config files
[1.615s] Level 1:colcon.colcon_core.shell:create_environment_hook('pubsub_demo', 'cmake_prefix_path')
[1.615s] INFO:colcon.colcon_core.shell:Creating environment hook '/home/fayez/ros2_ws/install/pubsub_demo/share/pubsub_demo/hook/cmake_prefix_path.ps1'
[1.615s] INFO:colcon.colcon_core.shell:Creating environment descriptor '/home/fayez/ros2_ws/install/pubsub_demo/share/pubsub_demo/hook/cmake_prefix_path.dsv'
[1.615s] INFO:colcon.colcon_core.shell:Creating environment hook '/home/fayez/ros2_ws/install/pubsub_demo/share/pubsub_demo/hook/cmake_prefix_path.sh'
[1.616s] Level 1:colcon.colcon_core.environment:checking '/home/fayez/ros2_ws/install/pubsub_demo/lib'
[1.616s] Level 1:colcon.colcon_core.shell:create_environment_hook('pubsub_demo', 'ld_library_path_lib')
[1.616s] INFO:colcon.colcon_core.shell:Creating environment hook '/home/fayez/ros2_ws/install/pubsub_demo/share/pubsub_demo/hook/ld_library_path_lib.ps1'
[1.616s] INFO:colcon.colcon_core.shell:Creating environment descriptor '/home/fayez/ros2_ws/install/pubsub_demo/share/pubsub_demo/hook/ld_library_path_lib.dsv'
[1.616s] INFO:colcon.colcon_core.shell:Creating environment hook '/home/fayez/ros2_ws/install/pubsub_demo/share/pubsub_demo/hook/ld_library_path_lib.sh'
[1.617s] Level 1:colcon.colcon_core.environment:checking '/home/fayez/ros2_ws/install/pubsub_demo/bin'
[1.617s] Level 1:colcon.colcon_core.environment:checking '/home/fayez/ros2_ws/install/pubsub_demo/lib/pkgconfig/pubsub_demo.pc'
[1.617s] Level 1:colcon.colcon_core.environment:checking '/home/fayez/ros2_ws/install/pubsub_demo/lib/python3.12/site-packages'
[1.617s] Level 1:colcon.colcon_core.shell:create_environment_hook('pubsub_demo', 'pythonpath')
[1.617s] INFO:colcon.colcon_core.shell:Creating environment hook '/home/fayez/ros2_ws/install/pubsub_demo/share/pubsub_demo/hook/pythonpath.ps1'
[1.617s] INFO:colcon.colcon_core.shell:Creating environment descriptor '/home/fayez/ros2_ws/install/pubsub_demo/share/pubsub_demo/hook/pythonpath.dsv'
[1.617s] INFO:colcon.colcon_core.shell:Creating environment hook '/home/fayez/ros2_ws/install/pubsub_demo/share/pubsub_demo/hook/pythonpath.sh'
[1.618s] Level 1:colcon.colcon_core.environment:checking '/home/fayez/ros2_ws/install/pubsub_demo/bin'
[1.618s] INFO:colcon.colcon_core.shell:Creating package script '/home/fayez/ros2_ws/install/pubsub_demo/share/pubsub_demo/package.ps1'
[1.619s] INFO:colcon.colcon_core.shell:Creating package descriptor '/home/fayez/ros2_ws/install/pubsub_demo/share/pubsub_demo/package.dsv'
[1.619s] INFO:colcon.colcon_core.shell:Creating package script '/home/fayez/ros2_ws/install/pubsub_demo/share/pubsub_demo/package.sh'
[1.620s] INFO:colcon.colcon_core.shell:Creating package script '/home/fayez/ros2_ws/install/pubsub_demo/share/pubsub_demo/package.bash'
[1.621s] INFO:colcon.colcon_core.shell:Creating package script '/home/fayez/ros2_ws/install/pubsub_demo/share/pubsub_demo/package.zsh'
[1.622s] Level 1:colcon.colcon_core.environment:create_file_with_runtime_dependencies(/home/fayez/ros2_ws/install/pubsub_demo/share/colcon-core/packages/pubsub_demo)
[1.622s] Level 1:colcon.colcon_core.environment:create_environment_scripts_only(pubsub_demo)
[1.622s] Level 1:colcon.colcon_core.environment:checking '/home/fayez/ros2_ws/install/pubsub_demo' for CMake module files
[1.623s] Level 1:colcon.colcon_core.environment:checking '/home/fayez/ros2_ws/install/pubsub_demo' for CMake config files
[1.623s] Level 1:colcon.colcon_core.shell:create_environment_hook('pubsub_demo', 'cmake_prefix_path')
[1.623s] INFO:colcon.colcon_core.shell:Creating environment hook '/home/fayez/ros2_ws/install/pubsub_demo/share/pubsub_demo/hook/cmake_prefix_path.ps1'
[1.623s] INFO:colcon.colcon_core.shell:Creating environment descriptor '/home/fayez/ros2_ws/install/pubsub_demo/share/pubsub_demo/hook/cmake_prefix_path.dsv'
[1.624s] INFO:colcon.colcon_core.shell:Creating environment hook '/home/fayez/ros2_ws/install/pubsub_demo/share/pubsub_demo/hook/cmake_prefix_path.sh'
[1.624s] Level 1:colcon.colcon_core.environment:checking '/home/fayez/ros2_ws/install/pubsub_demo/lib'
[1.624s] Level 1:colcon.colcon_core.shell:create_environment_hook('pubsub_demo', 'ld_library_path_lib')
[1.624s] INFO:colcon.colcon_core.shell:Creating environment hook '/home/fayez/ros2_ws/install/pubsub_demo/share/pubsub_demo/hook/ld_library_path_lib.ps1'
[1.624s] INFO:colcon.colcon_core.shell:Creating environment descriptor '/home/fayez/ros2_ws/install/pubsub_demo/share/pubsub_demo/hook/ld_library_path_lib.dsv'
[1.625s] INFO:colcon.colcon_core.shell:Creating environment hook '/home/fayez/ros2_ws/install/pubsub_demo/share/pubsub_demo/hook/ld_library_path_lib.sh'
[1.625s] Level 1:colcon.colcon_core.environment:checking '/home/fayez/ros2_ws/install/pubsub_demo/bin'
[1.625s] Level 1:colcon.colcon_core.environment:checking '/home/fayez/ros2_ws/install/pubsub_demo/lib/pkgconfig/pubsub_demo.pc'
[1.625s] Level 1:colcon.colcon_core.environment:checking '/home/fayez/ros2_ws/install/pubsub_demo/lib/python3.12/site-packages'
[1.625s] Level 1:colcon.colcon_core.shell:create_environment_hook('pubsub_demo', 'pythonpath')
[1.625s] INFO:colcon.colcon_core.shell:Creating environment hook '/home/fayez/ros2_ws/install/pubsub_demo/share/pubsub_demo/hook/pythonpath.ps1'
[1.625s] INFO:colcon.colcon_core.shell:Creating environment descriptor '/home/fayez/ros2_ws/install/pubsub_demo/share/pubsub_demo/hook/pythonpath.dsv'
[1.626s] INFO:colcon.colcon_core.shell:Creating environment hook '/home/fayez/ros2_ws/install/pubsub_demo/share/pubsub_demo/hook/pythonpath.sh'
[1.626s] Level 1:colcon.colcon_core.environment:checking '/home/fayez/ros2_ws/install/pubsub_demo/bin'
[1.626s] INFO:colcon.colcon_core.shell:Creating package script '/home/fayez/ros2_ws/install/pubsub_demo/share/pubsub_demo/package.ps1'
[1.626s] INFO:colcon.colcon_core.shell:Creating package descriptor '/home/fayez/ros2_ws/install/pubsub_demo/share/pubsub_demo/package.dsv'
[1.627s] INFO:colcon.colcon_core.shell:Creating package script '/home/fayez/ros2_ws/install/pubsub_demo/share/pubsub_demo/package.sh'
[1.627s] INFO:colcon.colcon_core.shell:Creating package script '/home/fayez/ros2_ws/install/pubsub_demo/share/pubsub_demo/package.bash'
[1.627s] INFO:colcon.colcon_core.shell:Creating package script '/home/fayez/ros2_ws/install/pubsub_demo/share/pubsub_demo/package.zsh'
[1.627s] Level 1:colcon.colcon_core.environment:create_file_with_runtime_dependencies(/home/fayez/ros2_ws/install/pubsub_demo/share/colcon-core/packages/pubsub_demo)
[1.798s] DEBUG:colcon.colcon_core.event_handler.log_command:Invoking command in '/home/fayez/ros2_ws/src/formation_saha_barhoum': PYTHONPATH=/home/fayez/ros2_ws/build/formation_saha_barhoum/prefix_override:/usr/lib/python3/dist-packages/colcon_core/task/python/colcon_distutils_commands:/home/fayez/ros2_ws/install/formation_saha_barhoum/lib/python3.12/site-packages:${PYTHONPATH} /usr/bin/python3 -W ignore:setup.py install is deprecated -W ignore:easy_install command is deprecated setup.py egg_info --egg-base ../../build/formation_saha_barhoum build --build-base /home/fayez/ros2_ws/build/formation_saha_barhoum/build install --record /home/fayez/ros2_ws/build/formation_saha_barhoum/install.log --single-version-externally-managed install_data
[2.090s] Level 1:colcon.colcon_core.environment:checking '/home/fayez/ros2_ws/install/formation_saha_barhoum' for CMake module files
[2.091s] DEBUG:colcon.colcon_core.event_handler.log_command:Invoked command in '/home/fayez/ros2_ws/src/formation_saha_barhoum' returned '0': PYTHONPATH=/home/fayez/ros2_ws/build/formation_saha_barhoum/prefix_override:/usr/lib/python3/dist-packages/colcon_core/task/python/colcon_distutils_commands:/home/fayez/ros2_ws/install/formation_saha_barhoum/lib/python3.12/site-packages:${PYTHONPATH} /usr/bin/python3 -W ignore:setup.py install is deprecated -W ignore:easy_install command is deprecated setup.py egg_info --egg-base ../../build/formation_saha_barhoum build --build-base /home/fayez/ros2_ws/build/formation_saha_barhoum/build install --record /home/fayez/ros2_ws/build/formation_saha_barhoum/install.log --single-version-externally-managed install_data
[2.091s] Level 1:colcon.colcon_core.environment:checking '/home/fayez/ros2_ws/install/formation_saha_barhoum' for CMake config files
[2.091s] Level 1:colcon.colcon_core.environment:checking '/home/fayez/ros2_ws/install/formation_saha_barhoum/lib'
[2.091s] Level 1:colcon.colcon_core.environment:checking '/home/fayez/ros2_ws/install/formation_saha_barhoum/bin'
[2.091s] Level 1:colcon.colcon_core.environment:checking '/home/fayez/ros2_ws/install/formation_saha_barhoum/lib/pkgconfig/formation_saha_barhoum.pc'
[2.092s] Level 1:colcon.colcon_core.environment:checking '/home/fayez/ros2_ws/install/formation_saha_barhoum/lib/python3.12/site-packages'
[2.092s] Level 1:colcon.colcon_core.shell:create_environment_hook('formation_saha_barhoum', 'pythonpath')
[2.092s] INFO:colcon.colcon_core.shell:Creating environment hook '/home/fayez/ros2_ws/install/formation_saha_barhoum/share/formation_saha_barhoum/hook/pythonpath.ps1'
[2.092s] INFO:colcon.colcon_core.shell:Creating environment descriptor '/home/fayez/ros2_ws/install/formation_saha_barhoum/share/formation_saha_barhoum/hook/pythonpath.dsv'
[2.092s] INFO:colcon.colcon_core.shell:Creating environment hook '/home/fayez/ros2_ws/install/formation_saha_barhoum/share/formation_saha_barhoum/hook/pythonpath.sh'
[2.092s] Level 1:colcon.colcon_core.environment:checking '/home/fayez/ros2_ws/install/formation_saha_barhoum/bin'
[2.092s] Level 1:colcon.colcon_core.environment:create_environment_scripts_only(formation_saha_barhoum)
[2.093s] INFO:colcon.colcon_core.shell:Creating package script '/home/fayez/ros2_ws/install/formation_saha_barhoum/share/formation_saha_barhoum/package.ps1'
[2.093s] INFO:colcon.colcon_core.shell:Creating package descriptor '/home/fayez/ros2_ws/install/formation_saha_barhoum/share/formation_saha_barhoum/package.dsv'
[2.093s] INFO:colcon.colcon_core.shell:Creating package script '/home/fayez/ros2_ws/install/formation_saha_barhoum/share/formation_saha_barhoum/package.sh'
[2.093s] INFO:colcon.colcon_core.shell:Creating package script '/home/fayez/ros2_ws/install/formation_saha_barhoum/share/formation_saha_barhoum/package.bash'
[2.093s] INFO:colcon.colcon_core.shell:Creating package script '/home/fayez/ros2_ws/install/formation_saha_barhoum/share/formation_saha_barhoum/package.zsh'
[2.093s] Level 1:colcon.colcon_core.environment:create_file_with_runtime_dependencies(/home/fayez/ros2_ws/install/formation_saha_barhoum/share/colcon-core/packages/formation_saha_barhoum)
[2.094s] DEBUG:colcon.colcon_parallel_executor.executor.parallel:closing loop
[2.094s] DEBUG:colcon.colcon_parallel_executor.executor.parallel:loop closed
[2.095s] DEBUG:colcon.colcon_parallel_executor.executor.parallel:run_until_complete finished with '0'
[2.095s] DEBUG:colcon.colcon_core.event_reactor:joining thread
[2.109s] INFO:colcon.colcon_core.plugin_system:Skipping extension 'colcon_notification.desktop_notification.terminal_notifier': Not used on non-Darwin systems
[2.109s] INFO:colcon.colcon_core.plugin_system:Skipping extension 'colcon_notification.desktop_notification.win32': Not used on non-Windows systems
[2.109s] INFO:colcon.colcon_notification.desktop_notification:Sending desktop notification using 'notify2'
[2.112s] DEBUG:colcon.colcon_notification.desktop_notification.notify2:Failed to initialize notify2: org.freedesktop.DBus.Error.ServiceUnknown: The name org.freedesktop.Notifications was not provided by any .service files
[2.112s] DEBUG:colcon.colcon_core.event_reactor:joined thread
[2.112s] INFO:colcon.colcon_core.shell:Creating prefix script '/home/fayez/ros2_ws/install/local_setup.ps1'
[2.113s] INFO:colcon.colcon_core.shell:Creating prefix util module '/home/fayez/ros2_ws/install/_local_setup_util_ps1.py'
[2.114s] INFO:colcon.colcon_core.shell:Creating prefix chain script '/home/fayez/ros2_ws/install/setup.ps1'
[2.115s] INFO:colcon.colcon_core.shell:Creating prefix script '/home/fayez/ros2_ws/install/local_setup.sh'
[2.118s] INFO:colcon.colcon_core.shell:Creating prefix util module '/home/fayez/ros2_ws/install/_local_setup_util_sh.py'
[2.118s] INFO:colcon.colcon_core.shell:Creating prefix chain script '/home/fayez/ros2_ws/install/setup.sh'
[2.119s] INFO:colcon.colcon_core.shell:Creating prefix script '/home/fayez/ros2_ws/install/local_setup.bash'
[2.120s] INFO:colcon.colcon_core.shell:Creating prefix chain script '/home/fayez/ros2_ws/install/setup.bash'
[2.121s] INFO:colcon.colcon_core.shell:Creating prefix script '/home/fayez/ros2_ws/install/local_setup.zsh'
[2.121s] INFO:colcon.colcon_core.shell:Creating prefix chain script '/home/fayez/ros2_ws/install/setup.zsh'
