[0.013s] Invoking command in '/home/fayez/ros2_ws/build/pubsub_demo': CMAKE_PREFIX_PATH=${CMAKE_PREFIX_PATH}:/opt/ros/rolling /usr/bin/cmake --build /home/fayez/ros2_ws/build/pubsub_demo -- -j20 -l20
[0.118s] [  2%] Built target pubsub_demo__rosidl_generator_type_description
[0.128s] [  4%] Built target pubsub_demo__cpp
[0.134s] [  4%] Built target ament_cmake_python_copy_pubsub_demo
[0.134s] [ 22%] Built target pubsub_demo__rosidl_generator_c
[0.155s] [ 31%] Built target pubsub_demo__rosidl_typesupport_c
[0.155s] [ 40%] Built target pubsub_demo__rosidl_typesupport_fastrtps_cpp
[0.155s] [ 50%] Built target pubsub_demo__rosidl_typesupport_introspection_cpp
[0.156s] [ 59%] Built target pubsub_demo__rosidl_typesupport_introspection_c
[0.158s] [ 68%] Built target pubsub_demo__rosidl_typesupport_fastrtps_c
[0.160s] [ 77%] Built target pubsub_demo__rosidl_typesupport_cpp
[0.172s] [ 77%] Built target pubsub_demo
[0.184s] [ 79%] Built target pubsub_demo__py
[0.199s] [ 86%] Built target pubsub_demo__rosidl_generator_py
[0.217s] [100%] Built target pubsub_demo_s__rosidl_typesupport_fastrtps_c
[0.217s] [100%] Built target pubsub_demo_s__rosidl_typesupport_introspection_c
[0.217s] [100%] Built target pubsub_demo_s__rosidl_typesupport_c
[0.338s] running egg_info
[0.347s] writing pubsub_demo.egg-info/PKG-INFO
[0.347s] writing dependency_links to pubsub_demo.egg-info/dependency_links.txt
[0.347s] writing top-level names to pubsub_demo.egg-info/top_level.txt
[0.374s] reading manifest file 'pubsub_demo.egg-info/SOURCES.txt'
[0.374s] writing manifest file 'pubsub_demo.egg-info/SOURCES.txt'
[0.392s] [100%] Built target ament_cmake_python_build_pubsub_demo_egg
[0.398s] Invoked command in '/home/fayez/ros2_ws/build/pubsub_demo' returned '0': CMAKE_PREFIX_PATH=${CMAKE_PREFIX_PATH}:/opt/ros/rolling /usr/bin/cmake --build /home/fayez/ros2_ws/build/pubsub_demo -- -j20 -l20
[0.405s] Invoking command in '/home/fayez/ros2_ws/build/pubsub_demo': CMAKE_PREFIX_PATH=${CMAKE_PREFIX_PATH}:/opt/ros/rolling /usr/bin/cmake --install /home/fayez/ros2_ws/build/pubsub_demo
[0.410s] -- Install configuration: ""
[0.410s] -- Up-to-date: /home/fayez/ros2_ws/install/pubsub_demo/share/ament_index/resource_index/rosidl_interfaces/pubsub_demo
[0.411s] -- Up-to-date: /home/fayez/ros2_ws/install/pubsub_demo/share/pubsub_demo/msg/CustomMessage.json
[0.411s] -- Up-to-date: /home/fayez/ros2_ws/install/pubsub_demo/share/pubsub_demo/srv/CustomService.json
[0.411s] -- Up-to-date: /home/fayez/ros2_ws/install/pubsub_demo/include/pubsub_demo/pubsub_demo
[0.411s] -- Up-to-date: /home/fayez/ros2_ws/install/pubsub_demo/include/pubsub_demo/pubsub_demo/msg
[0.411s] -- Up-to-date: /home/fayez/ros2_ws/install/pubsub_demo/include/pubsub_demo/pubsub_demo/msg/rosidl_generator_c__visibility_control.h
[0.411s] -- Up-to-date: /home/fayez/ros2_ws/install/pubsub_demo/include/pubsub_demo/pubsub_demo/msg/detail
[0.411s] -- Up-to-date: /home/fayez/ros2_ws/install/pubsub_demo/include/pubsub_demo/pubsub_demo/msg/detail/custom_message__functions.h
[0.411s] -- Up-to-date: /home/fayez/ros2_ws/install/pubsub_demo/include/pubsub_demo/pubsub_demo/msg/detail/custom_message__functions.c
[0.412s] -- Up-to-date: /home/fayez/ros2_ws/install/pubsub_demo/include/pubsub_demo/pubsub_demo/msg/detail/custom_message__description.c
[0.412s] -- Up-to-date: /home/fayez/ros2_ws/install/pubsub_demo/include/pubsub_demo/pubsub_demo/msg/detail/custom_message__type_support.c
[0.412s] -- Up-to-date: /home/fayez/ros2_ws/install/pubsub_demo/include/pubsub_demo/pubsub_demo/msg/detail/custom_message__type_support.h
[0.412s] -- Up-to-date: /home/fayez/ros2_ws/install/pubsub_demo/include/pubsub_demo/pubsub_demo/msg/detail/custom_message__struct.h
[0.412s] -- Up-to-date: /home/fayez/ros2_ws/install/pubsub_demo/include/pubsub_demo/pubsub_demo/msg/custom_message.h
[0.412s] -- Up-to-date: /home/fayez/ros2_ws/install/pubsub_demo/include/pubsub_demo/pubsub_demo/srv
[0.412s] -- Up-to-date: /home/fayez/ros2_ws/install/pubsub_demo/include/pubsub_demo/pubsub_demo/srv/custom_service.h
[0.412s] -- Up-to-date: /home/fayez/ros2_ws/install/pubsub_demo/include/pubsub_demo/pubsub_demo/srv/detail
[0.412s] -- Up-to-date: /home/fayez/ros2_ws/install/pubsub_demo/include/pubsub_demo/pubsub_demo/srv/detail/custom_service__functions.c
[0.412s] -- Up-to-date: /home/fayez/ros2_ws/install/pubsub_demo/include/pubsub_demo/pubsub_demo/srv/detail/custom_service__type_support.h
[0.412s] -- Up-to-date: /home/fayez/ros2_ws/install/pubsub_demo/include/pubsub_demo/pubsub_demo/srv/detail/custom_service__type_support.c
[0.412s] -- Up-to-date: /home/fayez/ros2_ws/install/pubsub_demo/include/pubsub_demo/pubsub_demo/srv/detail/custom_service__functions.h
[0.412s] -- Up-to-date: /home/fayez/ros2_ws/install/pubsub_demo/include/pubsub_demo/pubsub_demo/srv/detail/custom_service__struct.h
[0.412s] -- Up-to-date: /home/fayez/ros2_ws/install/pubsub_demo/include/pubsub_demo/pubsub_demo/srv/detail/custom_service__description.c
[0.412s] -- Up-to-date: /home/fayez/ros2_ws/install/pubsub_demo/share/pubsub_demo/environment/library_path.sh
[0.412s] -- Up-to-date: /home/fayez/ros2_ws/install/pubsub_demo/share/pubsub_demo/environment/library_path.dsv
[0.413s] -- Up-to-date: /home/fayez/ros2_ws/install/pubsub_demo/lib/libpubsub_demo__rosidl_generator_c.so
[0.413s] -- Up-to-date: /home/fayez/ros2_ws/install/pubsub_demo/include/pubsub_demo/pubsub_demo
[0.414s] -- Up-to-date: /home/fayez/ros2_ws/install/pubsub_demo/include/pubsub_demo/pubsub_demo/msg
[0.414s] -- Up-to-date: /home/fayez/ros2_ws/install/pubsub_demo/include/pubsub_demo/pubsub_demo/msg/rosidl_typesupport_fastrtps_c__visibility_control.h
[0.414s] -- Up-to-date: /home/fayez/ros2_ws/install/pubsub_demo/include/pubsub_demo/pubsub_demo/msg/detail
[0.414s] -- Up-to-date: /home/fayez/ros2_ws/install/pubsub_demo/include/pubsub_demo/pubsub_demo/msg/detail/custom_message__rosidl_typesupport_fastrtps_c.h
[0.414s] -- Up-to-date: /home/fayez/ros2_ws/install/pubsub_demo/include/pubsub_demo/pubsub_demo/srv
[0.414s] -- Up-to-date: /home/fayez/ros2_ws/install/pubsub_demo/include/pubsub_demo/pubsub_demo/srv/detail
[0.415s] -- Up-to-date: /home/fayez/ros2_ws/install/pubsub_demo/include/pubsub_demo/pubsub_demo/srv/detail/custom_service__rosidl_typesupport_fastrtps_c.h
[0.415s] -- Up-to-date: /home/fayez/ros2_ws/install/pubsub_demo/lib/libpubsub_demo__rosidl_typesupport_fastrtps_c.so
[0.415s] -- Up-to-date: /home/fayez/ros2_ws/install/pubsub_demo/include/pubsub_demo/pubsub_demo
[0.416s] -- Up-to-date: /home/fayez/ros2_ws/install/pubsub_demo/include/pubsub_demo/pubsub_demo/msg
[0.416s] -- Up-to-date: /home/fayez/ros2_ws/install/pubsub_demo/include/pubsub_demo/pubsub_demo/msg/rosidl_generator_cpp__visibility_control.hpp
[0.416s] -- Up-to-date: /home/fayez/ros2_ws/install/pubsub_demo/include/pubsub_demo/pubsub_demo/msg/custom_message.hpp
[0.416s] -- Up-to-date: /home/fayez/ros2_ws/install/pubsub_demo/include/pubsub_demo/pubsub_demo/msg/detail
[0.416s] -- Up-to-date: /home/fayez/ros2_ws/install/pubsub_demo/include/pubsub_demo/pubsub_demo/msg/detail/custom_message__traits.hpp
[0.416s] -- Up-to-date: /home/fayez/ros2_ws/install/pubsub_demo/include/pubsub_demo/pubsub_demo/msg/detail/custom_message__struct.hpp
[0.416s] -- Up-to-date: /home/fayez/ros2_ws/install/pubsub_demo/include/pubsub_demo/pubsub_demo/msg/detail/custom_message__type_support.hpp
[0.416s] -- Up-to-date: /home/fayez/ros2_ws/install/pubsub_demo/include/pubsub_demo/pubsub_demo/msg/detail/custom_message__builder.hpp
[0.416s] -- Up-to-date: /home/fayez/ros2_ws/install/pubsub_demo/include/pubsub_demo/pubsub_demo/srv
[0.416s] -- Up-to-date: /home/fayez/ros2_ws/install/pubsub_demo/include/pubsub_demo/pubsub_demo/srv/detail
[0.417s] -- Up-to-date: /home/fayez/ros2_ws/install/pubsub_demo/include/pubsub_demo/pubsub_demo/srv/detail/custom_service__traits.hpp
[0.417s] -- Up-to-date: /home/fayez/ros2_ws/install/pubsub_demo/include/pubsub_demo/pubsub_demo/srv/detail/custom_service__builder.hpp
[0.417s] -- Up-to-date: /home/fayez/ros2_ws/install/pubsub_demo/include/pubsub_demo/pubsub_demo/srv/detail/custom_service__type_support.hpp
[0.417s] -- Up-to-date: /home/fayez/ros2_ws/install/pubsub_demo/include/pubsub_demo/pubsub_demo/srv/detail/custom_service__struct.hpp
[0.417s] -- Up-to-date: /home/fayez/ros2_ws/install/pubsub_demo/include/pubsub_demo/pubsub_demo/srv/custom_service.hpp
[0.417s] -- Up-to-date: /home/fayez/ros2_ws/install/pubsub_demo/include/pubsub_demo/pubsub_demo
[0.417s] -- Up-to-date: /home/fayez/ros2_ws/install/pubsub_demo/include/pubsub_demo/pubsub_demo/msg
[0.417s] -- Up-to-date: /home/fayez/ros2_ws/install/pubsub_demo/include/pubsub_demo/pubsub_demo/msg/rosidl_typesupport_fastrtps_cpp__visibility_control.h
[0.417s] -- Up-to-date: /home/fayez/ros2_ws/install/pubsub_demo/include/pubsub_demo/pubsub_demo/msg/detail
[0.418s] -- Up-to-date: /home/fayez/ros2_ws/install/pubsub_demo/include/pubsub_demo/pubsub_demo/msg/detail/custom_message__rosidl_typesupport_fastrtps_cpp.hpp
[0.418s] -- Up-to-date: /home/fayez/ros2_ws/install/pubsub_demo/include/pubsub_demo/pubsub_demo/msg/detail/dds_fastrtps
[0.418s] -- Up-to-date: /home/fayez/ros2_ws/install/pubsub_demo/include/pubsub_demo/pubsub_demo/srv
[0.418s] -- Up-to-date: /home/fayez/ros2_ws/install/pubsub_demo/include/pubsub_demo/pubsub_demo/srv/detail
[0.419s] -- Up-to-date: /home/fayez/ros2_ws/install/pubsub_demo/include/pubsub_demo/pubsub_demo/srv/detail/custom_service__rosidl_typesupport_fastrtps_cpp.hpp
[0.419s] -- Up-to-date: /home/fayez/ros2_ws/install/pubsub_demo/include/pubsub_demo/pubsub_demo/srv/detail/dds_fastrtps
[0.419s] -- Up-to-date: /home/fayez/ros2_ws/install/pubsub_demo/lib/libpubsub_demo__rosidl_typesupport_fastrtps_cpp.so
[0.419s] -- Up-to-date: /home/fayez/ros2_ws/install/pubsub_demo/include/pubsub_demo/pubsub_demo
[0.420s] -- Up-to-date: /home/fayez/ros2_ws/install/pubsub_demo/include/pubsub_demo/pubsub_demo/msg
[0.420s] -- Up-to-date: /home/fayez/ros2_ws/install/pubsub_demo/include/pubsub_demo/pubsub_demo/msg/rosidl_typesupport_introspection_c__visibility_control.h
[0.420s] -- Up-to-date: /home/fayez/ros2_ws/install/pubsub_demo/include/pubsub_demo/pubsub_demo/msg/detail
[0.420s] -- Up-to-date: /home/fayez/ros2_ws/install/pubsub_demo/include/pubsub_demo/pubsub_demo/msg/detail/custom_message__rosidl_typesupport_introspection_c.h
[0.420s] -- Up-to-date: /home/fayez/ros2_ws/install/pubsub_demo/include/pubsub_demo/pubsub_demo/msg/detail/custom_message__type_support.c
[0.420s] -- Up-to-date: /home/fayez/ros2_ws/install/pubsub_demo/include/pubsub_demo/pubsub_demo/srv
[0.420s] -- Up-to-date: /home/fayez/ros2_ws/install/pubsub_demo/include/pubsub_demo/pubsub_demo/srv/detail
[0.421s] -- Up-to-date: /home/fayez/ros2_ws/install/pubsub_demo/include/pubsub_demo/pubsub_demo/srv/detail/custom_service__rosidl_typesupport_introspection_c.h
[0.421s] -- Up-to-date: /home/fayez/ros2_ws/install/pubsub_demo/include/pubsub_demo/pubsub_demo/srv/detail/custom_service__type_support.c
[0.421s] -- Up-to-date: /home/fayez/ros2_ws/install/pubsub_demo/lib/libpubsub_demo__rosidl_typesupport_introspection_c.so
[0.422s] -- Up-to-date: /home/fayez/ros2_ws/install/pubsub_demo/lib/libpubsub_demo__rosidl_typesupport_c.so
[0.422s] -- Up-to-date: /home/fayez/ros2_ws/install/pubsub_demo/include/pubsub_demo/pubsub_demo
[0.422s] -- Up-to-date: /home/fayez/ros2_ws/install/pubsub_demo/include/pubsub_demo/pubsub_demo/msg
[0.422s] -- Up-to-date: /home/fayez/ros2_ws/install/pubsub_demo/include/pubsub_demo/pubsub_demo/msg/detail
[0.422s] -- Up-to-date: /home/fayez/ros2_ws/install/pubsub_demo/include/pubsub_demo/pubsub_demo/msg/detail/custom_message__rosidl_typesupport_introspection_cpp.hpp
[0.422s] -- Up-to-date: /home/fayez/ros2_ws/install/pubsub_demo/include/pubsub_demo/pubsub_demo/msg/detail/custom_message__type_support.cpp
[0.422s] -- Up-to-date: /home/fayez/ros2_ws/install/pubsub_demo/include/pubsub_demo/pubsub_demo/srv
[0.423s] -- Up-to-date: /home/fayez/ros2_ws/install/pubsub_demo/include/pubsub_demo/pubsub_demo/srv/detail
[0.423s] -- Up-to-date: /home/fayez/ros2_ws/install/pubsub_demo/include/pubsub_demo/pubsub_demo/srv/detail/custom_service__rosidl_typesupport_introspection_cpp.hpp
[0.423s] -- Up-to-date: /home/fayez/ros2_ws/install/pubsub_demo/include/pubsub_demo/pubsub_demo/srv/detail/custom_service__type_support.cpp
[0.424s] -- Up-to-date: /home/fayez/ros2_ws/install/pubsub_demo/lib/libpubsub_demo__rosidl_typesupport_introspection_cpp.so
[0.424s] -- Up-to-date: /home/fayez/ros2_ws/install/pubsub_demo/lib/libpubsub_demo__rosidl_typesupport_cpp.so
[0.424s] -- Up-to-date: /home/fayez/ros2_ws/install/pubsub_demo/share/pubsub_demo/environment/pythonpath.sh
[0.424s] -- Up-to-date: /home/fayez/ros2_ws/install/pubsub_demo/share/pubsub_demo/environment/pythonpath.dsv
[0.425s] -- Up-to-date: /home/fayez/ros2_ws/install/pubsub_demo/lib/python3.12/site-packages/pubsub_demo-0.0.1-py3.12.egg-info
[0.425s] -- Installing: /home/fayez/ros2_ws/install/pubsub_demo/lib/python3.12/site-packages/pubsub_demo-0.0.1-py3.12.egg-info/PKG-INFO
[0.425s] -- Installing: /home/fayez/ros2_ws/install/pubsub_demo/lib/python3.12/site-packages/pubsub_demo-0.0.1-py3.12.egg-info/dependency_links.txt
[0.425s] -- Installing: /home/fayez/ros2_ws/install/pubsub_demo/lib/python3.12/site-packages/pubsub_demo-0.0.1-py3.12.egg-info/top_level.txt
[0.425s] -- Installing: /home/fayez/ros2_ws/install/pubsub_demo/lib/python3.12/site-packages/pubsub_demo-0.0.1-py3.12.egg-info/SOURCES.txt
[0.425s] -- Up-to-date: /home/fayez/ros2_ws/install/pubsub_demo/lib/python3.12/site-packages/pubsub_demo
[0.425s] -- Up-to-date: /home/fayez/ros2_ws/install/pubsub_demo/lib/python3.12/site-packages/pubsub_demo/pubsub_demo_s__rosidl_typesupport_fastrtps_c.so
[0.425s] -- Up-to-date: /home/fayez/ros2_ws/install/pubsub_demo/lib/python3.12/site-packages/pubsub_demo/__init__.py
[0.425s] -- Up-to-date: /home/fayez/ros2_ws/install/pubsub_demo/lib/python3.12/site-packages/pubsub_demo/_pubsub_demo_s.ep.rosidl_typesupport_c.c
[0.425s] -- Up-to-date: /home/fayez/ros2_ws/install/pubsub_demo/lib/python3.12/site-packages/pubsub_demo/msg
[0.425s] -- Up-to-date: /home/fayez/ros2_ws/install/pubsub_demo/lib/python3.12/site-packages/pubsub_demo/msg/__init__.py
[0.425s] -- Up-to-date: /home/fayez/ros2_ws/install/pubsub_demo/lib/python3.12/site-packages/pubsub_demo/msg/_custom_message.py
[0.425s] -- Up-to-date: /home/fayez/ros2_ws/install/pubsub_demo/lib/python3.12/site-packages/pubsub_demo/msg/_custom_message_s.c
[0.425s] -- Up-to-date: /home/fayez/ros2_ws/install/pubsub_demo/lib/python3.12/site-packages/pubsub_demo/pubsub_demo_s__rosidl_typesupport_c.so
[0.425s] -- Up-to-date: /home/fayez/ros2_ws/install/pubsub_demo/lib/python3.12/site-packages/pubsub_demo/pubsub_demo_s__rosidl_typesupport_introspection_c.so
[0.425s] -- Up-to-date: /home/fayez/ros2_ws/install/pubsub_demo/lib/python3.12/site-packages/pubsub_demo/srv
[0.425s] -- Up-to-date: /home/fayez/ros2_ws/install/pubsub_demo/lib/python3.12/site-packages/pubsub_demo/srv/_custom_service_s.c
[0.425s] -- Up-to-date: /home/fayez/ros2_ws/install/pubsub_demo/lib/python3.12/site-packages/pubsub_demo/srv/__init__.py
[0.425s] -- Up-to-date: /home/fayez/ros2_ws/install/pubsub_demo/lib/python3.12/site-packages/pubsub_demo/srv/_custom_service.py
[0.425s] -- Up-to-date: /home/fayez/ros2_ws/install/pubsub_demo/lib/python3.12/site-packages/pubsub_demo/_pubsub_demo_s.ep.rosidl_typesupport_introspection_c.c
[0.426s] -- Up-to-date: /home/fayez/ros2_ws/install/pubsub_demo/lib/python3.12/site-packages/pubsub_demo/_pubsub_demo_s.ep.rosidl_typesupport_fastrtps_c.c
[0.449s] Listing '/home/fayez/ros2_ws/install/pubsub_demo/lib/python3.12/site-packages/pubsub_demo'...
[0.449s] Listing '/home/fayez/ros2_ws/install/pubsub_demo/lib/python3.12/site-packages/pubsub_demo/msg'...
[0.449s] Listing '/home/fayez/ros2_ws/install/pubsub_demo/lib/python3.12/site-packages/pubsub_demo/srv'...
[0.453s] -- Up-to-date: /home/fayez/ros2_ws/install/pubsub_demo/lib/python3.12/site-packages/pubsub_demo/pubsub_demo_s__rosidl_typesupport_fastrtps_c.so
[0.453s] -- Up-to-date: /home/fayez/ros2_ws/install/pubsub_demo/lib/python3.12/site-packages/pubsub_demo/pubsub_demo_s__rosidl_typesupport_introspection_c.so
[0.454s] -- Up-to-date: /home/fayez/ros2_ws/install/pubsub_demo/lib/python3.12/site-packages/pubsub_demo/pubsub_demo_s__rosidl_typesupport_c.so
[0.455s] -- Up-to-date: /home/fayez/ros2_ws/install/pubsub_demo/lib/libpubsub_demo__rosidl_generator_py.so
[0.455s] -- Up-to-date: /home/fayez/ros2_ws/install/pubsub_demo/share/pubsub_demo/msg/CustomMessage.idl
[0.455s] -- Up-to-date: /home/fayez/ros2_ws/install/pubsub_demo/share/pubsub_demo/srv/CustomService.idl
[0.455s] -- Up-to-date: /home/fayez/ros2_ws/install/pubsub_demo/share/pubsub_demo/msg/CustomMessage.msg
[0.455s] -- Up-to-date: /home/fayez/ros2_ws/install/pubsub_demo/share/pubsub_demo/srv/CustomService.srv
[0.455s] -- Installing: /home/fayez/ros2_ws/install/pubsub_demo/lib/pubsub_demo/talker.py
[0.455s] -- Installing: /home/fayez/ros2_ws/install/pubsub_demo/lib/pubsub_demo/listener.py
[0.455s] -- Installing: /home/fayez/ros2_ws/install/pubsub_demo/lib/pubsub_demo/client.py
[0.456s] -- Installing: /home/fayez/ros2_ws/install/pubsub_demo/lib/pubsub_demo/server.py
[0.456s] -- Up-to-date: /home/fayez/ros2_ws/install/pubsub_demo/share/pubsub_demo/
[0.456s] -- Up-to-date: /home/fayez/ros2_ws/install/pubsub_demo/share/pubsub_demo//pubsub_demo
[0.456s] -- Up-to-date: /home/fayez/ros2_ws/install/pubsub_demo/share/ament_index/resource_index/package_run_dependencies/pubsub_demo
[0.456s] -- Up-to-date: /home/fayez/ros2_ws/install/pubsub_demo/share/ament_index/resource_index/parent_prefix_path/pubsub_demo
[0.456s] -- Up-to-date: /home/fayez/ros2_ws/install/pubsub_demo/share/pubsub_demo/environment/ament_prefix_path.sh
[0.456s] -- Up-to-date: /home/fayez/ros2_ws/install/pubsub_demo/share/pubsub_demo/environment/ament_prefix_path.dsv
[0.456s] -- Up-to-date: /home/fayez/ros2_ws/install/pubsub_demo/share/pubsub_demo/environment/path.sh
[0.457s] -- Up-to-date: /home/fayez/ros2_ws/install/pubsub_demo/share/pubsub_demo/environment/path.dsv
[0.457s] -- Up-to-date: /home/fayez/ros2_ws/install/pubsub_demo/share/pubsub_demo/local_setup.bash
[0.457s] -- Up-to-date: /home/fayez/ros2_ws/install/pubsub_demo/share/pubsub_demo/local_setup.sh
[0.457s] -- Up-to-date: /home/fayez/ros2_ws/install/pubsub_demo/share/pubsub_demo/local_setup.zsh
[0.457s] -- Up-to-date: /home/fayez/ros2_ws/install/pubsub_demo/share/pubsub_demo/local_setup.dsv
[0.457s] -- Installing: /home/fayez/ros2_ws/install/pubsub_demo/share/pubsub_demo/package.dsv
[0.457s] -- Up-to-date: /home/fayez/ros2_ws/install/pubsub_demo/share/ament_index/resource_index/packages/pubsub_demo
[0.457s] -- Up-to-date: /home/fayez/ros2_ws/install/pubsub_demo/share/pubsub_demo/cmake/export_pubsub_demo__rosidl_generator_cExport.cmake
[0.457s] -- Up-to-date: /home/fayez/ros2_ws/install/pubsub_demo/share/pubsub_demo/cmake/export_pubsub_demo__rosidl_generator_cExport-noconfig.cmake
[0.458s] -- Up-to-date: /home/fayez/ros2_ws/install/pubsub_demo/share/pubsub_demo/cmake/export_pubsub_demo__rosidl_typesupport_fastrtps_cExport.cmake
[0.458s] -- Up-to-date: /home/fayez/ros2_ws/install/pubsub_demo/share/pubsub_demo/cmake/export_pubsub_demo__rosidl_typesupport_fastrtps_cExport-noconfig.cmake
[0.458s] -- Up-to-date: /home/fayez/ros2_ws/install/pubsub_demo/share/pubsub_demo/cmake/export_pubsub_demo__rosidl_generator_cppExport.cmake
[0.459s] -- Up-to-date: /home/fayez/ros2_ws/install/pubsub_demo/share/pubsub_demo/cmake/export_pubsub_demo__rosidl_typesupport_fastrtps_cppExport.cmake
[0.459s] -- Up-to-date: /home/fayez/ros2_ws/install/pubsub_demo/share/pubsub_demo/cmake/export_pubsub_demo__rosidl_typesupport_fastrtps_cppExport-noconfig.cmake
[0.459s] -- Up-to-date: /home/fayez/ros2_ws/install/pubsub_demo/share/pubsub_demo/cmake/pubsub_demo__rosidl_typesupport_introspection_cExport.cmake
[0.459s] -- Up-to-date: /home/fayez/ros2_ws/install/pubsub_demo/share/pubsub_demo/cmake/pubsub_demo__rosidl_typesupport_introspection_cExport-noconfig.cmake
[0.460s] -- Up-to-date: /home/fayez/ros2_ws/install/pubsub_demo/share/pubsub_demo/cmake/pubsub_demo__rosidl_typesupport_cExport.cmake
[0.460s] -- Up-to-date: /home/fayez/ros2_ws/install/pubsub_demo/share/pubsub_demo/cmake/pubsub_demo__rosidl_typesupport_cExport-noconfig.cmake
[0.460s] -- Up-to-date: /home/fayez/ros2_ws/install/pubsub_demo/share/pubsub_demo/cmake/pubsub_demo__rosidl_typesupport_introspection_cppExport.cmake
[0.460s] -- Up-to-date: /home/fayez/ros2_ws/install/pubsub_demo/share/pubsub_demo/cmake/pubsub_demo__rosidl_typesupport_introspection_cppExport-noconfig.cmake
[0.461s] -- Up-to-date: /home/fayez/ros2_ws/install/pubsub_demo/share/pubsub_demo/cmake/pubsub_demo__rosidl_typesupport_cppExport.cmake
[0.461s] -- Up-to-date: /home/fayez/ros2_ws/install/pubsub_demo/share/pubsub_demo/cmake/pubsub_demo__rosidl_typesupport_cppExport-noconfig.cmake
[0.461s] -- Up-to-date: /home/fayez/ros2_ws/install/pubsub_demo/share/pubsub_demo/cmake/export_pubsub_demo__rosidl_generator_pyExport.cmake
[0.461s] -- Up-to-date: /home/fayez/ros2_ws/install/pubsub_demo/share/pubsub_demo/cmake/export_pubsub_demo__rosidl_generator_pyExport-noconfig.cmake
[0.461s] -- Up-to-date: /home/fayez/ros2_ws/install/pubsub_demo/share/pubsub_demo/cmake/rosidl_cmake-extras.cmake
[0.461s] -- Up-to-date: /home/fayez/ros2_ws/install/pubsub_demo/share/pubsub_demo/cmake/ament_cmake_export_dependencies-extras.cmake
[0.462s] -- Up-to-date: /home/fayez/ros2_ws/install/pubsub_demo/share/pubsub_demo/cmake/ament_cmake_export_include_directories-extras.cmake
[0.462s] -- Up-to-date: /home/fayez/ros2_ws/install/pubsub_demo/share/pubsub_demo/cmake/ament_cmake_export_libraries-extras.cmake
[0.462s] -- Up-to-date: /home/fayez/ros2_ws/install/pubsub_demo/share/pubsub_demo/cmake/ament_cmake_export_targets-extras.cmake
[0.462s] -- Up-to-date: /home/fayez/ros2_ws/install/pubsub_demo/share/pubsub_demo/cmake/rosidl_cmake_export_typesupport_targets-extras.cmake
[0.462s] -- Up-to-date: /home/fayez/ros2_ws/install/pubsub_demo/share/pubsub_demo/cmake/rosidl_cmake_export_typesupport_libraries-extras.cmake
[0.462s] -- Up-to-date: /home/fayez/ros2_ws/install/pubsub_demo/share/pubsub_demo/cmake/pubsub_demoConfig.cmake
[0.462s] -- Up-to-date: /home/fayez/ros2_ws/install/pubsub_demo/share/pubsub_demo/cmake/pubsub_demoConfig-version.cmake
[0.462s] -- Up-to-date: /home/fayez/ros2_ws/install/pubsub_demo/share/pubsub_demo/package.xml
[0.463s] Invoked command in '/home/fayez/ros2_ws/build/pubsub_demo' returned '0': CMAKE_PREFIX_PATH=${CMAKE_PREFIX_PATH}:/opt/ros/rolling /usr/bin/cmake --install /home/fayez/ros2_ws/build/pubsub_demo
