[0.222s] Invoking command in '/home/fayez/ros2_ws/build/pubsub_demo': CMAKE_PREFIX_PATH=${CMAKE_PREFIX_PATH}:/home/fayez/ros2_ws/install/formation_saha_barhoum:/opt/ros/rolling /usr/bin/cmake --build /home/fayez/ros2_ws/build/pubsub_demo -- -j20 -l20
[0.390s] [  2%] Built target pubsub_demo__rosidl_generator_type_description
[0.407s] [  2%] Built target ament_cmake_python_copy_pubsub_demo
[0.407s] [  4%] Built target pubsub_demo__cpp
[0.411s] [ 22%] Built target pubsub_demo__rosidl_generator_c
[0.431s] [ 31%] Built target pubsub_demo__rosidl_typesupport_c
[0.431s] [ 40%] Built target pubsub_demo__rosidl_typesupport_cpp
[0.433s] [ 50%] Built target pubsub_demo__rosidl_typesupport_introspection_cpp
[0.433s] [ 59%] Built target pubsub_demo__rosidl_typesupport_fastrtps_c
[0.433s] [ 68%] Built target pubsub_demo__rosidl_typesupport_fastrtps_cpp
[0.435s] [ 77%] Built target pubsub_demo__rosidl_typesupport_introspection_c
[0.448s] [ 77%] Built target pubsub_demo
[0.462s] [ 79%] Built target pubsub_demo__py
[0.480s] [ 86%] Built target pubsub_demo__rosidl_generator_py
[0.498s] [ 90%] Built target pubsub_demo_s__rosidl_typesupport_fastrtps_c
[0.499s] [ 97%] Built target pubsub_demo_s__rosidl_typesupport_c
[0.499s] [100%] Built target pubsub_demo_s__rosidl_typesupport_introspection_c
[0.662s] running egg_info
[0.674s] writing pubsub_demo.egg-info/PKG-INFO
[0.676s] writing dependency_links to pubsub_demo.egg-info/dependency_links.txt
[0.676s] writing top-level names to pubsub_demo.egg-info/top_level.txt
[0.705s] reading manifest file 'pubsub_demo.egg-info/SOURCES.txt'
[0.706s] writing manifest file 'pubsub_demo.egg-info/SOURCES.txt'
[0.730s] [100%] Built target ament_cmake_python_build_pubsub_demo_egg
[0.737s] Invoked command in '/home/fayez/ros2_ws/build/pubsub_demo' returned '0': CMAKE_PREFIX_PATH=${CMAKE_PREFIX_PATH}:/home/fayez/ros2_ws/install/formation_saha_barhoum:/opt/ros/rolling /usr/bin/cmake --build /home/fayez/ros2_ws/build/pubsub_demo -- -j20 -l20
[0.745s] Invoking command in '/home/fayez/ros2_ws/build/pubsub_demo': CMAKE_PREFIX_PATH=${CMAKE_PREFIX_PATH}:/home/fayez/ros2_ws/install/formation_saha_barhoum:/opt/ros/rolling /usr/bin/cmake --install /home/fayez/ros2_ws/build/pubsub_demo
[0.751s] -- Install configuration: ""
[0.752s] -- Up-to-date: /home/fayez/ros2_ws/install/pubsub_demo/share/ament_index/resource_index/rosidl_interfaces/pubsub_demo
[0.752s] -- Up-to-date: /home/fayez/ros2_ws/install/pubsub_demo/share/pubsub_demo/msg/CustomMessage.json
[0.752s] -- Up-to-date: /home/fayez/ros2_ws/install/pubsub_demo/share/pubsub_demo/srv/CustomService.json
[0.752s] -- Up-to-date: /home/fayez/ros2_ws/install/pubsub_demo/include/pubsub_demo/pubsub_demo
[0.752s] -- Up-to-date: /home/fayez/ros2_ws/install/pubsub_demo/include/pubsub_demo/pubsub_demo/msg
[0.752s] -- Up-to-date: /home/fayez/ros2_ws/install/pubsub_demo/include/pubsub_demo/pubsub_demo/msg/rosidl_generator_c__visibility_control.h
[0.752s] -- Up-to-date: /home/fayez/ros2_ws/install/pubsub_demo/include/pubsub_demo/pubsub_demo/msg/detail
[0.753s] -- Up-to-date: /home/fayez/ros2_ws/install/pubsub_demo/include/pubsub_demo/pubsub_demo/msg/detail/custom_message__functions.h
[0.753s] -- Up-to-date: /home/fayez/ros2_ws/install/pubsub_demo/include/pubsub_demo/pubsub_demo/msg/detail/custom_message__functions.c
[0.753s] -- Up-to-date: /home/fayez/ros2_ws/install/pubsub_demo/include/pubsub_demo/pubsub_demo/msg/detail/custom_message__description.c
[0.753s] -- Up-to-date: /home/fayez/ros2_ws/install/pubsub_demo/include/pubsub_demo/pubsub_demo/msg/detail/custom_message__type_support.c
[0.753s] -- Up-to-date: /home/fayez/ros2_ws/install/pubsub_demo/include/pubsub_demo/pubsub_demo/msg/detail/custom_message__type_support.h
[0.753s] -- Up-to-date: /home/fayez/ros2_ws/install/pubsub_demo/include/pubsub_demo/pubsub_demo/msg/detail/custom_message__struct.h
[0.753s] -- Up-to-date: /home/fayez/ros2_ws/install/pubsub_demo/include/pubsub_demo/pubsub_demo/msg/custom_message.h
[0.754s] -- Up-to-date: /home/fayez/ros2_ws/install/pubsub_demo/include/pubsub_demo/pubsub_demo/srv
[0.754s] -- Up-to-date: /home/fayez/ros2_ws/install/pubsub_demo/include/pubsub_demo/pubsub_demo/srv/custom_service.h
[0.754s] -- Up-to-date: /home/fayez/ros2_ws/install/pubsub_demo/include/pubsub_demo/pubsub_demo/srv/detail
[0.754s] -- Up-to-date: /home/fayez/ros2_ws/install/pubsub_demo/include/pubsub_demo/pubsub_demo/srv/detail/custom_service__functions.c
[0.754s] -- Up-to-date: /home/fayez/ros2_ws/install/pubsub_demo/include/pubsub_demo/pubsub_demo/srv/detail/custom_service__type_support.h
[0.754s] -- Up-to-date: /home/fayez/ros2_ws/install/pubsub_demo/include/pubsub_demo/pubsub_demo/srv/detail/custom_service__type_support.c
[0.754s] -- Up-to-date: /home/fayez/ros2_ws/install/pubsub_demo/include/pubsub_demo/pubsub_demo/srv/detail/custom_service__functions.h
[0.754s] -- Up-to-date: /home/fayez/ros2_ws/install/pubsub_demo/include/pubsub_demo/pubsub_demo/srv/detail/custom_service__struct.h
[0.754s] -- Up-to-date: /home/fayez/ros2_ws/install/pubsub_demo/include/pubsub_demo/pubsub_demo/srv/detail/custom_service__description.c
[0.754s] -- Up-to-date: /home/fayez/ros2_ws/install/pubsub_demo/share/pubsub_demo/environment/library_path.sh
[0.754s] -- Up-to-date: /home/fayez/ros2_ws/install/pubsub_demo/share/pubsub_demo/environment/library_path.dsv
[0.755s] -- Up-to-date: /home/fayez/ros2_ws/install/pubsub_demo/lib/libpubsub_demo__rosidl_generator_c.so
[0.755s] -- Up-to-date: /home/fayez/ros2_ws/install/pubsub_demo/include/pubsub_demo/pubsub_demo
[0.755s] -- Up-to-date: /home/fayez/ros2_ws/install/pubsub_demo/include/pubsub_demo/pubsub_demo/msg
[0.755s] -- Up-to-date: /home/fayez/ros2_ws/install/pubsub_demo/include/pubsub_demo/pubsub_demo/msg/rosidl_typesupport_fastrtps_c__visibility_control.h
[0.755s] -- Up-to-date: /home/fayez/ros2_ws/install/pubsub_demo/include/pubsub_demo/pubsub_demo/msg/detail
[0.755s] -- Up-to-date: /home/fayez/ros2_ws/install/pubsub_demo/include/pubsub_demo/pubsub_demo/msg/detail/custom_message__rosidl_typesupport_fastrtps_c.h
[0.755s] -- Up-to-date: /home/fayez/ros2_ws/install/pubsub_demo/include/pubsub_demo/pubsub_demo/srv
[0.756s] -- Up-to-date: /home/fayez/ros2_ws/install/pubsub_demo/include/pubsub_demo/pubsub_demo/srv/detail
[0.756s] -- Up-to-date: /home/fayez/ros2_ws/install/pubsub_demo/include/pubsub_demo/pubsub_demo/srv/detail/custom_service__rosidl_typesupport_fastrtps_c.h
[0.757s] -- Up-to-date: /home/fayez/ros2_ws/install/pubsub_demo/lib/libpubsub_demo__rosidl_typesupport_fastrtps_c.so
[0.757s] -- Up-to-date: /home/fayez/ros2_ws/install/pubsub_demo/include/pubsub_demo/pubsub_demo
[0.757s] -- Up-to-date: /home/fayez/ros2_ws/install/pubsub_demo/include/pubsub_demo/pubsub_demo/msg
[0.757s] -- Up-to-date: /home/fayez/ros2_ws/install/pubsub_demo/include/pubsub_demo/pubsub_demo/msg/rosidl_generator_cpp__visibility_control.hpp
[0.757s] -- Up-to-date: /home/fayez/ros2_ws/install/pubsub_demo/include/pubsub_demo/pubsub_demo/msg/custom_message.hpp
[0.757s] -- Up-to-date: /home/fayez/ros2_ws/install/pubsub_demo/include/pubsub_demo/pubsub_demo/msg/detail
[0.757s] -- Up-to-date: /home/fayez/ros2_ws/install/pubsub_demo/include/pubsub_demo/pubsub_demo/msg/detail/custom_message__traits.hpp
[0.758s] -- Up-to-date: /home/fayez/ros2_ws/install/pubsub_demo/include/pubsub_demo/pubsub_demo/msg/detail/custom_message__struct.hpp
[0.758s] -- Up-to-date: /home/fayez/ros2_ws/install/pubsub_demo/include/pubsub_demo/pubsub_demo/msg/detail/custom_message__type_support.hpp
[0.758s] -- Up-to-date: /home/fayez/ros2_ws/install/pubsub_demo/include/pubsub_demo/pubsub_demo/msg/detail/custom_message__builder.hpp
[0.758s] -- Up-to-date: /home/fayez/ros2_ws/install/pubsub_demo/include/pubsub_demo/pubsub_demo/srv
[0.758s] -- Up-to-date: /home/fayez/ros2_ws/install/pubsub_demo/include/pubsub_demo/pubsub_demo/srv/detail
[0.758s] -- Up-to-date: /home/fayez/ros2_ws/install/pubsub_demo/include/pubsub_demo/pubsub_demo/srv/detail/custom_service__traits.hpp
[0.758s] -- Up-to-date: /home/fayez/ros2_ws/install/pubsub_demo/include/pubsub_demo/pubsub_demo/srv/detail/custom_service__builder.hpp
[0.758s] -- Up-to-date: /home/fayez/ros2_ws/install/pubsub_demo/include/pubsub_demo/pubsub_demo/srv/detail/custom_service__type_support.hpp
[0.758s] -- Up-to-date: /home/fayez/ros2_ws/install/pubsub_demo/include/pubsub_demo/pubsub_demo/srv/detail/custom_service__struct.hpp
[0.758s] -- Up-to-date: /home/fayez/ros2_ws/install/pubsub_demo/include/pubsub_demo/pubsub_demo/srv/custom_service.hpp
[0.758s] -- Up-to-date: /home/fayez/ros2_ws/install/pubsub_demo/include/pubsub_demo/pubsub_demo
[0.758s] -- Up-to-date: /home/fayez/ros2_ws/install/pubsub_demo/include/pubsub_demo/pubsub_demo/msg
[0.759s] -- Up-to-date: /home/fayez/ros2_ws/install/pubsub_demo/include/pubsub_demo/pubsub_demo/msg/rosidl_typesupport_fastrtps_cpp__visibility_control.h
[0.759s] -- Up-to-date: /home/fayez/ros2_ws/install/pubsub_demo/include/pubsub_demo/pubsub_demo/msg/detail
[0.759s] -- Up-to-date: /home/fayez/ros2_ws/install/pubsub_demo/include/pubsub_demo/pubsub_demo/msg/detail/custom_message__rosidl_typesupport_fastrtps_cpp.hpp
[0.759s] -- Up-to-date: /home/fayez/ros2_ws/install/pubsub_demo/include/pubsub_demo/pubsub_demo/msg/detail/dds_fastrtps
[0.759s] -- Up-to-date: /home/fayez/ros2_ws/install/pubsub_demo/include/pubsub_demo/pubsub_demo/srv
[0.759s] -- Up-to-date: /home/fayez/ros2_ws/install/pubsub_demo/include/pubsub_demo/pubsub_demo/srv/detail
[0.760s] -- Up-to-date: /home/fayez/ros2_ws/install/pubsub_demo/include/pubsub_demo/pubsub_demo/srv/detail/custom_service__rosidl_typesupport_fastrtps_cpp.hpp
[0.760s] -- Up-to-date: /home/fayez/ros2_ws/install/pubsub_demo/include/pubsub_demo/pubsub_demo/srv/detail/dds_fastrtps
[0.761s] -- Up-to-date: /home/fayez/ros2_ws/install/pubsub_demo/lib/libpubsub_demo__rosidl_typesupport_fastrtps_cpp.so
[0.761s] -- Up-to-date: /home/fayez/ros2_ws/install/pubsub_demo/include/pubsub_demo/pubsub_demo
[0.761s] -- Up-to-date: /home/fayez/ros2_ws/install/pubsub_demo/include/pubsub_demo/pubsub_demo/msg
[0.761s] -- Up-to-date: /home/fayez/ros2_ws/install/pubsub_demo/include/pubsub_demo/pubsub_demo/msg/rosidl_typesupport_introspection_c__visibility_control.h
[0.761s] -- Up-to-date: /home/fayez/ros2_ws/install/pubsub_demo/include/pubsub_demo/pubsub_demo/msg/detail
[0.762s] -- Up-to-date: /home/fayez/ros2_ws/install/pubsub_demo/include/pubsub_demo/pubsub_demo/msg/detail/custom_message__rosidl_typesupport_introspection_c.h
[0.762s] -- Up-to-date: /home/fayez/ros2_ws/install/pubsub_demo/include/pubsub_demo/pubsub_demo/msg/detail/custom_message__type_support.c
[0.762s] -- Up-to-date: /home/fayez/ros2_ws/install/pubsub_demo/include/pubsub_demo/pubsub_demo/srv
[0.762s] -- Up-to-date: /home/fayez/ros2_ws/install/pubsub_demo/include/pubsub_demo/pubsub_demo/srv/detail
[0.762s] -- Up-to-date: /home/fayez/ros2_ws/install/pubsub_demo/include/pubsub_demo/pubsub_demo/srv/detail/custom_service__rosidl_typesupport_introspection_c.h
[0.762s] -- Up-to-date: /home/fayez/ros2_ws/install/pubsub_demo/include/pubsub_demo/pubsub_demo/srv/detail/custom_service__type_support.c
[0.763s] -- Up-to-date: /home/fayez/ros2_ws/install/pubsub_demo/lib/libpubsub_demo__rosidl_typesupport_introspection_c.so
[0.763s] -- Up-to-date: /home/fayez/ros2_ws/install/pubsub_demo/lib/libpubsub_demo__rosidl_typesupport_c.so
[0.764s] -- Up-to-date: /home/fayez/ros2_ws/install/pubsub_demo/include/pubsub_demo/pubsub_demo
[0.764s] -- Up-to-date: /home/fayez/ros2_ws/install/pubsub_demo/include/pubsub_demo/pubsub_demo/msg
[0.764s] -- Up-to-date: /home/fayez/ros2_ws/install/pubsub_demo/include/pubsub_demo/pubsub_demo/msg/detail
[0.764s] -- Up-to-date: /home/fayez/ros2_ws/install/pubsub_demo/include/pubsub_demo/pubsub_demo/msg/detail/custom_message__rosidl_typesupport_introspection_cpp.hpp
[0.765s] -- Up-to-date: /home/fayez/ros2_ws/install/pubsub_demo/include/pubsub_demo/pubsub_demo/msg/detail/custom_message__type_support.cpp
[0.765s] -- Up-to-date: /home/fayez/ros2_ws/install/pubsub_demo/include/pubsub_demo/pubsub_demo/srv
[0.765s] -- Up-to-date: /home/fayez/ros2_ws/install/pubsub_demo/include/pubsub_demo/pubsub_demo/srv/detail
[0.765s] -- Up-to-date: /home/fayez/ros2_ws/install/pubsub_demo/include/pubsub_demo/pubsub_demo/srv/detail/custom_service__rosidl_typesupport_introspection_cpp.hpp
[0.765s] -- Up-to-date: /home/fayez/ros2_ws/install/pubsub_demo/include/pubsub_demo/pubsub_demo/srv/detail/custom_service__type_support.cpp
[0.766s] -- Up-to-date: /home/fayez/ros2_ws/install/pubsub_demo/lib/libpubsub_demo__rosidl_typesupport_introspection_cpp.so
[0.767s] -- Up-to-date: /home/fayez/ros2_ws/install/pubsub_demo/lib/libpubsub_demo__rosidl_typesupport_cpp.so
[0.767s] -- Up-to-date: /home/fayez/ros2_ws/install/pubsub_demo/share/pubsub_demo/environment/pythonpath.sh
[0.767s] -- Up-to-date: /home/fayez/ros2_ws/install/pubsub_demo/share/pubsub_demo/environment/pythonpath.dsv
[0.767s] -- Up-to-date: /home/fayez/ros2_ws/install/pubsub_demo/lib/python3.12/site-packages/pubsub_demo-0.0.1-py3.12.egg-info
[0.767s] -- Installing: /home/fayez/ros2_ws/install/pubsub_demo/lib/python3.12/site-packages/pubsub_demo-0.0.1-py3.12.egg-info/PKG-INFO
[0.767s] -- Installing: /home/fayez/ros2_ws/install/pubsub_demo/lib/python3.12/site-packages/pubsub_demo-0.0.1-py3.12.egg-info/dependency_links.txt
[0.767s] -- Installing: /home/fayez/ros2_ws/install/pubsub_demo/lib/python3.12/site-packages/pubsub_demo-0.0.1-py3.12.egg-info/top_level.txt
[0.768s] -- Installing: /home/fayez/ros2_ws/install/pubsub_demo/lib/python3.12/site-packages/pubsub_demo-0.0.1-py3.12.egg-info/SOURCES.txt
[0.768s] -- Up-to-date: /home/fayez/ros2_ws/install/pubsub_demo/lib/python3.12/site-packages/pubsub_demo
[0.768s] -- Up-to-date: /home/fayez/ros2_ws/install/pubsub_demo/lib/python3.12/site-packages/pubsub_demo/pubsub_demo_s__rosidl_typesupport_fastrtps_c.so
[0.768s] -- Up-to-date: /home/fayez/ros2_ws/install/pubsub_demo/lib/python3.12/site-packages/pubsub_demo/__init__.py
[0.768s] -- Up-to-date: /home/fayez/ros2_ws/install/pubsub_demo/lib/python3.12/site-packages/pubsub_demo/_pubsub_demo_s.ep.rosidl_typesupport_c.c
[0.768s] -- Up-to-date: /home/fayez/ros2_ws/install/pubsub_demo/lib/python3.12/site-packages/pubsub_demo/msg
[0.768s] -- Up-to-date: /home/fayez/ros2_ws/install/pubsub_demo/lib/python3.12/site-packages/pubsub_demo/msg/__init__.py
[0.768s] -- Up-to-date: /home/fayez/ros2_ws/install/pubsub_demo/lib/python3.12/site-packages/pubsub_demo/msg/_custom_message.py
[0.768s] -- Up-to-date: /home/fayez/ros2_ws/install/pubsub_demo/lib/python3.12/site-packages/pubsub_demo/msg/_custom_message_s.c
[0.768s] -- Up-to-date: /home/fayez/ros2_ws/install/pubsub_demo/lib/python3.12/site-packages/pubsub_demo/pubsub_demo_s__rosidl_typesupport_c.so
[0.768s] -- Up-to-date: /home/fayez/ros2_ws/install/pubsub_demo/lib/python3.12/site-packages/pubsub_demo/pubsub_demo_s__rosidl_typesupport_introspection_c.so
[0.768s] -- Up-to-date: /home/fayez/ros2_ws/install/pubsub_demo/lib/python3.12/site-packages/pubsub_demo/srv
[0.768s] -- Up-to-date: /home/fayez/ros2_ws/install/pubsub_demo/lib/python3.12/site-packages/pubsub_demo/srv/_custom_service_s.c
[0.768s] -- Up-to-date: /home/fayez/ros2_ws/install/pubsub_demo/lib/python3.12/site-packages/pubsub_demo/srv/__init__.py
[0.768s] -- Up-to-date: /home/fayez/ros2_ws/install/pubsub_demo/lib/python3.12/site-packages/pubsub_demo/srv/_custom_service.py
[0.768s] -- Up-to-date: /home/fayez/ros2_ws/install/pubsub_demo/lib/python3.12/site-packages/pubsub_demo/_pubsub_demo_s.ep.rosidl_typesupport_introspection_c.c
[0.768s] -- Up-to-date: /home/fayez/ros2_ws/install/pubsub_demo/lib/python3.12/site-packages/pubsub_demo/_pubsub_demo_s.ep.rosidl_typesupport_fastrtps_c.c
[0.800s] Listing '/home/fayez/ros2_ws/install/pubsub_demo/lib/python3.12/site-packages/pubsub_demo'...
[0.800s] Listing '/home/fayez/ros2_ws/install/pubsub_demo/lib/python3.12/site-packages/pubsub_demo/msg'...
[0.800s] Listing '/home/fayez/ros2_ws/install/pubsub_demo/lib/python3.12/site-packages/pubsub_demo/srv'...
[0.805s] -- Up-to-date: /home/fayez/ros2_ws/install/pubsub_demo/lib/python3.12/site-packages/pubsub_demo/pubsub_demo_s__rosidl_typesupport_fastrtps_c.so
[0.806s] -- Up-to-date: /home/fayez/ros2_ws/install/pubsub_demo/lib/python3.12/site-packages/pubsub_demo/pubsub_demo_s__rosidl_typesupport_introspection_c.so
[0.806s] -- Up-to-date: /home/fayez/ros2_ws/install/pubsub_demo/lib/python3.12/site-packages/pubsub_demo/pubsub_demo_s__rosidl_typesupport_c.so
[0.807s] -- Up-to-date: /home/fayez/ros2_ws/install/pubsub_demo/lib/libpubsub_demo__rosidl_generator_py.so
[0.807s] -- Up-to-date: /home/fayez/ros2_ws/install/pubsub_demo/share/pubsub_demo/msg/CustomMessage.idl
[0.807s] -- Up-to-date: /home/fayez/ros2_ws/install/pubsub_demo/share/pubsub_demo/srv/CustomService.idl
[0.808s] -- Up-to-date: /home/fayez/ros2_ws/install/pubsub_demo/share/pubsub_demo/msg/CustomMessage.msg
[0.808s] -- Up-to-date: /home/fayez/ros2_ws/install/pubsub_demo/share/pubsub_demo/srv/CustomService.srv
[0.808s] -- Up-to-date: /home/fayez/ros2_ws/install/pubsub_demo/lib/pubsub_demo/talker.py
[0.808s] -- Up-to-date: /home/fayez/ros2_ws/install/pubsub_demo/lib/pubsub_demo/listener.py
[0.808s] -- Up-to-date: /home/fayez/ros2_ws/install/pubsub_demo/lib/pubsub_demo/client.py
[0.808s] -- Up-to-date: /home/fayez/ros2_ws/install/pubsub_demo/lib/pubsub_demo/server.py
[0.808s] -- Up-to-date: /home/fayez/ros2_ws/install/pubsub_demo/share/pubsub_demo/
[0.808s] -- Up-to-date: /home/fayez/ros2_ws/install/pubsub_demo/share/pubsub_demo//pubsub_demo
[0.808s] -- Up-to-date: /home/fayez/ros2_ws/install/pubsub_demo/share/ament_index/resource_index/package_run_dependencies/pubsub_demo
[0.808s] -- Up-to-date: /home/fayez/ros2_ws/install/pubsub_demo/share/ament_index/resource_index/parent_prefix_path/pubsub_demo
[0.808s] -- Up-to-date: /home/fayez/ros2_ws/install/pubsub_demo/share/pubsub_demo/environment/ament_prefix_path.sh
[0.808s] -- Up-to-date: /home/fayez/ros2_ws/install/pubsub_demo/share/pubsub_demo/environment/ament_prefix_path.dsv
[0.809s] -- Up-to-date: /home/fayez/ros2_ws/install/pubsub_demo/share/pubsub_demo/environment/path.sh
[0.809s] -- Up-to-date: /home/fayez/ros2_ws/install/pubsub_demo/share/pubsub_demo/environment/path.dsv
[0.809s] -- Up-to-date: /home/fayez/ros2_ws/install/pubsub_demo/share/pubsub_demo/local_setup.bash
[0.809s] -- Up-to-date: /home/fayez/ros2_ws/install/pubsub_demo/share/pubsub_demo/local_setup.sh
[0.809s] -- Up-to-date: /home/fayez/ros2_ws/install/pubsub_demo/share/pubsub_demo/local_setup.zsh
[0.809s] -- Up-to-date: /home/fayez/ros2_ws/install/pubsub_demo/share/pubsub_demo/local_setup.dsv
[0.809s] -- Installing: /home/fayez/ros2_ws/install/pubsub_demo/share/pubsub_demo/package.dsv
[0.809s] -- Up-to-date: /home/fayez/ros2_ws/install/pubsub_demo/share/ament_index/resource_index/packages/pubsub_demo
[0.810s] -- Up-to-date: /home/fayez/ros2_ws/install/pubsub_demo/share/pubsub_demo/cmake/export_pubsub_demo__rosidl_generator_cExport.cmake
[0.810s] -- Up-to-date: /home/fayez/ros2_ws/install/pubsub_demo/share/pubsub_demo/cmake/export_pubsub_demo__rosidl_generator_cExport-noconfig.cmake
[0.810s] -- Up-to-date: /home/fayez/ros2_ws/install/pubsub_demo/share/pubsub_demo/cmake/export_pubsub_demo__rosidl_typesupport_fastrtps_cExport.cmake
[0.810s] -- Up-to-date: /home/fayez/ros2_ws/install/pubsub_demo/share/pubsub_demo/cmake/export_pubsub_demo__rosidl_typesupport_fastrtps_cExport-noconfig.cmake
[0.810s] -- Up-to-date: /home/fayez/ros2_ws/install/pubsub_demo/share/pubsub_demo/cmake/export_pubsub_demo__rosidl_generator_cppExport.cmake
[0.811s] -- Up-to-date: /home/fayez/ros2_ws/install/pubsub_demo/share/pubsub_demo/cmake/export_pubsub_demo__rosidl_typesupport_fastrtps_cppExport.cmake
[0.811s] -- Up-to-date: /home/fayez/ros2_ws/install/pubsub_demo/share/pubsub_demo/cmake/export_pubsub_demo__rosidl_typesupport_fastrtps_cppExport-noconfig.cmake
[0.812s] -- Up-to-date: /home/fayez/ros2_ws/install/pubsub_demo/share/pubsub_demo/cmake/pubsub_demo__rosidl_typesupport_introspection_cExport.cmake
[0.812s] -- Up-to-date: /home/fayez/ros2_ws/install/pubsub_demo/share/pubsub_demo/cmake/pubsub_demo__rosidl_typesupport_introspection_cExport-noconfig.cmake
[0.812s] -- Up-to-date: /home/fayez/ros2_ws/install/pubsub_demo/share/pubsub_demo/cmake/pubsub_demo__rosidl_typesupport_cExport.cmake
[0.812s] -- Up-to-date: /home/fayez/ros2_ws/install/pubsub_demo/share/pubsub_demo/cmake/pubsub_demo__rosidl_typesupport_cExport-noconfig.cmake
[0.812s] -- Up-to-date: /home/fayez/ros2_ws/install/pubsub_demo/share/pubsub_demo/cmake/pubsub_demo__rosidl_typesupport_introspection_cppExport.cmake
[0.813s] -- Up-to-date: /home/fayez/ros2_ws/install/pubsub_demo/share/pubsub_demo/cmake/pubsub_demo__rosidl_typesupport_introspection_cppExport-noconfig.cmake
[0.813s] -- Up-to-date: /home/fayez/ros2_ws/install/pubsub_demo/share/pubsub_demo/cmake/pubsub_demo__rosidl_typesupport_cppExport.cmake
[0.813s] -- Up-to-date: /home/fayez/ros2_ws/install/pubsub_demo/share/pubsub_demo/cmake/pubsub_demo__rosidl_typesupport_cppExport-noconfig.cmake
[0.814s] -- Up-to-date: /home/fayez/ros2_ws/install/pubsub_demo/share/pubsub_demo/cmake/export_pubsub_demo__rosidl_generator_pyExport.cmake
[0.814s] -- Up-to-date: /home/fayez/ros2_ws/install/pubsub_demo/share/pubsub_demo/cmake/export_pubsub_demo__rosidl_generator_pyExport-noconfig.cmake
[0.814s] -- Up-to-date: /home/fayez/ros2_ws/install/pubsub_demo/share/pubsub_demo/cmake/rosidl_cmake-extras.cmake
[0.814s] -- Up-to-date: /home/fayez/ros2_ws/install/pubsub_demo/share/pubsub_demo/cmake/ament_cmake_export_dependencies-extras.cmake
[0.814s] -- Up-to-date: /home/fayez/ros2_ws/install/pubsub_demo/share/pubsub_demo/cmake/ament_cmake_export_include_directories-extras.cmake
[0.814s] -- Up-to-date: /home/fayez/ros2_ws/install/pubsub_demo/share/pubsub_demo/cmake/ament_cmake_export_libraries-extras.cmake
[0.814s] -- Up-to-date: /home/fayez/ros2_ws/install/pubsub_demo/share/pubsub_demo/cmake/ament_cmake_export_targets-extras.cmake
[0.814s] -- Up-to-date: /home/fayez/ros2_ws/install/pubsub_demo/share/pubsub_demo/cmake/rosidl_cmake_export_typesupport_targets-extras.cmake
[0.814s] -- Up-to-date: /home/fayez/ros2_ws/install/pubsub_demo/share/pubsub_demo/cmake/rosidl_cmake_export_typesupport_libraries-extras.cmake
[0.815s] -- Up-to-date: /home/fayez/ros2_ws/install/pubsub_demo/share/pubsub_demo/cmake/pubsub_demoConfig.cmake
[0.815s] -- Up-to-date: /home/fayez/ros2_ws/install/pubsub_demo/share/pubsub_demo/cmake/pubsub_demoConfig-version.cmake
[0.815s] -- Up-to-date: /home/fayez/ros2_ws/install/pubsub_demo/share/pubsub_demo/package.xml
[0.816s] Invoked command in '/home/fayez/ros2_ws/build/pubsub_demo' returned '0': CMAKE_PREFIX_PATH=${CMAKE_PREFIX_PATH}:/home/fayez/ros2_ws/install/formation_saha_barhoum:/opt/ros/rolling /usr/bin/cmake --install /home/fayez/ros2_ws/build/pubsub_demo
