[0.253s] DEBUG:colcon:Command line arguments: ['/usr/bin/colcon', 'build']
[0.253s] DEBUG:colcon:Parsed command line arguments: Namespace(log_base=None, log_level=None, verb_name='build', build_base='build', install_base='install', merge_install=False, symlink_install=False, test_result_base=None, continue_on_error=False, executor='parallel', parallel_workers=20, event_handlers=None, ignore_user_meta=False, metas=['./colcon.meta'], base_paths=['.'], packages_ignore=None, packages_ignore_regex=None, paths=None, packages_up_to=None, packages_up_to_regex=None, packages_above=None, packages_above_and_dependencies=None, packages_above_depth=None, packages_select_by_dep=None, packages_skip_by_dep=None, packages_skip_up_to=None, packages_select_build_failed=False, packages_skip_build_finished=False, packages_select_test_failures=False, packages_skip_test_passed=False, packages_select=None, packages_skip=None, packages_select_regex=None, packages_skip_regex=None, packages_start=None, packages_end=None, allow_overriding=[], cmake_args=None, cmake_target=None, cmake_target_skip_unavailable=False, cmake_clean_cache=False, cmake_clean_first=False, cmake_force_configure=False, ament_cmake_args=None, catkin_cmake_args=None, catkin_skip_building_tests=False, verb_parser=<colcon_defaults.argument_parser.defaults.DefaultArgumentsDecorator object at 0x7f50a3219f40>, verb_extension=<colcon_core.verb.build.BuildVerb object at 0x7f50a3219640>, main=<bound method BuildVerb.main of <colcon_core.verb.build.BuildVerb object at 0x7f50a3219640>>)
[0.329s] Level 1:colcon.colcon_core.package_discovery:discover_packages(colcon_meta) check parameters
[0.329s] Level 1:colcon.colcon_core.package_discovery:discover_packages(recursive) check parameters
[0.329s] Level 1:colcon.colcon_core.package_discovery:discover_packages(ignore) check parameters
[0.329s] Level 1:colcon.colcon_core.package_discovery:discover_packages(path) check parameters
[0.329s] Level 1:colcon.colcon_core.package_discovery:discover_packages(colcon_meta) discover
[0.329s] Level 1:colcon.colcon_core.package_discovery:discover_packages(recursive) discover
[0.329s] INFO:colcon.colcon_core.package_discovery:Crawling recursively for packages in '/home/fayez/ros2_ws'
[0.329s] Level 1:colcon.colcon_core.package_identification:_identify(.) by extensions ['ignore', 'ignore_ament_install']
[0.329s] Level 1:colcon.colcon_core.package_identification:_identify(.) by extension 'ignore'
[0.330s] Level 1:colcon.colcon_core.package_identification:_identify(.) by extension 'ignore_ament_install'
[0.330s] Level 1:colcon.colcon_core.package_identification:_identify(.) by extensions ['colcon_pkg']
[0.330s] Level 1:colcon.colcon_core.package_identification:_identify(.) by extension 'colcon_pkg'
[0.330s] Level 1:colcon.colcon_core.package_identification:_identify(.) by extensions ['colcon_meta']
[0.330s] Level 1:colcon.colcon_core.package_identification:_identify(.) by extension 'colcon_meta'
[0.330s] Level 1:colcon.colcon_core.package_identification:_identify(.) by extensions ['ros']
[0.330s] Level 1:colcon.colcon_core.package_identification:_identify(.) by extension 'ros'
[0.378s] Level 1:colcon.colcon_core.package_identification:_identify(.) by extensions ['cmake', 'python']
[0.378s] Level 1:colcon.colcon_core.package_identification:_identify(.) by extension 'cmake'
[0.378s] Level 1:colcon.colcon_core.package_identification:_identify(.) by extension 'python'
[0.378s] Level 1:colcon.colcon_core.package_identification:_identify(.) by extensions ['python_setup_py']
[0.378s] Level 1:colcon.colcon_core.package_identification:_identify(.) by extension 'python_setup_py'
[0.379s] Level 1:colcon.colcon_core.package_identification:_identify(build) by extensions ['ignore', 'ignore_ament_install']
[0.379s] Level 1:colcon.colcon_core.package_identification:_identify(build) by extension 'ignore'
[0.379s] Level 1:colcon.colcon_core.package_identification:_identify(build) ignored
[0.380s] Level 1:colcon.colcon_core.package_identification:_identify(install) by extensions ['ignore', 'ignore_ament_install']
[0.380s] Level 1:colcon.colcon_core.package_identification:_identify(install) by extension 'ignore'
[0.380s] Level 1:colcon.colcon_core.package_identification:_identify(install) ignored
[0.380s] Level 1:colcon.colcon_core.package_identification:_identify(log) by extensions ['ignore', 'ignore_ament_install']
[0.380s] Level 1:colcon.colcon_core.package_identification:_identify(log) by extension 'ignore'
[0.380s] Level 1:colcon.colcon_core.package_identification:_identify(log) ignored
[0.380s] Level 1:colcon.colcon_core.package_identification:_identify(src) by extensions ['ignore', 'ignore_ament_install']
[0.380s] Level 1:colcon.colcon_core.package_identification:_identify(src) by extension 'ignore'
[0.380s] Level 1:colcon.colcon_core.package_identification:_identify(src) by extension 'ignore_ament_install'
[0.380s] Level 1:colcon.colcon_core.package_identification:_identify(src) by extensions ['colcon_pkg']
[0.380s] Level 1:colcon.colcon_core.package_identification:_identify(src) by extension 'colcon_pkg'
[0.380s] Level 1:colcon.colcon_core.package_identification:_identify(src) by extensions ['colcon_meta']
[0.380s] Level 1:colcon.colcon_core.package_identification:_identify(src) by extension 'colcon_meta'
[0.380s] Level 1:colcon.colcon_core.package_identification:_identify(src) by extensions ['ros']
[0.380s] Level 1:colcon.colcon_core.package_identification:_identify(src) by extension 'ros'
[0.380s] Level 1:colcon.colcon_core.package_identification:_identify(src) by extensions ['cmake', 'python']
[0.380s] Level 1:colcon.colcon_core.package_identification:_identify(src) by extension 'cmake'
[0.380s] Level 1:colcon.colcon_core.package_identification:_identify(src) by extension 'python'
[0.380s] Level 1:colcon.colcon_core.package_identification:_identify(src) by extensions ['python_setup_py']
[0.380s] Level 1:colcon.colcon_core.package_identification:_identify(src) by extension 'python_setup_py'
[0.380s] Level 1:colcon.colcon_core.package_identification:_identify(src/pubsub_demo) by extensions ['ignore', 'ignore_ament_install']
[0.380s] Level 1:colcon.colcon_core.package_identification:_identify(src/pubsub_demo) by extension 'ignore'
[0.381s] Level 1:colcon.colcon_core.package_identification:_identify(src/pubsub_demo) by extension 'ignore_ament_install'
[0.381s] Level 1:colcon.colcon_core.package_identification:_identify(src/pubsub_demo) by extensions ['colcon_pkg']
[0.381s] Level 1:colcon.colcon_core.package_identification:_identify(src/pubsub_demo) by extension 'colcon_pkg'
[0.381s] Level 1:colcon.colcon_core.package_identification:_identify(src/pubsub_demo) by extensions ['colcon_meta']
[0.381s] Level 1:colcon.colcon_core.package_identification:_identify(src/pubsub_demo) by extension 'colcon_meta'
[0.381s] Level 1:colcon.colcon_core.package_identification:_identify(src/pubsub_demo) by extensions ['ros']
[0.381s] Level 1:colcon.colcon_core.package_identification:_identify(src/pubsub_demo) by extension 'ros'
[0.389s] DEBUG:colcon.colcon_core.package_identification:Package 'src/pubsub_demo' with type 'ros.ament_cmake' and name 'pubsub_demo'
[0.389s] Level 1:colcon.colcon_core.package_discovery:discover_packages(recursive) using defaults
[0.389s] Level 1:colcon.colcon_core.package_discovery:discover_packages(ignore) discover
[0.389s] Level 1:colcon.colcon_core.package_discovery:discover_packages(ignore) using defaults
[0.389s] Level 1:colcon.colcon_core.package_discovery:discover_packages(path) discover
[0.389s] Level 1:colcon.colcon_core.package_discovery:discover_packages(path) using defaults
[0.426s] Level 1:colcon.colcon_core.package_discovery:discover_packages(prefix_path) check parameters
[0.426s] Level 1:colcon.colcon_core.package_discovery:discover_packages(prefix_path) discover
[0.432s] DEBUG:colcon.colcon_installed_package_information.package_discovery:Found 286 installed packages in /opt/ros/rolling
[0.433s] Level 1:colcon.colcon_core.package_discovery:discover_packages(prefix_path) using defaults
[0.461s] Level 5:colcon.colcon_core.verb:set package 'pubsub_demo' build argument 'cmake_args' from command line to 'None'
[0.461s] Level 5:colcon.colcon_core.verb:set package 'pubsub_demo' build argument 'cmake_target' from command line to 'None'
[0.461s] Level 5:colcon.colcon_core.verb:set package 'pubsub_demo' build argument 'cmake_target_skip_unavailable' from command line to 'False'
[0.461s] Level 5:colcon.colcon_core.verb:set package 'pubsub_demo' build argument 'cmake_clean_cache' from command line to 'False'
[0.461s] Level 5:colcon.colcon_core.verb:set package 'pubsub_demo' build argument 'cmake_clean_first' from command line to 'False'
[0.461s] Level 5:colcon.colcon_core.verb:set package 'pubsub_demo' build argument 'cmake_force_configure' from command line to 'False'
[0.461s] Level 5:colcon.colcon_core.verb:set package 'pubsub_demo' build argument 'ament_cmake_args' from command line to 'None'
[0.461s] Level 5:colcon.colcon_core.verb:set package 'pubsub_demo' build argument 'catkin_cmake_args' from command line to 'None'
[0.461s] Level 5:colcon.colcon_core.verb:set package 'pubsub_demo' build argument 'catkin_skip_building_tests' from command line to 'False'
[0.461s] DEBUG:colcon.colcon_core.verb:Building package 'pubsub_demo' with the following arguments: {'ament_cmake_args': None, 'build_base': '/home/fayez/ros2_ws/build/pubsub_demo', 'catkin_cmake_args': None, 'catkin_skip_building_tests': False, 'cmake_args': None, 'cmake_clean_cache': False, 'cmake_clean_first': False, 'cmake_force_configure': False, 'cmake_target': None, 'cmake_target_skip_unavailable': False, 'install_base': '/home/fayez/ros2_ws/install/pubsub_demo', 'merge_install': False, 'path': '/home/fayez/ros2_ws/src/pubsub_demo', 'symlink_install': False, 'test_result_base': None}
[0.461s] INFO:colcon.colcon_core.executor:Executing jobs using 'parallel' executor
[0.462s] DEBUG:colcon.colcon_parallel_executor.executor.parallel:run_until_complete
[0.462s] INFO:colcon.colcon_ros.task.ament_cmake.build:Building ROS package in '/home/fayez/ros2_ws/src/pubsub_demo' with build type 'ament_cmake'
[0.462s] INFO:colcon.colcon_cmake.task.cmake.build:Building CMake package in '/home/fayez/ros2_ws/src/pubsub_demo'
[0.472s] INFO:colcon.colcon_core.plugin_system:Skipping extension 'colcon_core.shell.bat': Not used on non-Windows systems
[0.472s] INFO:colcon.colcon_core.shell:Skip shell extension 'powershell' for command environment: Not usable outside of PowerShell
[0.472s] DEBUG:colcon.colcon_core.shell:Skip shell extension 'dsv' for command environment
[0.482s] DEBUG:colcon.colcon_core.event_handler.log_command:Invoking command in '/home/fayez/ros2_ws/build/pubsub_demo': CMAKE_PREFIX_PATH=${CMAKE_PREFIX_PATH}:/opt/ros/rolling /usr/bin/cmake --build /home/fayez/ros2_ws/build/pubsub_demo -- -j20 -l20
[0.935s] DEBUG:colcon.colcon_core.event_handler.log_command:Invoked command in '/home/fayez/ros2_ws/build/pubsub_demo' returned '0': CMAKE_PREFIX_PATH=${CMAKE_PREFIX_PATH}:/opt/ros/rolling /usr/bin/cmake --build /home/fayez/ros2_ws/build/pubsub_demo -- -j20 -l20
[0.944s] DEBUG:colcon.colcon_core.event_handler.log_command:Invoking command in '/home/fayez/ros2_ws/build/pubsub_demo': CMAKE_PREFIX_PATH=${CMAKE_PREFIX_PATH}:/opt/ros/rolling /usr/bin/cmake --install /home/fayez/ros2_ws/build/pubsub_demo
[1.012s] Level 1:colcon.colcon_core.environment:create_environment_scripts_only(pubsub_demo)
[1.013s] DEBUG:colcon.colcon_core.event_handler.log_command:Invoked command in '/home/fayez/ros2_ws/build/pubsub_demo' returned '0': CMAKE_PREFIX_PATH=${CMAKE_PREFIX_PATH}:/opt/ros/rolling /usr/bin/cmake --install /home/fayez/ros2_ws/build/pubsub_demo
[1.018s] Level 1:colcon.colcon_core.environment:checking '/home/fayez/ros2_ws/install/pubsub_demo' for CMake module files
[1.019s] Level 1:colcon.colcon_core.environment:checking '/home/fayez/ros2_ws/install/pubsub_demo' for CMake config files
[1.024s] Level 1:colcon.colcon_core.shell:create_environment_hook('pubsub_demo', 'cmake_prefix_path')
[1.024s] INFO:colcon.colcon_core.shell:Creating environment hook '/home/fayez/ros2_ws/install/pubsub_demo/share/pubsub_demo/hook/cmake_prefix_path.ps1'
[1.025s] INFO:colcon.colcon_core.shell:Creating environment descriptor '/home/fayez/ros2_ws/install/pubsub_demo/share/pubsub_demo/hook/cmake_prefix_path.dsv'
[1.025s] INFO:colcon.colcon_core.shell:Creating environment hook '/home/fayez/ros2_ws/install/pubsub_demo/share/pubsub_demo/hook/cmake_prefix_path.sh'
[1.026s] Level 1:colcon.colcon_core.environment:checking '/home/fayez/ros2_ws/install/pubsub_demo/lib'
[1.026s] Level 1:colcon.colcon_core.shell:create_environment_hook('pubsub_demo', 'ld_library_path_lib')
[1.026s] INFO:colcon.colcon_core.shell:Creating environment hook '/home/fayez/ros2_ws/install/pubsub_demo/share/pubsub_demo/hook/ld_library_path_lib.ps1'
[1.027s] INFO:colcon.colcon_core.shell:Creating environment descriptor '/home/fayez/ros2_ws/install/pubsub_demo/share/pubsub_demo/hook/ld_library_path_lib.dsv'
[1.027s] INFO:colcon.colcon_core.shell:Creating environment hook '/home/fayez/ros2_ws/install/pubsub_demo/share/pubsub_demo/hook/ld_library_path_lib.sh'
[1.027s] Level 1:colcon.colcon_core.environment:checking '/home/fayez/ros2_ws/install/pubsub_demo/bin'
[1.027s] Level 1:colcon.colcon_core.environment:checking '/home/fayez/ros2_ws/install/pubsub_demo/lib/pkgconfig/pubsub_demo.pc'
[1.027s] Level 1:colcon.colcon_core.environment:checking '/home/fayez/ros2_ws/install/pubsub_demo/lib/python3.12/site-packages'
[1.027s] Level 1:colcon.colcon_core.shell:create_environment_hook('pubsub_demo', 'pythonpath')
[1.027s] INFO:colcon.colcon_core.shell:Creating environment hook '/home/fayez/ros2_ws/install/pubsub_demo/share/pubsub_demo/hook/pythonpath.ps1'
[1.028s] INFO:colcon.colcon_core.shell:Creating environment descriptor '/home/fayez/ros2_ws/install/pubsub_demo/share/pubsub_demo/hook/pythonpath.dsv'
[1.028s] INFO:colcon.colcon_core.shell:Creating environment hook '/home/fayez/ros2_ws/install/pubsub_demo/share/pubsub_demo/hook/pythonpath.sh'
[1.028s] Level 1:colcon.colcon_core.environment:checking '/home/fayez/ros2_ws/install/pubsub_demo/bin'
[1.028s] INFO:colcon.colcon_core.shell:Creating package script '/home/fayez/ros2_ws/install/pubsub_demo/share/pubsub_demo/package.ps1'
[1.029s] INFO:colcon.colcon_core.shell:Creating package descriptor '/home/fayez/ros2_ws/install/pubsub_demo/share/pubsub_demo/package.dsv'
[1.030s] INFO:colcon.colcon_core.shell:Creating package script '/home/fayez/ros2_ws/install/pubsub_demo/share/pubsub_demo/package.sh'
[1.030s] INFO:colcon.colcon_core.shell:Creating package script '/home/fayez/ros2_ws/install/pubsub_demo/share/pubsub_demo/package.bash'
[1.032s] INFO:colcon.colcon_core.shell:Creating package script '/home/fayez/ros2_ws/install/pubsub_demo/share/pubsub_demo/package.zsh'
[1.032s] Level 1:colcon.colcon_core.environment:create_file_with_runtime_dependencies(/home/fayez/ros2_ws/install/pubsub_demo/share/colcon-core/packages/pubsub_demo)
[1.033s] Level 1:colcon.colcon_core.environment:create_environment_scripts_only(pubsub_demo)
[1.033s] Level 1:colcon.colcon_core.environment:checking '/home/fayez/ros2_ws/install/pubsub_demo' for CMake module files
[1.033s] Level 1:colcon.colcon_core.environment:checking '/home/fayez/ros2_ws/install/pubsub_demo' for CMake config files
[1.033s] Level 1:colcon.colcon_core.shell:create_environment_hook('pubsub_demo', 'cmake_prefix_path')
[1.033s] INFO:colcon.colcon_core.shell:Creating environment hook '/home/fayez/ros2_ws/install/pubsub_demo/share/pubsub_demo/hook/cmake_prefix_path.ps1'
[1.034s] INFO:colcon.colcon_core.shell:Creating environment descriptor '/home/fayez/ros2_ws/install/pubsub_demo/share/pubsub_demo/hook/cmake_prefix_path.dsv'
[1.034s] INFO:colcon.colcon_core.shell:Creating environment hook '/home/fayez/ros2_ws/install/pubsub_demo/share/pubsub_demo/hook/cmake_prefix_path.sh'
[1.034s] Level 1:colcon.colcon_core.environment:checking '/home/fayez/ros2_ws/install/pubsub_demo/lib'
[1.034s] Level 1:colcon.colcon_core.shell:create_environment_hook('pubsub_demo', 'ld_library_path_lib')
[1.034s] INFO:colcon.colcon_core.shell:Creating environment hook '/home/fayez/ros2_ws/install/pubsub_demo/share/pubsub_demo/hook/ld_library_path_lib.ps1'
[1.035s] INFO:colcon.colcon_core.shell:Creating environment descriptor '/home/fayez/ros2_ws/install/pubsub_demo/share/pubsub_demo/hook/ld_library_path_lib.dsv'
[1.035s] INFO:colcon.colcon_core.shell:Creating environment hook '/home/fayez/ros2_ws/install/pubsub_demo/share/pubsub_demo/hook/ld_library_path_lib.sh'
[1.035s] Level 1:colcon.colcon_core.environment:checking '/home/fayez/ros2_ws/install/pubsub_demo/bin'
[1.035s] Level 1:colcon.colcon_core.environment:checking '/home/fayez/ros2_ws/install/pubsub_demo/lib/pkgconfig/pubsub_demo.pc'
[1.035s] Level 1:colcon.colcon_core.environment:checking '/home/fayez/ros2_ws/install/pubsub_demo/lib/python3.12/site-packages'
[1.035s] Level 1:colcon.colcon_core.shell:create_environment_hook('pubsub_demo', 'pythonpath')
[1.035s] INFO:colcon.colcon_core.shell:Creating environment hook '/home/fayez/ros2_ws/install/pubsub_demo/share/pubsub_demo/hook/pythonpath.ps1'
[1.036s] INFO:colcon.colcon_core.shell:Creating environment descriptor '/home/fayez/ros2_ws/install/pubsub_demo/share/pubsub_demo/hook/pythonpath.dsv'
[1.036s] INFO:colcon.colcon_core.shell:Creating environment hook '/home/fayez/ros2_ws/install/pubsub_demo/share/pubsub_demo/hook/pythonpath.sh'
[1.036s] Level 1:colcon.colcon_core.environment:checking '/home/fayez/ros2_ws/install/pubsub_demo/bin'
[1.036s] INFO:colcon.colcon_core.shell:Creating package script '/home/fayez/ros2_ws/install/pubsub_demo/share/pubsub_demo/package.ps1'
[1.036s] INFO:colcon.colcon_core.shell:Creating package descriptor '/home/fayez/ros2_ws/install/pubsub_demo/share/pubsub_demo/package.dsv'
[1.037s] INFO:colcon.colcon_core.shell:Creating package script '/home/fayez/ros2_ws/install/pubsub_demo/share/pubsub_demo/package.sh'
[1.037s] INFO:colcon.colcon_core.shell:Creating package script '/home/fayez/ros2_ws/install/pubsub_demo/share/pubsub_demo/package.bash'
[1.037s] INFO:colcon.colcon_core.shell:Creating package script '/home/fayez/ros2_ws/install/pubsub_demo/share/pubsub_demo/package.zsh'
[1.037s] Level 1:colcon.colcon_core.environment:create_file_with_runtime_dependencies(/home/fayez/ros2_ws/install/pubsub_demo/share/colcon-core/packages/pubsub_demo)
[1.038s] DEBUG:colcon.colcon_parallel_executor.executor.parallel:closing loop
[1.038s] DEBUG:colcon.colcon_parallel_executor.executor.parallel:loop closed
[1.038s] DEBUG:colcon.colcon_parallel_executor.executor.parallel:run_until_complete finished with '0'
[1.038s] DEBUG:colcon.colcon_core.event_reactor:joining thread
[1.052s] INFO:colcon.colcon_core.plugin_system:Skipping extension 'colcon_notification.desktop_notification.terminal_notifier': Not used on non-Darwin systems
[1.052s] INFO:colcon.colcon_core.plugin_system:Skipping extension 'colcon_notification.desktop_notification.win32': Not used on non-Windows systems
[1.052s] INFO:colcon.colcon_notification.desktop_notification:Sending desktop notification using 'notify2'
[1.055s] DEBUG:colcon.colcon_notification.desktop_notification.notify2:Failed to initialize notify2: org.freedesktop.DBus.Error.ServiceUnknown: The name org.freedesktop.Notifications was not provided by any .service files
[1.055s] DEBUG:colcon.colcon_core.event_reactor:joined thread
[1.055s] INFO:colcon.colcon_core.shell:Creating prefix script '/home/fayez/ros2_ws/install/local_setup.ps1'
[1.056s] INFO:colcon.colcon_core.shell:Creating prefix util module '/home/fayez/ros2_ws/install/_local_setup_util_ps1.py'
[1.057s] INFO:colcon.colcon_core.shell:Creating prefix chain script '/home/fayez/ros2_ws/install/setup.ps1'
[1.058s] INFO:colcon.colcon_core.shell:Creating prefix script '/home/fayez/ros2_ws/install/local_setup.sh'
[1.058s] INFO:colcon.colcon_core.shell:Creating prefix util module '/home/fayez/ros2_ws/install/_local_setup_util_sh.py'
[1.059s] INFO:colcon.colcon_core.shell:Creating prefix chain script '/home/fayez/ros2_ws/install/setup.sh'
[1.059s] INFO:colcon.colcon_core.shell:Creating prefix script '/home/fayez/ros2_ws/install/local_setup.bash'
[1.060s] INFO:colcon.colcon_core.shell:Creating prefix chain script '/home/fayez/ros2_ws/install/setup.bash'
[1.061s] INFO:colcon.colcon_core.shell:Creating prefix script '/home/fayez/ros2_ws/install/local_setup.zsh'
[1.061s] INFO:colcon.colcon_core.shell:Creating prefix chain script '/home/fayez/ros2_ws/install/setup.zsh'
